<?xml version="1.0" encoding="UTF-8"?>
<testsuite xmlns:xsi="http://www.w3.org/2001/XMLSchema-instance" xsi:noNamespaceSchemaLocation="https://maven.apache.org/surefire/maven-surefire-plugin/xsd/surefire-test-report-3.0.xsd" version="3.0" name="TestSuite" time="189.502" tests="2" errors="0" skipped="0" failures="0">
  <properties>
    <property name="java.specification.version" value="15"/>
    <property name="sun.cpu.isalist" value="amd64"/>
    <property name="sun.jnu.encoding" value="Cp1252"/>
    <property name="java.class.path" value="C:\Users\Rafael\IdeaProjects\TestNGAppiumFramework\target\test-classes;C:\Users\Rafael\IdeaProjects\TestNGAppiumFramework\target\classes;C:\Users\Rafael\.m2\repository\io\appium\java-client\8.5.0\java-client-8.5.0.jar;C:\Users\Rafael\.m2\repository\org\seleniumhq\selenium\selenium-api\4.11.0\selenium-api-4.11.0.jar;C:\Users\Rafael\.m2\repository\org\seleniumhq\selenium\selenium-remote-driver\4.11.0\selenium-remote-driver-4.11.0.jar;C:\Users\Rafael\.m2\repository\com\google\auto\service\auto-service-annotations\1.0.1\auto-service-annotations-1.0.1.jar;C:\Users\Rafael\.m2\repository\com\google\guava\guava\31.1-jre\guava-31.1-jre.jar;C:\Users\Rafael\.m2\repository\com\google\guava\failureaccess\1.0.1\failureaccess-1.0.1.jar;C:\Users\Rafael\.m2\repository\com\google\guava\listenablefuture\9999.0-empty-to-avoid-conflict-with-guava\listenablefuture-9999.0-empty-to-avoid-conflict-with-guava.jar;C:\Users\Rafael\.m2\repository\com\google\code\findbugs\jsr305\3.0.2\jsr305-3.0.2.jar;C:\Users\Rafael\.m2\repository\org\checkerframework\checker-qual\3.12.0\checker-qual-3.12.0.jar;C:\Users\Rafael\.m2\repository\com\google\errorprone\error_prone_annotations\2.11.0\error_prone_annotations-2.11.0.jar;C:\Users\Rafael\.m2\repository\com\google\j2objc\j2objc-annotations\1.3\j2objc-annotations-1.3.jar;C:\Users\Rafael\.m2\repository\io\netty\netty-buffer\4.1.92.Final\netty-buffer-4.1.92.Final.jar;C:\Users\Rafael\.m2\repository\io\netty\netty-codec-http\4.1.92.Final\netty-codec-http-4.1.92.Final.jar;C:\Users\Rafael\.m2\repository\io\netty\netty-codec\4.1.92.Final\netty-codec-4.1.92.Final.jar;C:\Users\Rafael\.m2\repository\io\netty\netty-handler\4.1.92.Final\netty-handler-4.1.92.Final.jar;C:\Users\Rafael\.m2\repository\io\netty\netty-common\4.1.92.Final\netty-common-4.1.92.Final.jar;C:\Users\Rafael\.m2\repository\io\netty\netty-transport-classes-epoll\4.1.92.Final\netty-transport-classes-epoll-4.1.92.Final.jar;C:\Users\Rafael\.m2\repository\io\netty\netty-transport-classes-kqueue\4.1.92.Final\netty-transport-classes-kqueue-4.1.92.Final.jar;C:\Users\Rafael\.m2\repository\io\netty\netty-transport-native-epoll\4.1.92.Final\netty-transport-native-epoll-4.1.92.Final.jar;C:\Users\Rafael\.m2\repository\io\netty\netty-transport-native-kqueue\4.1.92.Final\netty-transport-native-kqueue-4.1.92.Final.jar;C:\Users\Rafael\.m2\repository\io\netty\netty-transport-native-unix-common\4.1.92.Final\netty-transport-native-unix-common-4.1.92.Final.jar;C:\Users\Rafael\.m2\repository\io\netty\netty-transport\4.1.92.Final\netty-transport-4.1.92.Final.jar;C:\Users\Rafael\.m2\repository\io\netty\netty-resolver\4.1.92.Final\netty-resolver-4.1.92.Final.jar;C:\Users\Rafael\.m2\repository\io\opentelemetry\opentelemetry-api\1.26.0\opentelemetry-api-1.26.0.jar;C:\Users\Rafael\.m2\repository\io\opentelemetry\opentelemetry-context\1.26.0\opentelemetry-context-1.26.0.jar;C:\Users\Rafael\.m2\repository\io\opentelemetry\opentelemetry-exporter-logging\1.26.0\opentelemetry-exporter-logging-1.26.0.jar;C:\Users\Rafael\.m2\repository\io\opentelemetry\opentelemetry-sdk-metrics\1.26.0\opentelemetry-sdk-metrics-1.26.0.jar;C:\Users\Rafael\.m2\repository\io\opentelemetry\opentelemetry-extension-incubator\1.26.0-alpha\opentelemetry-extension-incubator-1.26.0-alpha.jar;C:\Users\Rafael\.m2\repository\io\opentelemetry\opentelemetry-sdk-logs\1.26.0-alpha\opentelemetry-sdk-logs-1.26.0-alpha.jar;C:\Users\Rafael\.m2\repository\io\opentelemetry\opentelemetry-api-logs\1.26.0-alpha\opentelemetry-api-logs-1.26.0-alpha.jar;C:\Users\Rafael\.m2\repository\io\opentelemetry\opentelemetry-api-events\1.26.0-alpha\opentelemetry-api-events-1.26.0-alpha.jar;C:\Users\Rafael\.m2\repository\io\opentelemetry\opentelemetry-sdk-common\1.26.0\opentelemetry-sdk-common-1.26.0.jar;C:\Users\Rafael\.m2\repository\io\opentelemetry\opentelemetry-sdk-extension-autoconfigure-spi\1.26.0\opentelemetry-sdk-extension-autoconfigure-spi-1.26.0.jar;C:\Users\Rafael\.m2\repository\io\opentelemetry\opentelemetry-sdk-extension-autoconfigure\1.26.0-alpha\opentelemetry-sdk-extension-autoconfigure-1.26.0-alpha.jar;C:\Users\Rafael\.m2\repository\io\opentelemetry\opentelemetry-sdk-trace\1.26.0\opentelemetry-sdk-trace-1.26.0.jar;C:\Users\Rafael\.m2\repository\io\opentelemetry\opentelemetry-sdk\1.26.0\opentelemetry-sdk-1.26.0.jar;C:\Users\Rafael\.m2\repository\io\opentelemetry\opentelemetry-semconv\1.26.0-alpha\opentelemetry-semconv-1.26.0-alpha.jar;C:\Users\Rafael\.m2\repository\net\bytebuddy\byte-buddy\1.14.4\byte-buddy-1.14.4.jar;C:\Users\Rafael\.m2\repository\org\apache\commons\commons-exec\1.3\commons-exec-1.3.jar;C:\Users\Rafael\.m2\repository\org\asynchttpclient\async-http-client\2.12.3\async-http-client-2.12.3.jar;C:\Users\Rafael\.m2\repository\org\asynchttpclient\async-http-client-netty-utils\2.12.3\async-http-client-netty-utils-2.12.3.jar;C:\Users\Rafael\.m2\repository\io\netty\netty-codec-socks\4.1.60.Final\netty-codec-socks-4.1.60.Final.jar;C:\Users\Rafael\.m2\repository\io\netty\netty-handler-proxy\4.1.60.Final\netty-handler-proxy-4.1.60.Final.jar;C:\Users\Rafael\.m2\repository\io\netty\netty-transport-native-epoll\4.1.60.Final\netty-transport-native-epoll-4.1.60.Final-linux-x86_64.jar;C:\Users\Rafael\.m2\repository\io\netty\netty-transport-native-kqueue\4.1.60.Final\netty-transport-native-kqueue-4.1.60.Final-osx-x86_64.jar;C:\Users\Rafael\.m2\repository\org\reactivestreams\reactive-streams\1.0.3\reactive-streams-1.0.3.jar;C:\Users\Rafael\.m2\repository\com\typesafe\netty\netty-reactive-streams\2.0.4\netty-reactive-streams-2.0.4.jar;C:\Users\Rafael\.m2\repository\com\sun\activation\jakarta.activation\1.2.2\jakarta.activation-1.2.2.jar;C:\Users\Rafael\.m2\repository\org\seleniumhq\selenium\selenium-http\4.11.0\selenium-http-4.11.0.jar;C:\Users\Rafael\.m2\repository\dev\failsafe\failsafe\3.3.1\failsafe-3.3.1.jar;C:\Users\Rafael\.m2\repository\org\seleniumhq\selenium\selenium-json\4.11.0\selenium-json-4.11.0.jar;C:\Users\Rafael\.m2\repository\org\seleniumhq\selenium\selenium-manager\4.11.0\selenium-manager-4.11.0.jar;C:\Users\Rafael\.m2\repository\org\seleniumhq\selenium\selenium-support\4.11.0\selenium-support-4.11.0.jar;C:\Users\Rafael\.m2\repository\com\google\code\gson\gson\2.10.1\gson-2.10.1.jar;C:\Users\Rafael\.m2\repository\cglib\cglib\3.3.0\cglib-3.3.0.jar;C:\Users\Rafael\.m2\repository\org\ow2\asm\asm\7.1\asm-7.1.jar;C:\Users\Rafael\.m2\repository\commons-validator\commons-validator\1.7\commons-validator-1.7.jar;C:\Users\Rafael\.m2\repository\commons-beanutils\commons-beanutils\1.9.4\commons-beanutils-1.9.4.jar;C:\Users\Rafael\.m2\repository\commons-digester\commons-digester\2.1\commons-digester-2.1.jar;C:\Users\Rafael\.m2\repository\commons-logging\commons-logging\1.2\commons-logging-1.2.jar;C:\Users\Rafael\.m2\repository\commons-collections\commons-collections\3.2.2\commons-collections-3.2.2.jar;C:\Users\Rafael\.m2\repository\org\apache\commons\commons-lang3\3.12.0\commons-lang3-3.12.0.jar;C:\Users\Rafael\.m2\repository\commons-io\commons-io\2.11.0\commons-io-2.11.0.jar;C:\Users\Rafael\.m2\repository\org\slf4j\slf4j-api\2.0.7\slf4j-api-2.0.7.jar;C:\Users\Rafael\.m2\repository\org\testng\testng\7.8.0\testng-7.8.0.jar;C:\Users\Rafael\.m2\repository\com\beust\jcommander\1.82\jcommander-1.82.jar;C:\Users\Rafael\.m2\repository\org\webjars\jquery\3.6.1\jquery-3.6.1.jar;C:\Users\Rafael\.m2\repository\org\json\json\20230227\json-20230227.jar;C:\Users\Rafael\.m2\repository\org\apache\logging\log4j\log4j-core\2.20.0\log4j-core-2.20.0.jar;C:\Users\Rafael\.m2\repository\org\apache\logging\log4j\log4j-api\2.20.0\log4j-api-2.20.0.jar;"/>
    <property name="java.vm.vendor" value="Oracle Corporation"/>
    <property name="sun.arch.data.model" value="64"/>
    <property name="user.variant" value=""/>
    <property name="java.vendor.url" value="https://java.oracle.com/"/>
    <property name="user.timezone" value="America/Sao_Paulo"/>
    <property name="user.country.format" value="CV"/>
    <property name="os.name" value="Windows 10"/>
    <property name="java.vm.specification.version" value="15"/>
    <property name="sun.java.launcher" value="SUN_STANDARD"/>
    <property name="user.country" value="BR"/>
    <property name="sun.boot.library.path" value="C:\Program Files\Java\jdk-15.0.2\bin"/>
    <property name="sun.java.command" value="C:\Users\Rafael\AppData\Local\Temp\surefire6643725923685066901\surefirebooter-20230801102322673_3.jar C:\Users\Rafael\AppData\Local\Temp\surefire6643725923685066901 2023-08-01T10-23-22_461-jvmRun1 surefire-20230801102322673_1tmp surefire_0-20230801102322673_2tmp"/>
    <property name="jdk.debug" value="release"/>
    <property name="surefire.test.class.path" value="C:\Users\Rafael\IdeaProjects\TestNGAppiumFramework\target\test-classes;C:\Users\Rafael\IdeaProjects\TestNGAppiumFramework\target\classes;C:\Users\Rafael\.m2\repository\io\appium\java-client\8.5.0\java-client-8.5.0.jar;C:\Users\Rafael\.m2\repository\org\seleniumhq\selenium\selenium-api\4.11.0\selenium-api-4.11.0.jar;C:\Users\Rafael\.m2\repository\org\seleniumhq\selenium\selenium-remote-driver\4.11.0\selenium-remote-driver-4.11.0.jar;C:\Users\Rafael\.m2\repository\com\google\auto\service\auto-service-annotations\1.0.1\auto-service-annotations-1.0.1.jar;C:\Users\Rafael\.m2\repository\com\google\guava\guava\31.1-jre\guava-31.1-jre.jar;C:\Users\Rafael\.m2\repository\com\google\guava\failureaccess\1.0.1\failureaccess-1.0.1.jar;C:\Users\Rafael\.m2\repository\com\google\guava\listenablefuture\9999.0-empty-to-avoid-conflict-with-guava\listenablefuture-9999.0-empty-to-avoid-conflict-with-guava.jar;C:\Users\Rafael\.m2\repository\com\google\code\findbugs\jsr305\3.0.2\jsr305-3.0.2.jar;C:\Users\Rafael\.m2\repository\org\checkerframework\checker-qual\3.12.0\checker-qual-3.12.0.jar;C:\Users\Rafael\.m2\repository\com\google\errorprone\error_prone_annotations\2.11.0\error_prone_annotations-2.11.0.jar;C:\Users\Rafael\.m2\repository\com\google\j2objc\j2objc-annotations\1.3\j2objc-annotations-1.3.jar;C:\Users\Rafael\.m2\repository\io\netty\netty-buffer\4.1.92.Final\netty-buffer-4.1.92.Final.jar;C:\Users\Rafael\.m2\repository\io\netty\netty-codec-http\4.1.92.Final\netty-codec-http-4.1.92.Final.jar;C:\Users\Rafael\.m2\repository\io\netty\netty-codec\4.1.92.Final\netty-codec-4.1.92.Final.jar;C:\Users\Rafael\.m2\repository\io\netty\netty-handler\4.1.92.Final\netty-handler-4.1.92.Final.jar;C:\Users\Rafael\.m2\repository\io\netty\netty-common\4.1.92.Final\netty-common-4.1.92.Final.jar;C:\Users\Rafael\.m2\repository\io\netty\netty-transport-classes-epoll\4.1.92.Final\netty-transport-classes-epoll-4.1.92.Final.jar;C:\Users\Rafael\.m2\repository\io\netty\netty-transport-classes-kqueue\4.1.92.Final\netty-transport-classes-kqueue-4.1.92.Final.jar;C:\Users\Rafael\.m2\repository\io\netty\netty-transport-native-epoll\4.1.92.Final\netty-transport-native-epoll-4.1.92.Final.jar;C:\Users\Rafael\.m2\repository\io\netty\netty-transport-native-kqueue\4.1.92.Final\netty-transport-native-kqueue-4.1.92.Final.jar;C:\Users\Rafael\.m2\repository\io\netty\netty-transport-native-unix-common\4.1.92.Final\netty-transport-native-unix-common-4.1.92.Final.jar;C:\Users\Rafael\.m2\repository\io\netty\netty-transport\4.1.92.Final\netty-transport-4.1.92.Final.jar;C:\Users\Rafael\.m2\repository\io\netty\netty-resolver\4.1.92.Final\netty-resolver-4.1.92.Final.jar;C:\Users\Rafael\.m2\repository\io\opentelemetry\opentelemetry-api\1.26.0\opentelemetry-api-1.26.0.jar;C:\Users\Rafael\.m2\repository\io\opentelemetry\opentelemetry-context\1.26.0\opentelemetry-context-1.26.0.jar;C:\Users\Rafael\.m2\repository\io\opentelemetry\opentelemetry-exporter-logging\1.26.0\opentelemetry-exporter-logging-1.26.0.jar;C:\Users\Rafael\.m2\repository\io\opentelemetry\opentelemetry-sdk-metrics\1.26.0\opentelemetry-sdk-metrics-1.26.0.jar;C:\Users\Rafael\.m2\repository\io\opentelemetry\opentelemetry-extension-incubator\1.26.0-alpha\opentelemetry-extension-incubator-1.26.0-alpha.jar;C:\Users\Rafael\.m2\repository\io\opentelemetry\opentelemetry-sdk-logs\1.26.0-alpha\opentelemetry-sdk-logs-1.26.0-alpha.jar;C:\Users\Rafael\.m2\repository\io\opentelemetry\opentelemetry-api-logs\1.26.0-alpha\opentelemetry-api-logs-1.26.0-alpha.jar;C:\Users\Rafael\.m2\repository\io\opentelemetry\opentelemetry-api-events\1.26.0-alpha\opentelemetry-api-events-1.26.0-alpha.jar;C:\Users\Rafael\.m2\repository\io\opentelemetry\opentelemetry-sdk-common\1.26.0\opentelemetry-sdk-common-1.26.0.jar;C:\Users\Rafael\.m2\repository\io\opentelemetry\opentelemetry-sdk-extension-autoconfigure-spi\1.26.0\opentelemetry-sdk-extension-autoconfigure-spi-1.26.0.jar;C:\Users\Rafael\.m2\repository\io\opentelemetry\opentelemetry-sdk-extension-autoconfigure\1.26.0-alpha\opentelemetry-sdk-extension-autoconfigure-1.26.0-alpha.jar;C:\Users\Rafael\.m2\repository\io\opentelemetry\opentelemetry-sdk-trace\1.26.0\opentelemetry-sdk-trace-1.26.0.jar;C:\Users\Rafael\.m2\repository\io\opentelemetry\opentelemetry-sdk\1.26.0\opentelemetry-sdk-1.26.0.jar;C:\Users\Rafael\.m2\repository\io\opentelemetry\opentelemetry-semconv\1.26.0-alpha\opentelemetry-semconv-1.26.0-alpha.jar;C:\Users\Rafael\.m2\repository\net\bytebuddy\byte-buddy\1.14.4\byte-buddy-1.14.4.jar;C:\Users\Rafael\.m2\repository\org\apache\commons\commons-exec\1.3\commons-exec-1.3.jar;C:\Users\Rafael\.m2\repository\org\asynchttpclient\async-http-client\2.12.3\async-http-client-2.12.3.jar;C:\Users\Rafael\.m2\repository\org\asynchttpclient\async-http-client-netty-utils\2.12.3\async-http-client-netty-utils-2.12.3.jar;C:\Users\Rafael\.m2\repository\io\netty\netty-codec-socks\4.1.60.Final\netty-codec-socks-4.1.60.Final.jar;C:\Users\Rafael\.m2\repository\io\netty\netty-handler-proxy\4.1.60.Final\netty-handler-proxy-4.1.60.Final.jar;C:\Users\Rafael\.m2\repository\io\netty\netty-transport-native-epoll\4.1.60.Final\netty-transport-native-epoll-4.1.60.Final-linux-x86_64.jar;C:\Users\Rafael\.m2\repository\io\netty\netty-transport-native-kqueue\4.1.60.Final\netty-transport-native-kqueue-4.1.60.Final-osx-x86_64.jar;C:\Users\Rafael\.m2\repository\org\reactivestreams\reactive-streams\1.0.3\reactive-streams-1.0.3.jar;C:\Users\Rafael\.m2\repository\com\typesafe\netty\netty-reactive-streams\2.0.4\netty-reactive-streams-2.0.4.jar;C:\Users\Rafael\.m2\repository\com\sun\activation\jakarta.activation\1.2.2\jakarta.activation-1.2.2.jar;C:\Users\Rafael\.m2\repository\org\seleniumhq\selenium\selenium-http\4.11.0\selenium-http-4.11.0.jar;C:\Users\Rafael\.m2\repository\dev\failsafe\failsafe\3.3.1\failsafe-3.3.1.jar;C:\Users\Rafael\.m2\repository\org\seleniumhq\selenium\selenium-json\4.11.0\selenium-json-4.11.0.jar;C:\Users\Rafael\.m2\repository\org\seleniumhq\selenium\selenium-manager\4.11.0\selenium-manager-4.11.0.jar;C:\Users\Rafael\.m2\repository\org\seleniumhq\selenium\selenium-support\4.11.0\selenium-support-4.11.0.jar;C:\Users\Rafael\.m2\repository\com\google\code\gson\gson\2.10.1\gson-2.10.1.jar;C:\Users\Rafael\.m2\repository\cglib\cglib\3.3.0\cglib-3.3.0.jar;C:\Users\Rafael\.m2\repository\org\ow2\asm\asm\7.1\asm-7.1.jar;C:\Users\Rafael\.m2\repository\commons-validator\commons-validator\1.7\commons-validator-1.7.jar;C:\Users\Rafael\.m2\repository\commons-beanutils\commons-beanutils\1.9.4\commons-beanutils-1.9.4.jar;C:\Users\Rafael\.m2\repository\commons-digester\commons-digester\2.1\commons-digester-2.1.jar;C:\Users\Rafael\.m2\repository\commons-logging\commons-logging\1.2\commons-logging-1.2.jar;C:\Users\Rafael\.m2\repository\commons-collections\commons-collections\3.2.2\commons-collections-3.2.2.jar;C:\Users\Rafael\.m2\repository\org\apache\commons\commons-lang3\3.12.0\commons-lang3-3.12.0.jar;C:\Users\Rafael\.m2\repository\commons-io\commons-io\2.11.0\commons-io-2.11.0.jar;C:\Users\Rafael\.m2\repository\org\slf4j\slf4j-api\2.0.7\slf4j-api-2.0.7.jar;C:\Users\Rafael\.m2\repository\org\testng\testng\7.8.0\testng-7.8.0.jar;C:\Users\Rafael\.m2\repository\com\beust\jcommander\1.82\jcommander-1.82.jar;C:\Users\Rafael\.m2\repository\org\webjars\jquery\3.6.1\jquery-3.6.1.jar;C:\Users\Rafael\.m2\repository\org\json\json\20230227\json-20230227.jar;C:\Users\Rafael\.m2\repository\org\apache\logging\log4j\log4j-core\2.20.0\log4j-core-2.20.0.jar;C:\Users\Rafael\.m2\repository\org\apache\logging\log4j\log4j-api\2.20.0\log4j-api-2.20.0.jar;"/>
    <property name="sun.cpu.endian" value="little"/>
    <property name="user.home" value="C:\Users\Rafael"/>
    <property name="user.language" value="pt"/>
    <property name="java.specification.vendor" value="Oracle Corporation"/>
    <property name="java.version.date" value="2021-01-19"/>
    <property name="java.home" value="C:\Program Files\Java\jdk-15.0.2"/>
    <property name="file.separator" value="\"/>
    <property name="basedir" value="C:\Users\Rafael\IdeaProjects\TestNGAppiumFramework"/>
    <property name="java.vm.compressedOopsMode" value="Zero based"/>
    <property name="line.separator" value="&#10;"/>
    <property name="java.vm.specification.vendor" value="Oracle Corporation"/>
    <property name="java.specification.name" value="Java Platform API Specification"/>
    <property name="surefire.real.class.path" value="C:\Users\Rafael\AppData\Local\Temp\surefire6643725923685066901\surefirebooter-20230801102322673_3.jar"/>
    <property name="user.script" value=""/>
    <property name="sun.management.compiler" value="HotSpot 64-Bit Tiered Compilers"/>
    <property name="java.runtime.version" value="15.0.2+7-27"/>
    <property name="user.name" value="Rafael"/>
    <property name="path.separator" value=";"/>
    <property name="os.version" value="10.0"/>
    <property name="java.runtime.name" value="Java(TM) SE Runtime Environment"/>
    <property name="file.encoding" value="Cp1252"/>
    <property name="java.vm.name" value="Java HotSpot(TM) 64-Bit Server VM"/>
    <property name="localRepository" value="C:\Users\Rafael\.m2\repository"/>
    <property name="java.vendor.url.bug" value="https://bugreport.java.com/bugreport/"/>
    <property name="java.io.tmpdir" value="C:\Users\Rafael\AppData\Local\Temp\"/>
    <property name="java.version" value="15.0.2"/>
    <property name="user.dir" value="C:\Users\Rafael\IdeaProjects\TestNGAppiumFramework"/>
    <property name="os.arch" value="amd64"/>
    <property name="java.vm.specification.name" value="Java Virtual Machine Specification"/>
    <property name="sun.os.patch.level" value=""/>
    <property name="java.library.path" value="C:\Program Files\Java\jdk-15.0.2\bin;C:\WINDOWS\Sun\Java\bin;C:\WINDOWS\system32;C:\WINDOWS;D:\Git\mingw64\bin;D:\Git\usr\bin;C:\Users\Rafael\bin;C:\Program Files\Common Files\Oracle\Java\javapath;C:\Program Files (x86)\Common Files\Oracle\Java\javapath;C:\WINDOWS\system32;C:\WINDOWS;C:\WINDOWS\System32\Wbem;C:\WINDOWS\System32\WindowsPowerShell\v1.0;C:\WINDOWS\System32\OpenSSH;C:\Program Files\dotnet;C:\Maven\apache-maven-3.8.6;C:\Maven\apache-maven-3.8.6\bin;C:\Program Files\Java\jdk-15.0.2\bin;C:\Users\Rafael\Documents\Drivers;D:\Git\cmd;C:\Program Files\nodejs;D:\Android\Sdk\platform-tools;D:\Android\Sdk\cmdline-tools;C:\Users\Rafael\scoop\shims;C:\Users\Rafael\AppData\Local\Microsoft\WindowsApps;C:\Program Files\JetBrains\IntelliJ IDEA Community Edition 2021.1\bin;C:\Users\Rafael\AppData\Roaming\npm;."/>
    <property name="java.vm.info" value="mixed mode, sharing"/>
    <property name="java.vendor" value="Oracle Corporation"/>
    <property name="java.vm.version" value="15.0.2+7-27"/>
    <property name="sun.io.unicode.encoding" value="UnicodeLittle"/>
    <property name="java.class.version" value="59.0"/>
  </properties>
  <testcase name="validateProductOnProductDetailsPage" classname="tests.ProductTests" time="16.125">
    <system-out><![CDATA[&amp#27;[35m[Appium]&amp#27;[39m Welcome to Appium v2.0.0-beta.71
&amp#27;[35m[Appium]&amp#27;[39m Non-default server args:
&amp#27;[35m[Appium]&amp#27;[39m { sessionOverride: &amp#27;[33mtrue&amp#27;[39m }
&amp#27;[35m[Appium]&amp#27;[39m Attempting to load driver uiautomator2...
[debug] &amp#27;[35m[Appium]&amp#27;[39m Requiring driver at C:\Users\Rafael\.appium\node_modules\appium-uiautomator2-driver
&amp#27;[35m[Appium]&amp#27;[39m Appium REST http interface listener started on 0.0.0.0:4723
&amp#27;[35m[Appium]&amp#27;[39m Available drivers:
&amp#27;[35m[Appium]&amp#27;[39m   - uiautomator2@2.24.1 (automationName 'UiAutomator2')
&amp#27;[35m[Appium]&amp#27;[39m No plugins have been installed. Use the "appium plugin" command to install the one(s) you want to use.
&amp#27;[38;5;0m[HTTP]&amp#27;[0m &amp#27;[37m-->&amp#27;[39m &amp#27;[37mGET&amp#27;[39m &amp#27;[37m/status&amp#27;[39m
&amp#27;[38;5;0m[HTTP]&amp#27;[0m &amp#27;[90m{}&amp#27;[39m
[debug] &amp#27;[38;5;16m[AppiumDriver@207b]&amp#27;[0m Calling AppiumDriver.getStatus() with args: []
[debug] &amp#27;[38;5;16m[AppiumDriver@207b]&amp#27;[0m Responding to client with driver.getStatus() result: {"build":{"version":"2.0.0-beta.71"}}
&amp#27;[38;5;0m[HTTP]&amp#27;[0m &amp#27;[37m<-- GET /status &amp#27;[39m&amp#27;[32m200&amp#27;[39m &amp#27;[90m47 ms - 47&amp#27;[39m
&amp#27;[38;5;0m[HTTP]&amp#27;[0m &amp#27;[90m&amp#27;[39m
2023-08-01-10-25-28
[INFO ] 2023-08-01 10:25:28.774 BasePage:114 - This is a info message
[ERROR] 2023-08-01 10:25:28.778 BasePage:115 - This is a error message
[WARN ] 2023-08-01 10:25:28.778 BasePage:116 - This is a warn message
[debug] &amp#27;[38;5;0m[HTTP]&amp#27;[0m Request idempotency key: 46f47a96-ffe7-4cf6-93eb-8c8c00ca9271
&amp#27;[38;5;0m[HTTP]&amp#27;[0m &amp#27;[37m-->&amp#27;[39m &amp#27;[37mPOST&amp#27;[39m &amp#27;[37m/session&amp#27;[39m
&amp#27;[38;5;0m[HTTP]&amp#27;[0m &amp#27;[90m{"capabilities":{"firstMatch":[{}],"alwaysMatch":{"appium:adbExecTimeout":"6000000","appium:appActivity":"com.swaglabsmobileapp.SplashActivity","appium:appPackage":"com.swaglabsmobileapp","appium:automationName":"UIAutomator2","appium:udid":"291d97f2","platformName":"ANDROID"}}}&amp#27;[39m
[debug] &amp#27;[38;5;16m[AppiumDriver@207b]&amp#27;[0m Calling AppiumDriver.createSession() with args: [null,null,{"firstMatch":[{}],"alwaysMatch":{"appium:adbExecTimeout":"6000000","appium:appActivity":"com.swaglabsmobileapp.SplashActivity","appium:appPackage":"com.swaglabsmobileapp","appium:automationName":"UIAutomator2","appium:udid":"291d97f2","platformName":"ANDROID"}}]
[debug] &amp#27;[38;5;16m[AppiumDriver@207b]&amp#27;[0m Event 'newSessionRequested' logged at 1690896331558 (10:25:31 GMT-0300 (Hora padrÃ£o de BrasÃ­lia))
&amp#27;[35m[Appium]&amp#27;[39m Attempting to find matching driver for automationName 'UIAutomator2' and platformName 'ANDROID'
&amp#27;[35m[Appium]&amp#27;[39m The 'uiautomator2' driver was installed and matched caps.
&amp#27;[35m[Appium]&amp#27;[39m Will require it at C:\Users\Rafael\.appium\node_modules\appium-uiautomator2-driver
[debug] &amp#27;[35m[Appium]&amp#27;[39m Requiring driver at C:\Users\Rafael\.appium\node_modules\appium-uiautomator2-driver
&amp#27;[38;5;16m[AppiumDriver@207b]&amp#27;[0m Appium v2.0.0-beta.71 creating new AndroidUiautomator2Driver (v2.24.1) session
&amp#27;[38;5;16m[AppiumDriver@207b]&amp#27;[0m Checking BaseDriver versions for Appium and AndroidUiautomator2Driver
&amp#27;[38;5;16m[AppiumDriver@207b]&amp#27;[0m Appium's BaseDriver version is 9.3.10
&amp#27;[38;5;16m[AppiumDriver@207b]&amp#27;[0m AndroidUiautomator2Driver's BaseDriver version is 9.3.10
[debug] &amp#27;[38;5;16m[AppiumDriver@207b]&amp#27;[0m There are no active sessions for cleanup
[debug] &amp#27;[38;5;32m[AndroidUiautomator2Driver@9227]&amp#27;[0m Creating session with W3C capabilities: {
[debug] &amp#27;[38;5;32m[AndroidUiautomator2Driver@9227]&amp#27;[0m   "alwaysMatch": {
[debug] &amp#27;[38;5;32m[AndroidUiautomator2Driver@9227]&amp#27;[0m     "platformName": "ANDROID",
[debug] &amp#27;[38;5;32m[AndroidUiautomator2Driver@9227]&amp#27;[0m     "appium:adbExecTimeout": "6000000",
[debug] &amp#27;[38;5;32m[AndroidUiautomator2Driver@9227]&amp#27;[0m     "appium:appActivity": "com.swaglabsmobileapp.SplashActivity",
[debug] &amp#27;[38;5;32m[AndroidUiautomator2Driver@9227]&amp#27;[0m     "appium:appPackage": "com.swaglabsmobileapp",
[debug] &amp#27;[38;5;32m[AndroidUiautomator2Driver@9227]&amp#27;[0m     "appium:automationName": "UIAutomator2",
[debug] &amp#27;[38;5;32m[AndroidUiautomator2Driver@9227]&amp#27;[0m     "appium:udid": "291d97f2"
[debug] &amp#27;[38;5;32m[AndroidUiautomator2Driver@9227]&amp#27;[0m   },
[debug] &amp#27;[38;5;32m[AndroidUiautomator2Driver@9227]&amp#27;[0m   "firstMatch": [
[debug] &amp#27;[38;5;32m[AndroidUiautomator2Driver@9227]&amp#27;[0m     {}
[debug] &amp#27;[38;5;32m[AndroidUiautomator2Driver@9227]&amp#27;[0m   ]
[debug] &amp#27;[38;5;32m[AndroidUiautomator2Driver@9227]&amp#27;[0m }
&amp#27;[38;5;48m[BaseDriver]&amp#27;[0m Number capability passed in as string. Functionality may be compromised.
&amp#27;[38;5;32m[AndroidUiautomator2Driver@9227]&amp#27;[0m Capability 'adbExecTimeout' changed from string ('6000000') to integer (6000000). This may cause unexpected behavior
&amp#27;[38;5;32m[AndroidUiautomator2Driver@9227 (470eccf4)]&amp#27;[0m Session created with session id: 470eccf4-049a-4295-a7b2-704317e044ee
&amp#27;[38;5;32m[AndroidUiautomator2Driver@9227 (470eccf4)]&amp#27;[0m Starting 'com.swaglabsmobileapp' directly on the device
&amp#27;[38;5;64m[ADB]&amp#27;[0m Found 1 'build-tools' folders under 'D:\Android\Sdk' (newest first):
&amp#27;[38;5;64m[ADB]&amp#27;[0m     D:/Android/Sdk/build-tools/33.0.2
&amp#27;[38;5;64m[ADB]&amp#27;[0m Using 'adb.exe' from 'D:\Android\Sdk\platform-tools\adb.exe'
[debug] &amp#27;[38;5;64m[ADB]&amp#27;[0m Running 'D:\Android\Sdk\platform-tools\adb.exe -P 5037 start-server'
&amp#27;[38;5;80m[AndroidDriver]&amp#27;[0m Retrieving device list
[debug] &amp#27;[38;5;64m[ADB]&amp#27;[0m Trying to find a connected android device
[debug] &amp#27;[38;5;64m[ADB]&amp#27;[0m Getting connected devices
[debug] &amp#27;[38;5;64m[ADB]&amp#27;[0m Connected devices: [{"udid":"291d97f2","state":"device"}]
&amp#27;[38;5;80m[AndroidDriver]&amp#27;[0m Using device: 291d97f2
&amp#27;[38;5;64m[ADB]&amp#27;[0m Using 'adb.exe' from 'D:\Android\Sdk\platform-tools\adb.exe'
[debug] &amp#27;[38;5;64m[ADB]&amp#27;[0m Running 'D:\Android\Sdk\platform-tools\adb.exe -P 5037 start-server'
[debug] &amp#27;[38;5;64m[ADB]&amp#27;[0m Setting device id to 291d97f2
[debug] &amp#27;[38;5;64m[ADB]&amp#27;[0m Running 'D:\Android\Sdk\platform-tools\adb.exe -P 5037 -s 291d97f2 shell getprop ro.build.version.sdk'
[debug] &amp#27;[38;5;64m[ADB]&amp#27;[0m Current device property 'ro.build.version.sdk': 27
[debug] &amp#27;[38;5;64m[ADB]&amp#27;[0m Device API level: 27
&amp#27;[38;5;80m[AndroidDriver]&amp#27;[0m No app sent in, not parsing package/activity
[debug] &amp#27;[38;5;80m[AndroidDriver]&amp#27;[0m Pushing settings apk to device...
[debug] &amp#27;[38;5;64m[ADB]&amp#27;[0m Getting install status for io.appium.settings
[debug] &amp#27;[38;5;64m[ADB]&amp#27;[0m Running 'D:\Android\Sdk\platform-tools\adb.exe -P 5037 -s 291d97f2 shell dumpsys package io.appium.settings'
[debug] &amp#27;[38;5;64m[ADB]&amp#27;[0m 'io.appium.settings' is installed
[debug] &amp#27;[38;5;64m[ADB]&amp#27;[0m Getting package info for 'io.appium.settings'
[debug] &amp#27;[38;5;64m[ADB]&amp#27;[0m Running 'D:\Android\Sdk\platform-tools\adb.exe -P 5037 -s 291d97f2 shell dumpsys package io.appium.settings'
[debug] &amp#27;[38;5;64m[ADB]&amp#27;[0m The version name of the installed 'io.appium.settings' is greater or equal to the application version name ('5.0.3' >= '5.0.3')
[debug] &amp#27;[38;5;64m[ADB]&amp#27;[0m There is no need to install/upgrade 'C:\Users\Rafael\.appium\node_modules\appium-uiautomator2-driver\node_modules\io.appium.settings\apks\settings_apk-debug.apk'
[debug] &amp#27;[38;5;64m[ADB]&amp#27;[0m Getting IDs of all 'io.appium.settings' processes
[debug] &amp#27;[38;5;64m[ADB]&amp#27;[0m Running 'D:\Android\Sdk\platform-tools\adb.exe -P 5037 -s 291d97f2 shell 'pgrep --help; echo $?''
[debug] &amp#27;[38;5;64m[ADB]&amp#27;[0m Running 'D:\Android\Sdk\platform-tools\adb.exe -P 5037 -s 291d97f2 shell pgrep -f \(\[\[:blank:\]\]\|\^\)io\.appium\.settings\(\[\[:blank:\]\]\|\$\)'
[debug] &amp#27;[38;5;64m[ADB]&amp#27;[0m Getting IDs of all 'io.appium.settings' processes
[debug] &amp#27;[38;5;64m[ADB]&amp#27;[0m Running 'D:\Android\Sdk\platform-tools\adb.exe -P 5037 -s 291d97f2 shell pgrep -f \(\[\[:blank:\]\]\|\^\)io\.appium\.settings\(\[\[:blank:\]\]\|\$\)'
[debug] &amp#27;[38;5;64m[ADB]&amp#27;[0m Starting Appium Settings app
[debug] &amp#27;[38;5;64m[ADB]&amp#27;[0m Running 'D:\Android\Sdk\platform-tools\adb.exe -P 5037 -s 291d97f2 shell am start -n io.appium.settings/.Settings -a android.intent.action.MAIN -c android.intent.category.LAUNCHER'
[debug] &amp#27;[38;5;64m[ADB]&amp#27;[0m Getting IDs of all 'io.appium.settings' processes
[debug] &amp#27;[38;5;64m[ADB]&amp#27;[0m Running 'D:\Android\Sdk\platform-tools\adb.exe -P 5037 -s 291d97f2 shell pgrep -f \(\[\[:blank:\]\]\|\^\)io\.appium\.settings\(\[\[:blank:\]\]\|\$\)'
[debug] &amp#27;[38;5;64m[ADB]&amp#27;[0m Running 'D:\Android\Sdk\platform-tools\adb.exe -P 5037 -s 291d97f2 shell appops set io.appium.settings android:mock_location allow'
[debug] &amp#27;[38;5;64m[ADB]&amp#27;[0m Running 'D:\Android\Sdk\platform-tools\adb.exe -P 5037 -s 291d97f2 shell "[ -e '/data/local/tmp/mock_apps.json' ] && echo __PASS__"'
[debug] &amp#27;[38;5;64m[ADB]&amp#27;[0m Running 'D:\Android\Sdk\platform-tools\adb.exe -P 5037 -s 291d97f2 shell cat /data/local/tmp/mock_apps.json'
[debug] &amp#27;[38;5;96m[Logcat]&amp#27;[0m Starting logs capture with command: D:\\Android\\Sdk\\platform-tools\\adb.exe -P 5037 -s 291d97f2 logcat -v threadtime
[debug] &amp#27;[38;5;32m[AndroidUiautomator2Driver@9227 (470eccf4)]&amp#27;[0m Forwarding UiAutomator2 Server port 6790 to local port 8200
[debug] &amp#27;[38;5;64m[ADB]&amp#27;[0m Forwarding system: 8200 to device: 6790
[debug] &amp#27;[38;5;64m[ADB]&amp#27;[0m Running 'D:\Android\Sdk\platform-tools\adb.exe -P 5037 -s 291d97f2 forward tcp:8200 tcp:6790'
[debug] &amp#27;[38;5;64m[ADB]&amp#27;[0m Getting install status for io.appium.uiautomator2.server
[debug] &amp#27;[38;5;64m[ADB]&amp#27;[0m Running 'D:\Android\Sdk\platform-tools\adb.exe -P 5037 -s 291d97f2 shell dumpsys package io.appium.uiautomator2.server'
[debug] &amp#27;[38;5;64m[ADB]&amp#27;[0m 'io.appium.uiautomator2.server' is installed
[debug] &amp#27;[38;5;64m[ADB]&amp#27;[0m Getting package info for 'io.appium.uiautomator2.server'
[debug] &amp#27;[38;5;64m[ADB]&amp#27;[0m Running 'D:\Android\Sdk\platform-tools\adb.exe -P 5037 -s 291d97f2 shell dumpsys package io.appium.uiautomator2.server'
[debug] &amp#27;[38;5;64m[ADB]&amp#27;[0m The version name of the installed 'io.appium.uiautomator2.server' is greater or equal to the application version name ('5.8.2' >= '5.8.2')
[debug] &amp#27;[38;5;32m[AndroidUiautomator2Driver@9227 (470eccf4)]&amp#27;[0m io.appium.uiautomator2.server installation state: sameVersionInstalled
[debug] &amp#27;[38;5;64m[ADB]&amp#27;[0m Checking app cert for C:\Users\Rafael\.appium\node_modules\appium-uiautomator2-driver\node_modules\appium-uiautomator2-server\apks\appium-uiautomator2-server-v5.8.2.apk
&amp#27;[38;5;64m[ADB]&amp#27;[0m Using 'apksigner.jar' from 'D:\Android\Sdk\build-tools\33.0.2\lib\apksigner.jar'
[debug] &amp#27;[38;5;64m[ADB]&amp#27;[0m Starting apksigner: 'C:\\Program Files\\Java\\jdk-15.0.2\\bin\\java.exe' -Xmx1024M -Xss1m -jar D:\\Android\\Sdk\\build-tools\\33.0.2\\lib\\apksigner.jar verify --print-certs C:\\Users\\Rafael\\.appium\\node_modules\\appium-uiautomator2-driver\\node_modules\\appium-uiautomator2-server\\apks\\appium-uiautomator2-server-v5.8.2.apk
[debug] &amp#27;[38;5;64m[ADB]&amp#27;[0m apksigner stdout: Signer #1 certificate DN: EMAILADDRESS=android@android.com, CN=Android, OU=Android, O=Android, L=Mountain View, ST=California, C=US
[debug] &amp#27;[38;5;64m[ADB]&amp#27;[0m Signer #1 certificate SHA-256 digest: a40da80a59d170caa950cf15c18c454d47a39b26989d8b640ecd745ba71bf5dc
[debug] &amp#27;[38;5;64m[ADB]&amp#27;[0m Signer #1 certificate SHA-1 digest: 61ed377e85d386a8dfee6b864bd85b0bfaa5af81
[debug] &amp#27;[38;5;64m[ADB]&amp#27;[0m Signer #1 certificate MD5 digest: e89b158e4bcf988ebd09eb83f5378e87
[debug] &amp#27;[38;5;64m[ADB]&amp#27;[0m 
[debug] &amp#27;[38;5;64m[ADB]&amp#27;[0m sha256 hash did match for 'appium-uiautomator2-server-v5.8.2.apk'
&amp#27;[38;5;64m[ADB]&amp#27;[0m 'C:\Users\Rafael\.appium\node_modules\appium-uiautomator2-driver\node_modules\appium-uiautomator2-server\apks\appium-uiautomator2-server-v5.8.2.apk' is signed with the default certificate
[debug] &amp#27;[38;5;64m[ADB]&amp#27;[0m Getting install status for io.appium.uiautomator2.server.test
[debug] &amp#27;[38;5;64m[ADB]&amp#27;[0m Running 'D:\Android\Sdk\platform-tools\adb.exe -P 5037 -s 291d97f2 shell dumpsys package io.appium.uiautomator2.server.test'
[debug] &amp#27;[38;5;64m[ADB]&amp#27;[0m 'io.appium.uiautomator2.server.test' is installed
[debug] &amp#27;[38;5;64m[ADB]&amp#27;[0m Checking app cert for C:\Users\Rafael\.appium\node_modules\appium-uiautomator2-driver\node_modules\appium-uiautomator2-server\apks\appium-uiautomator2-server-debug-androidTest.apk
[debug] &amp#27;[38;5;64m[ADB]&amp#27;[0m Starting apksigner: 'C:\\Program Files\\Java\\jdk-15.0.2\\bin\\java.exe' -Xmx1024M -Xss1m -jar D:\\Android\\Sdk\\build-tools\\33.0.2\\lib\\apksigner.jar verify --print-certs C:\\Users\\Rafael\\.appium\\node_modules\\appium-uiautomator2-driver\\node_modules\\appium-uiautomator2-server\\apks\\appium-uiautomator2-server-debug-androidTest.apk
[debug] &amp#27;[38;5;64m[ADB]&amp#27;[0m apksigner stdout: Signer #1 certificate DN: EMAILADDRESS=android@android.com, CN=Android, OU=Android, O=Android, L=Mountain View, ST=California, C=US
[debug] &amp#27;[38;5;64m[ADB]&amp#27;[0m Signer #1 certificate SHA-256 digest: a40da80a59d170caa950cf15c18c454d47a39b26989d8b640ecd745ba71bf5dc
[debug] &amp#27;[38;5;64m[ADB]&amp#27;[0m Signer #1 certificate SHA-1 digest: 61ed377e85d386a8dfee6b864bd85b0bfaa5af81
[debug] &amp#27;[38;5;64m[ADB]&amp#27;[0m Signer #1 certificate MD5 digest: e89b158e4bcf988ebd09eb83f5378e87
[debug] &amp#27;[38;5;64m[ADB]&amp#27;[0m 
[debug] &amp#27;[38;5;64m[ADB]&amp#27;[0m sha256 hash did match for 'appium-uiautomator2-server-debug-androidTest.apk'
&amp#27;[38;5;64m[ADB]&amp#27;[0m 'C:\Users\Rafael\.appium\node_modules\appium-uiautomator2-driver\node_modules\appium-uiautomator2-server\apks\appium-uiautomator2-server-debug-androidTest.apk' is signed with the default certificate
&amp#27;[38;5;32m[AndroidUiautomator2Driver@9227 (470eccf4)]&amp#27;[0m Server packages are not going to be (re)installed
[debug] &amp#27;[38;5;32m[AndroidUiautomator2Driver@9227 (470eccf4)]&amp#27;[0m Waiting up to 30000ms for services to be available
[debug] &amp#27;[38;5;64m[ADB]&amp#27;[0m Running 'D:\Android\Sdk\platform-tools\adb.exe -P 5037 -s 291d97f2 shell pm list instrumentation'
[debug] &amp#27;[38;5;32m[AndroidUiautomator2Driver@9227 (470eccf4)]&amp#27;[0m Instrumentation target 'io.appium.uiautomator2.server.test/androidx.test.runner.AndroidJUnitRunner' is available
&amp#27;[38;5;64m[ADB]&amp#27;[0m Adding packages ["io.appium.settings","io.appium.uiautomator2.server","io.appium.uiautomator2.server.test"] to Doze whitelist
[debug] &amp#27;[38;5;64m[ADB]&amp#27;[0m Got the following command chunks to execute: [["dumpsys","deviceidle","whitelist","+io.appium.settings",";","dumpsys","deviceidle","whitelist","+io.appium.uiautomator2.server",";","dumpsys","deviceidle","whitelist","+io.appium.uiautomator2.server.test",";"]]
[debug] &amp#27;[38;5;64m[ADB]&amp#27;[0m Running 'D:\Android\Sdk\platform-tools\adb.exe -P 5037 -s 291d97f2 shell dumpsys deviceidle whitelist +io.appium.settings ; dumpsys deviceidle whitelist +io.appium.uiautomator2.server ; dumpsys deviceidle whitelist +io.appium.uiautomator2.server.test ;'
[debug] &amp#27;[38;5;32m[AndroidUiautomator2Driver@9227 (470eccf4)]&amp#27;[0m No app capability. Assuming it is already on the device
[debug] &amp#27;[38;5;64m[ADB]&amp#27;[0m Getting install status for com.swaglabsmobileapp
[debug] &amp#27;[38;5;64m[ADB]&amp#27;[0m Running 'D:\Android\Sdk\platform-tools\adb.exe -P 5037 -s 291d97f2 shell dumpsys package com.swaglabsmobileapp'
[debug] &amp#27;[38;5;64m[ADB]&amp#27;[0m 'com.swaglabsmobileapp' is installed
[debug] &amp#27;[38;5;64m[ADB]&amp#27;[0m Running 'D:\Android\Sdk\platform-tools\adb.exe -P 5037 -s 291d97f2 shell am force-stop com.swaglabsmobileapp'
[debug] &amp#27;[38;5;64m[ADB]&amp#27;[0m Running 'D:\Android\Sdk\platform-tools\adb.exe -P 5037 -s 291d97f2 shell pm clear com.swaglabsmobileapp'
[debug] &amp#27;[38;5;80m[AndroidDriver]&amp#27;[0m Performed fast reset on the installed 'com.swaglabsmobileapp' application (stop and clear)
[debug] &amp#27;[38;5;32m[AndroidUiautomator2Driver@9227 (470eccf4)]&amp#27;[0m Performing shallow cleanup of automation leftovers
[debug] &amp#27;[38;5;32m[AndroidUiautomator2Driver@9227 (470eccf4)]&amp#27;[0m No obsolete sessions have been detected (socket hang up)
[debug] &amp#27;[38;5;64m[ADB]&amp#27;[0m Running 'D:\Android\Sdk\platform-tools\adb.exe -P 5037 -s 291d97f2 shell am force-stop io.appium.uiautomator2.server.test'
&amp#27;[38;5;32m[AndroidUiautomator2Driver@9227 (470eccf4)]&amp#27;[0m Starting UIAutomator2 server 5.8.2
&amp#27;[38;5;32m[AndroidUiautomator2Driver@9227 (470eccf4)]&amp#27;[0m Using UIAutomator2 server from 'C:\Users\Rafael\.appium\node_modules\appium-uiautomator2-driver\node_modules\appium-uiautomator2-server\apks\appium-uiautomator2-server-v5.8.2.apk' and test from 'C:\Users\Rafael\.appium\node_modules\appium-uiautomator2-driver\node_modules\appium-uiautomator2-server\apks\appium-uiautomator2-server-debug-androidTest.apk'
&amp#27;[38;5;32m[AndroidUiautomator2Driver@9227 (470eccf4)]&amp#27;[0m Waiting up to 30000ms for UiAutomator2 to be online...
[debug] &amp#27;[38;5;64m[ADB]&amp#27;[0m Creating ADB subprocess with args: ["-P",5037,"-s","291d97f2","shell","am","instrument","-w","-e","disableAnalytics",true,"io.appium.uiautomator2.server.test/androidx.test.runner.AndroidJUnitRunner"]
[debug] &amp#27;[38;5;32m[AndroidUiautomator2Driver@9227 (470eccf4)]&amp#27;[0m Matched '/status' to command name 'getStatus'
[debug] &amp#27;[38;5;32m[AndroidUiautomator2Driver@9227 (470eccf4)]&amp#27;[0m Proxying [GET /status] to [GET http://127.0.0.1:8200/status] with no body
&amp#27;[38;5;32m[AndroidUiautomator2Driver@9227 (470eccf4)]&amp#27;[0m socket hang up
[debug] &amp#27;[38;5;32m[AndroidUiautomator2Driver@9227 (470eccf4)]&amp#27;[0m Matched '/status' to command name 'getStatus'
[debug] &amp#27;[38;5;32m[AndroidUiautomator2Driver@9227 (470eccf4)]&amp#27;[0m Proxying [GET /status] to [GET http://127.0.0.1:8200/status] with no body
&amp#27;[38;5;32m[AndroidUiautomator2Driver@9227 (470eccf4)]&amp#27;[0m socket hang up
[debug] &amp#27;[38;5;32m[AndroidUiautomator2Driver@9227 (470eccf4)]&amp#27;[0m Matched '/status' to command name 'getStatus'
[debug] &amp#27;[38;5;32m[AndroidUiautomator2Driver@9227 (470eccf4)]&amp#27;[0m Proxying [GET /status] to [GET http://127.0.0.1:8200/status] with no body
&amp#27;[38;5;32m[AndroidUiautomator2Driver@9227 (470eccf4)]&amp#27;[0m socket hang up
[debug] &amp#27;[38;5;32m[AndroidUiautomator2Driver@9227 (470eccf4)]&amp#27;[0m Matched '/status' to command name 'getStatus'
[debug] &amp#27;[38;5;32m[AndroidUiautomator2Driver@9227 (470eccf4)]&amp#27;[0m Proxying [GET /status] to [GET http://127.0.0.1:8200/status] with no body
&amp#27;[38;5;32m[AndroidUiautomator2Driver@9227 (470eccf4)]&amp#27;[0m socket hang up
[debug] &amp#27;[38;5;32m[AndroidUiautomator2Driver@9227 (470eccf4)]&amp#27;[0m Matched '/status' to command name 'getStatus'
[debug] &amp#27;[38;5;32m[AndroidUiautomator2Driver@9227 (470eccf4)]&amp#27;[0m Proxying [GET /status] to [GET http://127.0.0.1:8200/status] with no body
&amp#27;[38;5;32m[AndroidUiautomator2Driver@9227 (470eccf4)]&amp#27;[0m socket hang up
[debug] &amp#27;[38;5;112m[Instrumentation]&amp#27;[0m io.appium.uiautomator2.server.test.AppiumUiAutomator2Server:
[debug] &amp#27;[38;5;32m[AndroidUiautomator2Driver@9227 (470eccf4)]&amp#27;[0m Matched '/status' to command name 'getStatus'
[debug] &amp#27;[38;5;32m[AndroidUiautomator2Driver@9227 (470eccf4)]&amp#27;[0m Proxying [GET /status] to [GET http://127.0.0.1:8200/status] with no body
&amp#27;[38;5;32m[AndroidUiautomator2Driver@9227 (470eccf4)]&amp#27;[0m socket hang up
[debug] &amp#27;[38;5;32m[AndroidUiautomator2Driver@9227 (470eccf4)]&amp#27;[0m Matched '/status' to command name 'getStatus'
[debug] &amp#27;[38;5;32m[AndroidUiautomator2Driver@9227 (470eccf4)]&amp#27;[0m Proxying [GET /status] to [GET http://127.0.0.1:8200/status] with no body
[debug] &amp#27;[38;5;32m[AndroidUiautomator2Driver@9227 (470eccf4)]&amp#27;[0m Got response with status 200: {"sessionId":"None","value":{"message":"UiAutomator2 Server is ready to accept commands","ready":true}}
[debug] &amp#27;[38;5;32m[AndroidUiautomator2Driver@9227 (470eccf4)]&amp#27;[0m The initialization of the instrumentation process took 6330ms
[debug] &amp#27;[38;5;32m[AndroidUiautomator2Driver@9227 (470eccf4)]&amp#27;[0m Matched '/session' to command name 'createSession'
[debug] &amp#27;[38;5;32m[AndroidUiautomator2Driver@9227 (470eccf4)]&amp#27;[0m Proxying [POST /session] to [POST http://127.0.0.1:8200/session] with body: {"capabilities":{"firstMatch":[{"platform":"LINUX","webStorageEnabled":false,"takesScreenshot":true,"javascriptEnabled":true,"databaseEnabled":false,"networkConnectionEnabled":true,"locationContextEnabled":false,"warnings":{},"desired":{"platformName":"ANDROID","adbExecTimeout":6000000,"appActivity":"com.swaglabsmobileapp.SplashActivity","appPackage":"com.swaglabsmobileapp","automationName":"UIAutomator2","udid":"291d97f2"},"platformName":"ANDROID","adbExecTimeout":6000000,"appActivity":"com.swaglabsmobileapp.SplashActivity","appPackage":"com.swaglabsmobileapp","automationName":"UIAutomator2","udid":"291d97f2","deviceName":"291d97f2","deviceUDID":"291d97f2"}],"alwaysMatch":{}}}
[debug] &amp#27;[38;5;32m[AndroidUiautomator2Driver@9227 (470eccf4)]&amp#27;[0m Got response with status 200: {"sessionId":"c147b82b-bb95-4cfb-a51f-d7658c279492","value":{"capabilities":{"firstMatch":[{"platform":"LINUX","webStorageEnabled":false,"takesScreenshot":true,"javascriptEnabled":true,"databaseEnabled":false,"networkConnectionEnabled":true,"locationContextEnabled":false,"warnings":{},"desired":{"platformName":"ANDROID","adbExecTimeout":6000000,"appActivity":"com.swaglabsmobileapp.SplashActivity","appPackage":"com.swaglabsmobileapp","automationName":"UIAutomator2","udid":"291d97f2"},"platformName":"ANDROID","adbExecTimeout":6000000,"appActivity":"com.swaglabsmobileapp.SplashActivity","appPackage":"com.swaglabsmobileapp","automationName":"UIAutomator2","udid":"291d97f2","deviceName":"291d97f2","deviceUDID":"291d97f2"}],"alwaysMatch":{}},"sessionId":"c147b82b-bb95-4cfb-a51f-d7658c279492"}}
&amp#27;[38;5;32m[AndroidUiautomator2Driver@9227 (470eccf4)]&amp#27;[0m Determined the downstream protocol as 'W3C'
[debug] &amp#27;[38;5;32m[AndroidUiautomator2Driver@9227 (470eccf4)]&amp#27;[0m Proxying [GET /appium/device/info] to [GET http://127.0.0.1:8200/session/c147b82b-bb95-4cfb-a51f-d7658c279492/appium/device/info] with no body
[debug] &amp#27;[38;5;32m[AndroidUiautomator2Driver@9227 (470eccf4)]&amp#27;[0m Got response with status 200: {"sessionId":"c147b82b-bb95-4cfb-a51f-d7658c279492","value":{"androidId":"31f103392d758e53","apiVersion":"27","bluetooth":{"state":"OFF"},"brand":"samsung","carrierName":"TIMBRASIL | TIM","displayDensity":278,"locale":"pt_BR","manufacturer":"samsung","model":"SM-J410G","networks":[{"capabilities":{"SSID":null,"linkDownBandwidthKbps":102400,"linkUpstreamBandwidthKbps":51200,"networkCapabilities":"NET_CAPABILITY_IMS,NET_CAPABILITY_NOT_METERED,NET_CAPABILITY_TRUSTED,NET_CAPABILITY_NOT_VPN,NET_CAPABILITY_VALIDATED,NET_CAPABILITY_NOT_ROAMING","signalStrength":-2147483648,"transportTypes":"TRANSPORT_CELLULAR"},"detailedState":"CONNECTED","extraInfo":"ims","isAvailable":true,"isConnected":true,"isFailover":false,"isRoaming":false,"state":"CONNECTED","subtype":13,"subtypeName":"LTE","type":0,"typeName":"MOBILE"},{"capabilities":{"SSID":null,"linkDownBandwidthKbps":1048576,"linkUpstreamBandwidthKbps":1048576,"networkCapabilities":"NET_CAPABILITY_NOT_METERED,NET_CAPABILITY_INTERNET,NET_CAPABILITY_NOT_RESTRICTED,NET_...
[debug] &amp#27;[38;5;64m[ADB]&amp#27;[0m Running 'D:\Android\Sdk\platform-tools\adb.exe -P 5037 -s 291d97f2 shell dumpsys window'
&amp#27;[38;5;80m[AndroidDriver]&amp#27;[0m Screen already unlocked, doing nothing
&amp#27;[38;5;32m[AndroidUiautomator2Driver@9227 (470eccf4)]&amp#27;[0m Starting 'com.swaglabsmobileapp/com.swaglabsmobileapp.SplashActivity and waiting for 'com.swaglabsmobileapp/com.swaglabsmobileapp.SplashActivity'
[debug] &amp#27;[38;5;64m[ADB]&amp#27;[0m Running 'D:\Android\Sdk\platform-tools\adb.exe -P 5037 -s 291d97f2 shell am start -W -n com.swaglabsmobileapp/com.swaglabsmobileapp.SplashActivity -S -a android.intent.action.MAIN -c android.intent.category.LAUNCHER -f 0x10200000'
[debug] &amp#27;[38;5;32m[AndroidUiautomator2Driver@9227 (470eccf4)]&amp#27;[0m Proxying [GET /appium/device/pixel_ratio] to [GET http://127.0.0.1:8200/session/c147b82b-bb95-4cfb-a51f-d7658c279492/appium/device/pixel_ratio] with no body
[debug] &amp#27;[38;5;32m[AndroidUiautomator2Driver@9227 (470eccf4)]&amp#27;[0m Got response with status 200: {"sessionId":"c147b82b-bb95-4cfb-a51f-d7658c279492","value":1.7375001}
[debug] &amp#27;[38;5;32m[AndroidUiautomator2Driver@9227 (470eccf4)]&amp#27;[0m Matched '/appium/device/system_bars' to command name 'getSystemBars'
[debug] &amp#27;[38;5;32m[AndroidUiautomator2Driver@9227 (470eccf4)]&amp#27;[0m Proxying [GET /appium/device/system_bars] to [GET http://127.0.0.1:8200/session/c147b82b-bb95-4cfb-a51f-d7658c279492/appium/device/system_bars] with no body
[debug] &amp#27;[38;5;32m[AndroidUiautomator2Driver@9227 (470eccf4)]&amp#27;[0m Got response with status 200: {"sessionId":"c147b82b-bb95-4cfb-a51f-d7658c279492","value":{"statusBar":42}}
[debug] &amp#27;[38;5;32m[AndroidUiautomator2Driver@9227 (470eccf4)]&amp#27;[0m Matched '/window/current/size' to command name 'getWindowSize'
[debug] &amp#27;[38;5;32m[AndroidUiautomator2Driver@9227 (470eccf4)]&amp#27;[0m Proxying [GET /window/current/size] to [GET http://127.0.0.1:8200/session/c147b82b-bb95-4cfb-a51f-d7658c279492/window/current/size] with no body
[debug] &amp#27;[38;5;32m[AndroidUiautomator2Driver@9227 (470eccf4)]&amp#27;[0m Got response with status 200: {"sessionId":"c147b82b-bb95-4cfb-a51f-d7658c279492","value":{"height":1397,"width":720}}
&amp#27;[38;5;16m[AppiumDriver@207b]&amp#27;[0m New AndroidUiautomator2Driver session created successfully, session 470eccf4-049a-4295-a7b2-704317e044ee added to master session list
[debug] &amp#27;[38;5;16m[AppiumDriver@207b]&amp#27;[0m Event 'newSessionStarted' logged at 1690896350285 (10:25:50 GMT-0300 (Hora padrÃ£o de BrasÃ­lia))
[debug] &amp#27;[38;5;32m[AndroidUiautomator2Driver@9227 (470eccf4)]&amp#27;[0m Cached the protocol value 'W3C' for the new session 470eccf4-049a-4295-a7b2-704317e044ee
[debug] &amp#27;[38;5;32m[AndroidUiautomator2Driver@9227 (470eccf4)]&amp#27;[0m Responding to client with driver.createSession() result: {"capabilities":{"platform":"LINUX","webStorageEnabled":false,"takesScreenshot":true,"javascriptEnabled":true,"databaseEnabled":false,"networkConnectionEnabled":true,"locationContextEnabled":false,"warnings":{},"desired":{"platformName":"ANDROID","adbExecTimeout":6000000,"appActivity":"com.swaglabsmobileapp.SplashActivity","appPackage":"com.swaglabsmobileapp","automationName":"UIAutomator2","udid":"291d97f2"},"platformName":"ANDROID","adbExecTimeout":6000000,"appActivity":"com.swaglabsmobileapp.SplashActivity","appPackage":"com.swaglabsmobileapp","automationName":"UIAutomator2","udid":"291d97f2","deviceName":"291d97f2","deviceUDID":"291d97f2","deviceApiLevel":27,"platformVersion":"8.1.0","deviceScreenSize":"720x1480","deviceScreenDensity":278,"deviceModel":"SM-J410G","deviceManufacturer":"samsung","pixelRatio":1.7375001,"statBarHeight":42,"viewportRect":{"left":0,"top":42,"width":720,"height":1355}}}
&amp#27;[38;5;0m[HTTP]&amp#27;[0m &amp#27;[37m<-- POST /session &amp#27;[39m&amp#27;[32m200&amp#27;[39m &amp#27;[90m18730 ms - 974&amp#27;[39m
&amp#27;[38;5;0m[HTTP]&amp#27;[0m &amp#27;[90m&amp#27;[39m
&amp#27;[38;5;0m[HTTP]&amp#27;[0m &amp#27;[37m-->&amp#27;[39m &amp#27;[37mGET&amp#27;[39m &amp#27;[37m/session/470eccf4-049a-4295-a7b2-704317e044ee/context&amp#27;[39m
&amp#27;[38;5;0m[HTTP]&amp#27;[0m &amp#27;[90m{}&amp#27;[39m
[debug] &amp#27;[38;5;32m[AndroidUiautomator2Driver@9227 (470eccf4)]&amp#27;[0m Calling AppiumDriver.getCurrentContext() with args: ["470eccf4-049a-4295-a7b2-704317e044ee"]
[debug] &amp#27;[38;5;32m[AndroidUiautomator2Driver@9227 (470eccf4)]&amp#27;[0m Responding to client with driver.getCurrentContext() result: "NATIVE_APP"
&amp#27;[38;5;0m[HTTP]&amp#27;[0m &amp#27;[37m<-- GET /session/470eccf4-049a-4295-a7b2-704317e044ee/context &amp#27;[39m&amp#27;[32m200&amp#27;[39m &amp#27;[90m9 ms - 22&amp#27;[39m
&amp#27;[38;5;0m[HTTP]&amp#27;[0m &amp#27;[90m&amp#27;[39m
&amp#27;[38;5;0m[HTTP]&amp#27;[0m &amp#27;[37m-->&amp#27;[39m &amp#27;[37mPOST&amp#27;[39m &amp#27;[37m/session/470eccf4-049a-4295-a7b2-704317e044ee/element&amp#27;[39m
&amp#27;[38;5;0m[HTTP]&amp#27;[0m &amp#27;[90m{"using":"accessibility id","value":"test-Username"}&amp#27;[39m
[debug] &amp#27;[38;5;32m[AndroidUiautomator2Driver@9227 (470eccf4)]&amp#27;[0m Calling AppiumDriver.findElement() with args: ["accessibility id","test-Username","470eccf4-049a-4295-a7b2-704317e044ee"]
[debug] &amp#27;[38;5;32m[AndroidUiautomator2Driver@9227 (470eccf4)]&amp#27;[0m Valid locator strategies for this request: xpath, id, class name, accessibility id, css selector, -android uiautomator
[debug] &amp#27;[38;5;32m[AndroidUiautomator2Driver@9227 (470eccf4)]&amp#27;[0m Waiting up to 0 ms for condition
[debug] &amp#27;[38;5;32m[AndroidUiautomator2Driver@9227 (470eccf4)]&amp#27;[0m Matched '/element' to command name 'findElement'
[debug] &amp#27;[38;5;32m[AndroidUiautomator2Driver@9227 (470eccf4)]&amp#27;[0m Proxying [POST /element] to [POST http://127.0.0.1:8200/session/c147b82b-bb95-4cfb-a51f-d7658c279492/element] with body: {"strategy":"accessibility id","selector":"test-Username","context":"","multiple":false}
&amp#27;[38;5;32m[AndroidUiautomator2Driver@9227 (470eccf4)]&amp#27;[0m Got response with status 404: {"sessionId":"c147b82b-bb95-4cfb-a51f-d7658c279492","value":{"error":"no such element","message":"An element could not be located on the page using the given search parameters","stacktrace":"io.appium.uiautomator2.common.exceptions.ElementNotFoundException: An element could not be located on the page using the given search parameters\n\tat io.appium.uiautomator2.handler.FindElement.safeHandle(FindElement.java:70)\n\tat io.appium.uiautomator2.handler.request.SafeRequestHandler.handle(SafeRequestHandler.java:59)\n\tat io.appium.uiautomator2.server.AppiumServlet.handleRequest(AppiumServlet.java:270)\n\tat io.appium.uiautomator2.server.AppiumServlet.handleHttpRequest(AppiumServlet.java:264)\n\tat io.appium.uiautomator2.http.ServerHandler.channelRead(ServerHandler.java:68)\n\tat io.netty.channel.AbstractChannelHandlerContext.invokeChannelRead(AbstractChannelHandlerContext.java:366)\n\tat io.netty.channel.AbstractChannelHandlerContext.invokeChannelRead(AbstractChannelHandlerContext.java:352)\n\tat io.netty.chann...
[debug] &amp#27;[38;5;128m[W3C]&amp#27;[0m Matched W3C error code 'no such element' to NoSuchElementError
[debug] &amp#27;[38;5;32m[AndroidUiautomator2Driver@9227 (470eccf4)]&amp#27;[0m Encountered internal error running command: NoSuchElementError: An element could not be located on the page using the given search parameters.
[debug] &amp#27;[38;5;32m[AndroidUiautomator2Driver@9227 (470eccf4)]&amp#27;[0m     at AndroidUiautomator2Driver.findElOrEls (C:\Users\Rafael\.appium\node_modules\appium-uiautomator2-driver\node_modules\appium-android-driver\lib\commands\find.js:75:11)
[debug] &amp#27;[38;5;32m[AndroidUiautomator2Driver@9227 (470eccf4)]&amp#27;[0m     at processTicksAndRejections (node:internal/process/task_queues:95:5)
[debug] &amp#27;[38;5;32m[AndroidUiautomator2Driver@9227 (470eccf4)]&amp#27;[0m     at AndroidUiautomator2Driver.findElOrElsWithProcessing (C:\Users\Rafael\AppData\Roaming\npm\node_modules\appium\node_modules\@appium\base-driver\lib\basedriver\commands\find.ts:66:14)
[debug] &amp#27;[38;5;32m[AndroidUiautomator2Driver@9227 (470eccf4)]&amp#27;[0m     at AndroidUiautomator2Driver.findElement (C:\Users\Rafael\AppData\Roaming\npm\node_modules\appium\node_modules\@appium\base-driver\lib\basedriver\commands\find.ts:13:12)
&amp#27;[38;5;0m[HTTP]&amp#27;[0m &amp#27;[37m<-- POST /session/470eccf4-049a-4295-a7b2-704317e044ee/element &amp#27;[39m&amp#27;[33m404&amp#27;[39m &amp#27;[90m135 ms - 893&amp#27;[39m
&amp#27;[38;5;0m[HTTP]&amp#27;[0m &amp#27;[90m&amp#27;[39m
&amp#27;[38;5;0m[HTTP]&amp#27;[0m &amp#27;[37m-->&amp#27;[39m &amp#27;[37mPOST&amp#27;[39m &amp#27;[37m/session/470eccf4-049a-4295-a7b2-704317e044ee/element&amp#27;[39m
&amp#27;[38;5;0m[HTTP]&amp#27;[0m &amp#27;[90m{"using":"accessibility id","value":"test-Username"}&amp#27;[39m
[debug] &amp#27;[38;5;32m[AndroidUiautomator2Driver@9227 (470eccf4)]&amp#27;[0m Calling AppiumDriver.findElement() with args: ["accessibility id","test-Username","470eccf4-049a-4295-a7b2-704317e044ee"]
[debug] &amp#27;[38;5;32m[AndroidUiautomator2Driver@9227 (470eccf4)]&amp#27;[0m Valid locator strategies for this request: xpath, id, class name, accessibility id, css selector, -android uiautomator
[debug] &amp#27;[38;5;32m[AndroidUiautomator2Driver@9227 (470eccf4)]&amp#27;[0m Waiting up to 0 ms for condition
[debug] &amp#27;[38;5;32m[AndroidUiautomator2Driver@9227 (470eccf4)]&amp#27;[0m Matched '/element' to command name 'findElement'
[debug] &amp#27;[38;5;32m[AndroidUiautomator2Driver@9227 (470eccf4)]&amp#27;[0m Proxying [POST /element] to [POST http://127.0.0.1:8200/session/c147b82b-bb95-4cfb-a51f-d7658c279492/element] with body: {"strategy":"accessibility id","selector":"test-Username","context":"","multiple":false}
&amp#27;[38;5;32m[AndroidUiautomator2Driver@9227 (470eccf4)]&amp#27;[0m Got response with status 404: {"sessionId":"c147b82b-bb95-4cfb-a51f-d7658c279492","value":{"error":"no such element","message":"An element could not be located on the page using the given search parameters","stacktrace":"io.appium.uiautomator2.common.exceptions.ElementNotFoundException: An element could not be located on the page using the given search parameters\n\tat io.appium.uiautomator2.handler.FindElement.safeHandle(FindElement.java:70)\n\tat io.appium.uiautomator2.handler.request.SafeRequestHandler.handle(SafeRequestHandler.java:59)\n\tat io.appium.uiautomator2.server.AppiumServlet.handleRequest(AppiumServlet.java:270)\n\tat io.appium.uiautomator2.server.AppiumServlet.handleHttpRequest(AppiumServlet.java:264)\n\tat io.appium.uiautomator2.http.ServerHandler.channelRead(ServerHandler.java:68)\n\tat io.netty.channel.AbstractChannelHandlerContext.invokeChannelRead(AbstractChannelHandlerContext.java:366)\n\tat io.netty.channel.AbstractChannelHandlerContext.invokeChannelRead(AbstractChannelHandlerContext.java:352)\n\tat io.netty.chann...
[debug] &amp#27;[38;5;128m[W3C]&amp#27;[0m Matched W3C error code 'no such element' to NoSuchElementError
[debug] &amp#27;[38;5;32m[AndroidUiautomator2Driver@9227 (470eccf4)]&amp#27;[0m Encountered internal error running command: NoSuchElementError: An element could not be located on the page using the given search parameters.
[debug] &amp#27;[38;5;32m[AndroidUiautomator2Driver@9227 (470eccf4)]&amp#27;[0m     at AndroidUiautomator2Driver.findElOrEls (C:\Users\Rafael\.appium\node_modules\appium-uiautomator2-driver\node_modules\appium-android-driver\lib\commands\find.js:75:11)
[debug] &amp#27;[38;5;32m[AndroidUiautomator2Driver@9227 (470eccf4)]&amp#27;[0m     at processTicksAndRejections (node:internal/process/task_queues:95:5)
[debug] &amp#27;[38;5;32m[AndroidUiautomator2Driver@9227 (470eccf4)]&amp#27;[0m     at AndroidUiautomator2Driver.findElOrElsWithProcessing (C:\Users\Rafael\AppData\Roaming\npm\node_modules\appium\node_modules\@appium\base-driver\lib\basedriver\commands\find.ts:66:14)
[debug] &amp#27;[38;5;32m[AndroidUiautomator2Driver@9227 (470eccf4)]&amp#27;[0m     at AndroidUiautomator2Driver.findElement (C:\Users\Rafael\AppData\Roaming\npm\node_modules\appium\node_modules\@appium\base-driver\lib\basedriver\commands\find.ts:13:12)
&amp#27;[38;5;0m[HTTP]&amp#27;[0m &amp#27;[37m<-- POST /session/470eccf4-049a-4295-a7b2-704317e044ee/element &amp#27;[39m&amp#27;[33m404&amp#27;[39m &amp#27;[90m75 ms - 893&amp#27;[39m
&amp#27;[38;5;0m[HTTP]&amp#27;[0m &amp#27;[90m&amp#27;[39m
&amp#27;[38;5;0m[HTTP]&amp#27;[0m &amp#27;[37m-->&amp#27;[39m &amp#27;[37mPOST&amp#27;[39m &amp#27;[37m/session/470eccf4-049a-4295-a7b2-704317e044ee/element&amp#27;[39m
&amp#27;[38;5;0m[HTTP]&amp#27;[0m &amp#27;[90m{"using":"accessibility id","value":"test-Username"}&amp#27;[39m
[debug] &amp#27;[38;5;32m[AndroidUiautomator2Driver@9227 (470eccf4)]&amp#27;[0m Calling AppiumDriver.findElement() with args: ["accessibility id","test-Username","470eccf4-049a-4295-a7b2-704317e044ee"]
[debug] &amp#27;[38;5;32m[AndroidUiautomator2Driver@9227 (470eccf4)]&amp#27;[0m Valid locator strategies for this request: xpath, id, class name, accessibility id, css selector, -android uiautomator
[debug] &amp#27;[38;5;32m[AndroidUiautomator2Driver@9227 (470eccf4)]&amp#27;[0m Waiting up to 0 ms for condition
[debug] &amp#27;[38;5;32m[AndroidUiautomator2Driver@9227 (470eccf4)]&amp#27;[0m Matched '/element' to command name 'findElement'
[debug] &amp#27;[38;5;32m[AndroidUiautomator2Driver@9227 (470eccf4)]&amp#27;[0m Proxying [POST /element] to [POST http://127.0.0.1:8200/session/c147b82b-bb95-4cfb-a51f-d7658c279492/element] with body: {"strategy":"accessibility id","selector":"test-Username","context":"","multiple":false}
&amp#27;[38;5;32m[AndroidUiautomator2Driver@9227 (470eccf4)]&amp#27;[0m Got response with status 404: {"sessionId":"c147b82b-bb95-4cfb-a51f-d7658c279492","value":{"error":"no such element","message":"An element could not be located on the page using the given search parameters","stacktrace":"io.appium.uiautomator2.common.exceptions.ElementNotFoundException: An element could not be located on the page using the given search parameters\n\tat io.appium.uiautomator2.handler.FindElement.safeHandle(FindElement.java:70)\n\tat io.appium.uiautomator2.handler.request.SafeRequestHandler.handle(SafeRequestHandler.java:59)\n\tat io.appium.uiautomator2.server.AppiumServlet.handleRequest(AppiumServlet.java:270)\n\tat io.appium.uiautomator2.server.AppiumServlet.handleHttpRequest(AppiumServlet.java:264)\n\tat io.appium.uiautomator2.http.ServerHandler.channelRead(ServerHandler.java:68)\n\tat io.netty.channel.AbstractChannelHandlerContext.invokeChannelRead(AbstractChannelHandlerContext.java:366)\n\tat io.netty.channel.AbstractChannelHandlerContext.invokeChannelRead(AbstractChannelHandlerContext.java:352)\n\tat io.netty.chann...
[debug] &amp#27;[38;5;128m[W3C]&amp#27;[0m Matched W3C error code 'no such element' to NoSuchElementError
[debug] &amp#27;[38;5;32m[AndroidUiautomator2Driver@9227 (470eccf4)]&amp#27;[0m Encountered internal error running command: NoSuchElementError: An element could not be located on the page using the given search parameters.
[debug] &amp#27;[38;5;32m[AndroidUiautomator2Driver@9227 (470eccf4)]&amp#27;[0m     at AndroidUiautomator2Driver.findElOrEls (C:\Users\Rafael\.appium\node_modules\appium-uiautomator2-driver\node_modules\appium-android-driver\lib\commands\find.js:75:11)
[debug] &amp#27;[38;5;32m[AndroidUiautomator2Driver@9227 (470eccf4)]&amp#27;[0m     at processTicksAndRejections (node:internal/process/task_queues:95:5)
[debug] &amp#27;[38;5;32m[AndroidUiautomator2Driver@9227 (470eccf4)]&amp#27;[0m     at AndroidUiautomator2Driver.findElOrElsWithProcessing (C:\Users\Rafael\AppData\Roaming\npm\node_modules\appium\node_modules\@appium\base-driver\lib\basedriver\commands\find.ts:66:14)
[debug] &amp#27;[38;5;32m[AndroidUiautomator2Driver@9227 (470eccf4)]&amp#27;[0m     at AndroidUiautomator2Driver.findElement (C:\Users\Rafael\AppData\Roaming\npm\node_modules\appium\node_modules\@appium\base-driver\lib\basedriver\commands\find.ts:13:12)
&amp#27;[38;5;0m[HTTP]&amp#27;[0m &amp#27;[37m<-- POST /session/470eccf4-049a-4295-a7b2-704317e044ee/element &amp#27;[39m&amp#27;[33m404&amp#27;[39m &amp#27;[90m77 ms - 893&amp#27;[39m
&amp#27;[38;5;0m[HTTP]&amp#27;[0m &amp#27;[90m&amp#27;[39m
&amp#27;[38;5;0m[HTTP]&amp#27;[0m &amp#27;[37m-->&amp#27;[39m &amp#27;[37mPOST&amp#27;[39m &amp#27;[37m/session/470eccf4-049a-4295-a7b2-704317e044ee/element&amp#27;[39m
&amp#27;[38;5;0m[HTTP]&amp#27;[0m &amp#27;[90m{"using":"accessibility id","value":"test-Username"}&amp#27;[39m
[debug] &amp#27;[38;5;32m[AndroidUiautomator2Driver@9227 (470eccf4)]&amp#27;[0m Calling AppiumDriver.findElement() with args: ["accessibility id","test-Username","470eccf4-049a-4295-a7b2-704317e044ee"]
[debug] &amp#27;[38;5;32m[AndroidUiautomator2Driver@9227 (470eccf4)]&amp#27;[0m Valid locator strategies for this request: xpath, id, class name, accessibility id, css selector, -android uiautomator
[debug] &amp#27;[38;5;32m[AndroidUiautomator2Driver@9227 (470eccf4)]&amp#27;[0m Waiting up to 0 ms for condition
[debug] &amp#27;[38;5;32m[AndroidUiautomator2Driver@9227 (470eccf4)]&amp#27;[0m Matched '/element' to command name 'findElement'
[debug] &amp#27;[38;5;32m[AndroidUiautomator2Driver@9227 (470eccf4)]&amp#27;[0m Proxying [POST /element] to [POST http://127.0.0.1:8200/session/c147b82b-bb95-4cfb-a51f-d7658c279492/element] with body: {"strategy":"accessibility id","selector":"test-Username","context":"","multiple":false}
[debug] &amp#27;[38;5;32m[AndroidUiautomator2Driver@9227 (470eccf4)]&amp#27;[0m Got response with status 200: {"sessionId":"c147b82b-bb95-4cfb-a51f-d7658c279492","value":{"ELEMENT":"00000000-0000-0009-ffff-ffff0000002e","element-6066-11e4-a52e-4f735466cecf":"00000000-0000-0009-ffff-ffff0000002e"}}
[debug] &amp#27;[38;5;32m[AndroidUiautomator2Driver@9227 (470eccf4)]&amp#27;[0m Responding to client with driver.findElement() result: {"element-6066-11e4-a52e-4f735466cecf":"00000000-0000-0009-ffff-ffff0000002e","ELEMENT":"00000000-0000-0009-ffff-ffff0000002e"}
&amp#27;[38;5;0m[HTTP]&amp#27;[0m &amp#27;[37m<-- POST /session/470eccf4-049a-4295-a7b2-704317e044ee/element &amp#27;[39m&amp#27;[32m200&amp#27;[39m &amp#27;[90m735 ms - 137&amp#27;[39m
&amp#27;[38;5;0m[HTTP]&amp#27;[0m &amp#27;[90m&amp#27;[39m
&amp#27;[38;5;0m[HTTP]&amp#27;[0m &amp#27;[37m-->&amp#27;[39m &amp#27;[37mGET&amp#27;[39m &amp#27;[37m/session/470eccf4-049a-4295-a7b2-704317e044ee/element/00000000-0000-0009-ffff-ffff0000002e/displayed&amp#27;[39m
&amp#27;[38;5;0m[HTTP]&amp#27;[0m &amp#27;[90m{}&amp#27;[39m
[debug] &amp#27;[38;5;32m[AndroidUiautomator2Driver@9227 (470eccf4)]&amp#27;[0m Calling AppiumDriver.elementDisplayed() with args: ["00000000-0000-0009-ffff-ffff0000002e","470eccf4-049a-4295-a7b2-704317e044ee"]
[debug] &amp#27;[38;5;32m[AndroidUiautomator2Driver@9227 (470eccf4)]&amp#27;[0m Matched '/element/00000000-0000-0009-ffff-ffff0000002e/attribute/displayed' to command name 'getAttribute'
[debug] &amp#27;[38;5;32m[AndroidUiautomator2Driver@9227 (470eccf4)]&amp#27;[0m Proxying [GET /element/00000000-0000-0009-ffff-ffff0000002e/attribute/displayed] to [GET http://127.0.0.1:8200/session/c147b82b-bb95-4cfb-a51f-d7658c279492/element/00000000-0000-0009-ffff-ffff0000002e/attribute/displayed] with no body
[debug] &amp#27;[38;5;32m[AndroidUiautomator2Driver@9227 (470eccf4)]&amp#27;[0m Got response with status 200: {"sessionId":"c147b82b-bb95-4cfb-a51f-d7658c279492","value":"true"}
[debug] &amp#27;[38;5;32m[AndroidUiautomator2Driver@9227 (470eccf4)]&amp#27;[0m Responding to client with driver.elementDisplayed() result: true
&amp#27;[38;5;0m[HTTP]&amp#27;[0m &amp#27;[37m<-- GET /session/470eccf4-049a-4295-a7b2-704317e044ee/element/00000000-0000-0009-ffff-ffff0000002e/displayed &amp#27;[39m&amp#27;[32m200&amp#27;[39m &amp#27;[90m41 ms - 14&amp#27;[39m
&amp#27;[38;5;0m[HTTP]&amp#27;[0m &amp#27;[90m&amp#27;[39m
&amp#27;[38;5;0m[HTTP]&amp#27;[0m &amp#27;[37m-->&amp#27;[39m &amp#27;[37mGET&amp#27;[39m &amp#27;[37m/session/470eccf4-049a-4295-a7b2-704317e044ee/context&amp#27;[39m
&amp#27;[38;5;0m[HTTP]&amp#27;[0m &amp#27;[90m{}&amp#27;[39m
[debug] &amp#27;[38;5;32m[AndroidUiautomator2Driver@9227 (470eccf4)]&amp#27;[0m Calling AppiumDriver.getCurrentContext() with args: ["470eccf4-049a-4295-a7b2-704317e044ee"]
[debug] &amp#27;[38;5;32m[AndroidUiautomator2Driver@9227 (470eccf4)]&amp#27;[0m Responding to client with driver.getCurrentContext() result: "NATIVE_APP"
&amp#27;[38;5;0m[HTTP]&amp#27;[0m &amp#27;[37m<-- GET /session/470eccf4-049a-4295-a7b2-704317e044ee/context &amp#27;[39m&amp#27;[32m200&amp#27;[39m &amp#27;[90m5 ms - 22&amp#27;[39m
&amp#27;[38;5;0m[HTTP]&amp#27;[0m &amp#27;[90m&amp#27;[39m
&amp#27;[38;5;0m[HTTP]&amp#27;[0m &amp#27;[37m-->&amp#27;[39m &amp#27;[37mPOST&amp#27;[39m &amp#27;[37m/session/470eccf4-049a-4295-a7b2-704317e044ee/element&amp#27;[39m
&amp#27;[38;5;0m[HTTP]&amp#27;[0m &amp#27;[90m{"using":"accessibility id","value":"test-Username"}&amp#27;[39m
[debug] &amp#27;[38;5;32m[AndroidUiautomator2Driver@9227 (470eccf4)]&amp#27;[0m Calling AppiumDriver.findElement() with args: ["accessibility id","test-Username","470eccf4-049a-4295-a7b2-704317e044ee"]
[debug] &amp#27;[38;5;32m[AndroidUiautomator2Driver@9227 (470eccf4)]&amp#27;[0m Valid locator strategies for this request: xpath, id, class name, accessibility id, css selector, -android uiautomator
[debug] &amp#27;[38;5;32m[AndroidUiautomator2Driver@9227 (470eccf4)]&amp#27;[0m Waiting up to 0 ms for condition
[debug] &amp#27;[38;5;32m[AndroidUiautomator2Driver@9227 (470eccf4)]&amp#27;[0m Matched '/element' to command name 'findElement'
[debug] &amp#27;[38;5;32m[AndroidUiautomator2Driver@9227 (470eccf4)]&amp#27;[0m Proxying [POST /element] to [POST http://127.0.0.1:8200/session/c147b82b-bb95-4cfb-a51f-d7658c279492/element] with body: {"strategy":"accessibility id","selector":"test-Username","context":"","multiple":false}
[debug] &amp#27;[38;5;32m[AndroidUiautomator2Driver@9227 (470eccf4)]&amp#27;[0m Got response with status 200: {"sessionId":"c147b82b-bb95-4cfb-a51f-d7658c279492","value":{"ELEMENT":"00000000-0000-0009-ffff-ffff0000002e","element-6066-11e4-a52e-4f735466cecf":"00000000-0000-0009-ffff-ffff0000002e"}}
[debug] &amp#27;[38;5;32m[AndroidUiautomator2Driver@9227 (470eccf4)]&amp#27;[0m Responding to client with driver.findElement() result: {"element-6066-11e4-a52e-4f735466cecf":"00000000-0000-0009-ffff-ffff0000002e","ELEMENT":"00000000-0000-0009-ffff-ffff0000002e"}
&amp#27;[38;5;0m[HTTP]&amp#27;[0m &amp#27;[37m<-- POST /session/470eccf4-049a-4295-a7b2-704317e044ee/element &amp#27;[39m&amp#27;[32m200&amp#27;[39m &amp#27;[90m111 ms - 137&amp#27;[39m
&amp#27;[38;5;0m[HTTP]&amp#27;[0m &amp#27;[90m&amp#27;[39m
&amp#27;[38;5;0m[HTTP]&amp#27;[0m &amp#27;[37m-->&amp#27;[39m &amp#27;[37mPOST&amp#27;[39m &amp#27;[37m/session/470eccf4-049a-4295-a7b2-704317e044ee/element/00000000-0000-0009-ffff-ffff0000002e/value&amp#27;[39m
&amp#27;[38;5;0m[HTTP]&amp#27;[0m &amp#27;[90m{"id":"00000000-0000-0009-ffff-ffff0000002e","text":"standard_user","value":["s","t","a","n","d","a","r","d","_","u","s","e","r"]}&amp#27;[39m
[debug] &amp#27;[38;5;32m[AndroidUiautomator2Driver@9227 (470eccf4)]&amp#27;[0m Calling AppiumDriver.setValue() with args: [["s","t","a","n","d","a","r","d","_","u","s","e","r"],"00000000-0000-0009-ffff-ffff0000002e","470eccf4-049a-4295-a7b2-704317e044ee"]
[debug] &amp#27;[38;5;32m[AndroidUiautomator2Driver@9227 (470eccf4)]&amp#27;[0m Matched '/element/00000000-0000-0009-ffff-ffff0000002e/value' to command name 'setValue'
[debug] &amp#27;[38;5;32m[AndroidUiautomator2Driver@9227 (470eccf4)]&amp#27;[0m Added 'value' property ["s","t","a","n","d","a","r","d","_","u","s","e","r"] to 'setValue' request body
[debug] &amp#27;[38;5;32m[AndroidUiautomator2Driver@9227 (470eccf4)]&amp#27;[0m Proxying [POST /element/00000000-0000-0009-ffff-ffff0000002e/value] to [POST http://127.0.0.1:8200/session/c147b82b-bb95-4cfb-a51f-d7658c279492/element/00000000-0000-0009-ffff-ffff0000002e/value] with body: {"elementId":"00000000-0000-0009-ffff-ffff0000002e","text":"standard_user","replace":false,"value":["s","t","a","n","d","a","r","d","_","u","s","e","r"]}
[debug] &amp#27;[38;5;32m[AndroidUiautomator2Driver@9227 (470eccf4)]&amp#27;[0m Got response with status 200: {"sessionId":"c147b82b-bb95-4cfb-a51f-d7658c279492","value":null}
[debug] &amp#27;[38;5;32m[AndroidUiautomator2Driver@9227 (470eccf4)]&amp#27;[0m Responding to client with driver.setValue() result: null
&amp#27;[38;5;0m[HTTP]&amp#27;[0m &amp#27;[37m<-- POST /session/470eccf4-049a-4295-a7b2-704317e044ee/element/00000000-0000-0009-ffff-ffff0000002e/value &amp#27;[39m&amp#27;[32m200&amp#27;[39m &amp#27;[90m91 ms - 14&amp#27;[39m
&amp#27;[38;5;0m[HTTP]&amp#27;[0m &amp#27;[90m&amp#27;[39m
&amp#27;[38;5;0m[HTTP]&amp#27;[0m &amp#27;[37m-->&amp#27;[39m &amp#27;[37mGET&amp#27;[39m &amp#27;[37m/session/470eccf4-049a-4295-a7b2-704317e044ee/context&amp#27;[39m
&amp#27;[38;5;0m[HTTP]&amp#27;[0m &amp#27;[90m{}&amp#27;[39m
[debug] &amp#27;[38;5;32m[AndroidUiautomator2Driver@9227 (470eccf4)]&amp#27;[0m Calling AppiumDriver.getCurrentContext() with args: ["470eccf4-049a-4295-a7b2-704317e044ee"]
[debug] &amp#27;[38;5;32m[AndroidUiautomator2Driver@9227 (470eccf4)]&amp#27;[0m Responding to client with driver.getCurrentContext() result: "NATIVE_APP"
&amp#27;[38;5;0m[HTTP]&amp#27;[0m &amp#27;[37m<-- GET /session/470eccf4-049a-4295-a7b2-704317e044ee/context &amp#27;[39m&amp#27;[32m200&amp#27;[39m &amp#27;[90m2 ms - 22&amp#27;[39m
&amp#27;[38;5;0m[HTTP]&amp#27;[0m &amp#27;[90m&amp#27;[39m
&amp#27;[38;5;0m[HTTP]&amp#27;[0m &amp#27;[37m-->&amp#27;[39m &amp#27;[37mPOST&amp#27;[39m &amp#27;[37m/session/470eccf4-049a-4295-a7b2-704317e044ee/element&amp#27;[39m
&amp#27;[38;5;0m[HTTP]&amp#27;[0m &amp#27;[90m{"using":"accessibility id","value":"test-Password"}&amp#27;[39m
[debug] &amp#27;[38;5;32m[AndroidUiautomator2Driver@9227 (470eccf4)]&amp#27;[0m Calling AppiumDriver.findElement() with args: ["accessibility id","test-Password","470eccf4-049a-4295-a7b2-704317e044ee"]
[debug] &amp#27;[38;5;32m[AndroidUiautomator2Driver@9227 (470eccf4)]&amp#27;[0m Valid locator strategies for this request: xpath, id, class name, accessibility id, css selector, -android uiautomator
[debug] &amp#27;[38;5;32m[AndroidUiautomator2Driver@9227 (470eccf4)]&amp#27;[0m Waiting up to 0 ms for condition
[debug] &amp#27;[38;5;32m[AndroidUiautomator2Driver@9227 (470eccf4)]&amp#27;[0m Matched '/element' to command name 'findElement'
[debug] &amp#27;[38;5;32m[AndroidUiautomator2Driver@9227 (470eccf4)]&amp#27;[0m Proxying [POST /element] to [POST http://127.0.0.1:8200/session/c147b82b-bb95-4cfb-a51f-d7658c279492/element] with body: {"strategy":"accessibility id","selector":"test-Password","context":"","multiple":false}
[debug] &amp#27;[38;5;32m[AndroidUiautomator2Driver@9227 (470eccf4)]&amp#27;[0m Got response with status 200: {"sessionId":"c147b82b-bb95-4cfb-a51f-d7658c279492","value":{"ELEMENT":"00000000-0000-0009-ffff-ffff0000002f","element-6066-11e4-a52e-4f735466cecf":"00000000-0000-0009-ffff-ffff0000002f"}}
[debug] &amp#27;[38;5;32m[AndroidUiautomator2Driver@9227 (470eccf4)]&amp#27;[0m Responding to client with driver.findElement() result: {"element-6066-11e4-a52e-4f735466cecf":"00000000-0000-0009-ffff-ffff0000002f","ELEMENT":"00000000-0000-0009-ffff-ffff0000002f"}
&amp#27;[38;5;0m[HTTP]&amp#27;[0m &amp#27;[37m<-- POST /session/470eccf4-049a-4295-a7b2-704317e044ee/element &amp#27;[39m&amp#27;[32m200&amp#27;[39m &amp#27;[90m585 ms - 137&amp#27;[39m
&amp#27;[38;5;0m[HTTP]&amp#27;[0m &amp#27;[90m&amp#27;[39m
&amp#27;[38;5;0m[HTTP]&amp#27;[0m &amp#27;[37m-->&amp#27;[39m &amp#27;[37mGET&amp#27;[39m &amp#27;[37m/session/470eccf4-049a-4295-a7b2-704317e044ee/element/00000000-0000-0009-ffff-ffff0000002f/displayed&amp#27;[39m
&amp#27;[38;5;0m[HTTP]&amp#27;[0m &amp#27;[90m{}&amp#27;[39m
[debug] &amp#27;[38;5;32m[AndroidUiautomator2Driver@9227 (470eccf4)]&amp#27;[0m Calling AppiumDriver.elementDisplayed() with args: ["00000000-0000-0009-ffff-ffff0000002f","470eccf4-049a-4295-a7b2-704317e044ee"]
[debug] &amp#27;[38;5;32m[AndroidUiautomator2Driver@9227 (470eccf4)]&amp#27;[0m Matched '/element/00000000-0000-0009-ffff-ffff0000002f/attribute/displayed' to command name 'getAttribute'
[debug] &amp#27;[38;5;32m[AndroidUiautomator2Driver@9227 (470eccf4)]&amp#27;[0m Proxying [GET /element/00000000-0000-0009-ffff-ffff0000002f/attribute/displayed] to [GET http://127.0.0.1:8200/session/c147b82b-bb95-4cfb-a51f-d7658c279492/element/00000000-0000-0009-ffff-ffff0000002f/attribute/displayed] with no body
[debug] &amp#27;[38;5;32m[AndroidUiautomator2Driver@9227 (470eccf4)]&amp#27;[0m Got response with status 200: {"sessionId":"c147b82b-bb95-4cfb-a51f-d7658c279492","value":"true"}
[debug] &amp#27;[38;5;32m[AndroidUiautomator2Driver@9227 (470eccf4)]&amp#27;[0m Responding to client with driver.elementDisplayed() result: true
&amp#27;[38;5;0m[HTTP]&amp#27;[0m &amp#27;[37m<-- GET /session/470eccf4-049a-4295-a7b2-704317e044ee/element/00000000-0000-0009-ffff-ffff0000002f/displayed &amp#27;[39m&amp#27;[32m200&amp#27;[39m &amp#27;[90m69 ms - 14&amp#27;[39m
&amp#27;[38;5;0m[HTTP]&amp#27;[0m &amp#27;[90m&amp#27;[39m
&amp#27;[38;5;0m[HTTP]&amp#27;[0m &amp#27;[37m-->&amp#27;[39m &amp#27;[37mGET&amp#27;[39m &amp#27;[37m/session/470eccf4-049a-4295-a7b2-704317e044ee/context&amp#27;[39m
&amp#27;[38;5;0m[HTTP]&amp#27;[0m &amp#27;[90m{}&amp#27;[39m
[debug] &amp#27;[38;5;32m[AndroidUiautomator2Driver@9227 (470eccf4)]&amp#27;[0m Calling AppiumDriver.getCurrentContext() with args: ["470eccf4-049a-4295-a7b2-704317e044ee"]
[debug] &amp#27;[38;5;32m[AndroidUiautomator2Driver@9227 (470eccf4)]&amp#27;[0m Responding to client with driver.getCurrentContext() result: "NATIVE_APP"
&amp#27;[38;5;0m[HTTP]&amp#27;[0m &amp#27;[37m<-- GET /session/470eccf4-049a-4295-a7b2-704317e044ee/context &amp#27;[39m&amp#27;[32m200&amp#27;[39m &amp#27;[90m2 ms - 22&amp#27;[39m
&amp#27;[38;5;0m[HTTP]&amp#27;[0m &amp#27;[90m&amp#27;[39m
&amp#27;[38;5;0m[HTTP]&amp#27;[0m &amp#27;[37m-->&amp#27;[39m &amp#27;[37mPOST&amp#27;[39m &amp#27;[37m/session/470eccf4-049a-4295-a7b2-704317e044ee/element&amp#27;[39m
&amp#27;[38;5;0m[HTTP]&amp#27;[0m &amp#27;[90m{"using":"accessibility id","value":"test-Password"}&amp#27;[39m
[debug] &amp#27;[38;5;32m[AndroidUiautomator2Driver@9227 (470eccf4)]&amp#27;[0m Calling AppiumDriver.findElement() with args: ["accessibility id","test-Password","470eccf4-049a-4295-a7b2-704317e044ee"]
[debug] &amp#27;[38;5;32m[AndroidUiautomator2Driver@9227 (470eccf4)]&amp#27;[0m Valid locator strategies for this request: xpath, id, class name, accessibility id, css selector, -android uiautomator
[debug] &amp#27;[38;5;32m[AndroidUiautomator2Driver@9227 (470eccf4)]&amp#27;[0m Waiting up to 0 ms for condition
[debug] &amp#27;[38;5;32m[AndroidUiautomator2Driver@9227 (470eccf4)]&amp#27;[0m Matched '/element' to command name 'findElement'
[debug] &amp#27;[38;5;32m[AndroidUiautomator2Driver@9227 (470eccf4)]&amp#27;[0m Proxying [POST /element] to [POST http://127.0.0.1:8200/session/c147b82b-bb95-4cfb-a51f-d7658c279492/element] with body: {"strategy":"accessibility id","selector":"test-Password","context":"","multiple":false}
[debug] &amp#27;[38;5;32m[AndroidUiautomator2Driver@9227 (470eccf4)]&amp#27;[0m Got response with status 200: {"sessionId":"c147b82b-bb95-4cfb-a51f-d7658c279492","value":{"ELEMENT":"00000000-0000-0009-ffff-ffff0000002f","element-6066-11e4-a52e-4f735466cecf":"00000000-0000-0009-ffff-ffff0000002f"}}
[debug] &amp#27;[38;5;32m[AndroidUiautomator2Driver@9227 (470eccf4)]&amp#27;[0m Responding to client with driver.findElement() result: {"element-6066-11e4-a52e-4f735466cecf":"00000000-0000-0009-ffff-ffff0000002f","ELEMENT":"00000000-0000-0009-ffff-ffff0000002f"}
&amp#27;[38;5;0m[HTTP]&amp#27;[0m &amp#27;[37m<-- POST /session/470eccf4-049a-4295-a7b2-704317e044ee/element &amp#27;[39m&amp#27;[32m200&amp#27;[39m &amp#27;[90m109 ms - 137&amp#27;[39m
&amp#27;[38;5;0m[HTTP]&amp#27;[0m &amp#27;[90m&amp#27;[39m
&amp#27;[38;5;0m[HTTP]&amp#27;[0m &amp#27;[37m-->&amp#27;[39m &amp#27;[37mPOST&amp#27;[39m &amp#27;[37m/session/470eccf4-049a-4295-a7b2-704317e044ee/element/00000000-0000-0009-ffff-ffff0000002f/value&amp#27;[39m
&amp#27;[38;5;0m[HTTP]&amp#27;[0m &amp#27;[90m{"id":"00000000-0000-0009-ffff-ffff0000002f","text":"secret_sauce","value":["s","e","c","r","e","t","_","s","a","u","c","e"]}&amp#27;[39m
[debug] &amp#27;[38;5;32m[AndroidUiautomator2Driver@9227 (470eccf4)]&amp#27;[0m Calling AppiumDriver.setValue() with args: [["s","e","c","r","e","t","_","s","a","u","c","e"],"00000000-0000-0009-ffff-ffff0000002f","470eccf4-049a-4295-a7b2-704317e044ee"]
[debug] &amp#27;[38;5;32m[AndroidUiautomator2Driver@9227 (470eccf4)]&amp#27;[0m Matched '/element/00000000-0000-0009-ffff-ffff0000002f/value' to command name 'setValue'
[debug] &amp#27;[38;5;32m[AndroidUiautomator2Driver@9227 (470eccf4)]&amp#27;[0m Added 'value' property ["s","e","c","r","e","t","_","s","a","u","c","e"] to 'setValue' request body
[debug] &amp#27;[38;5;32m[AndroidUiautomator2Driver@9227 (470eccf4)]&amp#27;[0m Proxying [POST /element/00000000-0000-0009-ffff-ffff0000002f/value] to [POST http://127.0.0.1:8200/session/c147b82b-bb95-4cfb-a51f-d7658c279492/element/00000000-0000-0009-ffff-ffff0000002f/value] with body: {"elementId":"00000000-0000-0009-ffff-ffff0000002f","text":"secret_sauce","replace":false,"value":["s","e","c","r","e","t","_","s","a","u","c","e"]}
[debug] &amp#27;[38;5;32m[AndroidUiautomator2Driver@9227 (470eccf4)]&amp#27;[0m Got response with status 200: {"sessionId":"c147b82b-bb95-4cfb-a51f-d7658c279492","value":null}
[debug] &amp#27;[38;5;32m[AndroidUiautomator2Driver@9227 (470eccf4)]&amp#27;[0m Responding to client with driver.setValue() result: null
&amp#27;[38;5;0m[HTTP]&amp#27;[0m &amp#27;[37m<-- POST /session/470eccf4-049a-4295-a7b2-704317e044ee/element/00000000-0000-0009-ffff-ffff0000002f/value &amp#27;[39m&amp#27;[32m200&amp#27;[39m &amp#27;[90m570 ms - 14&amp#27;[39m
&amp#27;[38;5;0m[HTTP]&amp#27;[0m &amp#27;[90m&amp#27;[39m
&amp#27;[38;5;0m[HTTP]&amp#27;[0m &amp#27;[37m-->&amp#27;[39m &amp#27;[37mGET&amp#27;[39m &amp#27;[37m/session/470eccf4-049a-4295-a7b2-704317e044ee/context&amp#27;[39m
&amp#27;[38;5;0m[HTTP]&amp#27;[0m &amp#27;[90m{}&amp#27;[39m
[debug] &amp#27;[38;5;32m[AndroidUiautomator2Driver@9227 (470eccf4)]&amp#27;[0m Calling AppiumDriver.getCurrentContext() with args: ["470eccf4-049a-4295-a7b2-704317e044ee"]
[debug] &amp#27;[38;5;32m[AndroidUiautomator2Driver@9227 (470eccf4)]&amp#27;[0m Responding to client with driver.getCurrentContext() result: "NATIVE_APP"
&amp#27;[38;5;0m[HTTP]&amp#27;[0m &amp#27;[37m<-- GET /session/470eccf4-049a-4295-a7b2-704317e044ee/context &amp#27;[39m&amp#27;[32m200&amp#27;[39m &amp#27;[90m1 ms - 22&amp#27;[39m
&amp#27;[38;5;0m[HTTP]&amp#27;[0m &amp#27;[90m&amp#27;[39m
&amp#27;[38;5;0m[HTTP]&amp#27;[0m &amp#27;[37m-->&amp#27;[39m &amp#27;[37mPOST&amp#27;[39m &amp#27;[37m/session/470eccf4-049a-4295-a7b2-704317e044ee/element&amp#27;[39m
&amp#27;[38;5;0m[HTTP]&amp#27;[0m &amp#27;[90m{"using":"accessibility id","value":"test-LOGIN"}&amp#27;[39m
[debug] &amp#27;[38;5;32m[AndroidUiautomator2Driver@9227 (470eccf4)]&amp#27;[0m Calling AppiumDriver.findElement() with args: ["accessibility id","test-LOGIN","470eccf4-049a-4295-a7b2-704317e044ee"]
[debug] &amp#27;[38;5;32m[AndroidUiautomator2Driver@9227 (470eccf4)]&amp#27;[0m Valid locator strategies for this request: xpath, id, class name, accessibility id, css selector, -android uiautomator
[debug] &amp#27;[38;5;32m[AndroidUiautomator2Driver@9227 (470eccf4)]&amp#27;[0m Waiting up to 0 ms for condition
[debug] &amp#27;[38;5;32m[AndroidUiautomator2Driver@9227 (470eccf4)]&amp#27;[0m Matched '/element' to command name 'findElement'
[debug] &amp#27;[38;5;32m[AndroidUiautomator2Driver@9227 (470eccf4)]&amp#27;[0m Proxying [POST /element] to [POST http://127.0.0.1:8200/session/c147b82b-bb95-4cfb-a51f-d7658c279492/element] with body: {"strategy":"accessibility id","selector":"test-LOGIN","context":"","multiple":false}
[debug] &amp#27;[38;5;32m[AndroidUiautomator2Driver@9227 (470eccf4)]&amp#27;[0m Got response with status 200: {"sessionId":"c147b82b-bb95-4cfb-a51f-d7658c279492","value":{"ELEMENT":"00000000-0000-0009-ffff-ffff0000002b","element-6066-11e4-a52e-4f735466cecf":"00000000-0000-0009-ffff-ffff0000002b"}}
[debug] &amp#27;[38;5;32m[AndroidUiautomator2Driver@9227 (470eccf4)]&amp#27;[0m Responding to client with driver.findElement() result: {"element-6066-11e4-a52e-4f735466cecf":"00000000-0000-0009-ffff-ffff0000002b","ELEMENT":"00000000-0000-0009-ffff-ffff0000002b"}
&amp#27;[38;5;0m[HTTP]&amp#27;[0m &amp#27;[37m<-- POST /session/470eccf4-049a-4295-a7b2-704317e044ee/element &amp#27;[39m&amp#27;[32m200&amp#27;[39m &amp#27;[90m1051 ms - 137&amp#27;[39m
&amp#27;[38;5;0m[HTTP]&amp#27;[0m &amp#27;[90m&amp#27;[39m
&amp#27;[38;5;0m[HTTP]&amp#27;[0m &amp#27;[37m-->&amp#27;[39m &amp#27;[37mGET&amp#27;[39m &amp#27;[37m/session/470eccf4-049a-4295-a7b2-704317e044ee/element/00000000-0000-0009-ffff-ffff0000002b/displayed&amp#27;[39m
&amp#27;[38;5;0m[HTTP]&amp#27;[0m &amp#27;[90m{}&amp#27;[39m
[debug] &amp#27;[38;5;32m[AndroidUiautomator2Driver@9227 (470eccf4)]&amp#27;[0m Calling AppiumDriver.elementDisplayed() with args: ["00000000-0000-0009-ffff-ffff0000002b","470eccf4-049a-4295-a7b2-704317e044ee"]
[debug] &amp#27;[38;5;32m[AndroidUiautomator2Driver@9227 (470eccf4)]&amp#27;[0m Matched '/element/00000000-0000-0009-ffff-ffff0000002b/attribute/displayed' to command name 'getAttribute'
[debug] &amp#27;[38;5;32m[AndroidUiautomator2Driver@9227 (470eccf4)]&amp#27;[0m Proxying [GET /element/00000000-0000-0009-ffff-ffff0000002b/attribute/displayed] to [GET http://127.0.0.1:8200/session/c147b82b-bb95-4cfb-a51f-d7658c279492/element/00000000-0000-0009-ffff-ffff0000002b/attribute/displayed] with no body
[debug] &amp#27;[38;5;32m[AndroidUiautomator2Driver@9227 (470eccf4)]&amp#27;[0m Got response with status 200: {"sessionId":"c147b82b-bb95-4cfb-a51f-d7658c279492","value":"true"}
[debug] &amp#27;[38;5;32m[AndroidUiautomator2Driver@9227 (470eccf4)]&amp#27;[0m Responding to client with driver.elementDisplayed() result: true
&amp#27;[38;5;0m[HTTP]&amp#27;[0m &amp#27;[37m<-- GET /session/470eccf4-049a-4295-a7b2-704317e044ee/element/00000000-0000-0009-ffff-ffff0000002b/displayed &amp#27;[39m&amp#27;[32m200&amp#27;[39m &amp#27;[90m38 ms - 14&amp#27;[39m
&amp#27;[38;5;0m[HTTP]&amp#27;[0m &amp#27;[90m&amp#27;[39m
&amp#27;[38;5;0m[HTTP]&amp#27;[0m &amp#27;[37m-->&amp#27;[39m &amp#27;[37mGET&amp#27;[39m &amp#27;[37m/session/470eccf4-049a-4295-a7b2-704317e044ee/context&amp#27;[39m
&amp#27;[38;5;0m[HTTP]&amp#27;[0m &amp#27;[90m{}&amp#27;[39m
[debug] &amp#27;[38;5;32m[AndroidUiautomator2Driver@9227 (470eccf4)]&amp#27;[0m Calling AppiumDriver.getCurrentContext() with args: ["470eccf4-049a-4295-a7b2-704317e044ee"]
[debug] &amp#27;[38;5;32m[AndroidUiautomator2Driver@9227 (470eccf4)]&amp#27;[0m Responding to client with driver.getCurrentContext() result: "NATIVE_APP"
&amp#27;[38;5;0m[HTTP]&amp#27;[0m &amp#27;[37m<-- GET /session/470eccf4-049a-4295-a7b2-704317e044ee/context &amp#27;[39m&amp#27;[32m200&amp#27;[39m &amp#27;[90m1 ms - 22&amp#27;[39m
&amp#27;[38;5;0m[HTTP]&amp#27;[0m &amp#27;[90m&amp#27;[39m
&amp#27;[38;5;0m[HTTP]&amp#27;[0m &amp#27;[37m-->&amp#27;[39m &amp#27;[37mPOST&amp#27;[39m &amp#27;[37m/session/470eccf4-049a-4295-a7b2-704317e044ee/element&amp#27;[39m
&amp#27;[38;5;0m[HTTP]&amp#27;[0m &amp#27;[90m{"using":"accessibility id","value":"test-LOGIN"}&amp#27;[39m
[debug] &amp#27;[38;5;32m[AndroidUiautomator2Driver@9227 (470eccf4)]&amp#27;[0m Calling AppiumDriver.findElement() with args: ["accessibility id","test-LOGIN","470eccf4-049a-4295-a7b2-704317e044ee"]
[debug] &amp#27;[38;5;32m[AndroidUiautomator2Driver@9227 (470eccf4)]&amp#27;[0m Valid locator strategies for this request: xpath, id, class name, accessibility id, css selector, -android uiautomator
[debug] &amp#27;[38;5;32m[AndroidUiautomator2Driver@9227 (470eccf4)]&amp#27;[0m Waiting up to 0 ms for condition
[debug] &amp#27;[38;5;32m[AndroidUiautomator2Driver@9227 (470eccf4)]&amp#27;[0m Matched '/element' to command name 'findElement'
[debug] &amp#27;[38;5;32m[AndroidUiautomator2Driver@9227 (470eccf4)]&amp#27;[0m Proxying [POST /element] to [POST http://127.0.0.1:8200/session/c147b82b-bb95-4cfb-a51f-d7658c279492/element] with body: {"strategy":"accessibility id","selector":"test-LOGIN","context":"","multiple":false}
[debug] &amp#27;[38;5;32m[AndroidUiautomator2Driver@9227 (470eccf4)]&amp#27;[0m Got response with status 200: {"sessionId":"c147b82b-bb95-4cfb-a51f-d7658c279492","value":{"ELEMENT":"00000000-0000-0009-ffff-ffff0000002b","element-6066-11e4-a52e-4f735466cecf":"00000000-0000-0009-ffff-ffff0000002b"}}
[debug] &amp#27;[38;5;32m[AndroidUiautomator2Driver@9227 (470eccf4)]&amp#27;[0m Responding to client with driver.findElement() result: {"element-6066-11e4-a52e-4f735466cecf":"00000000-0000-0009-ffff-ffff0000002b","ELEMENT":"00000000-0000-0009-ffff-ffff0000002b"}
&amp#27;[38;5;0m[HTTP]&amp#27;[0m &amp#27;[37m<-- POST /session/470eccf4-049a-4295-a7b2-704317e044ee/element &amp#27;[39m&amp#27;[32m200&amp#27;[39m &amp#27;[90m107 ms - 137&amp#27;[39m
&amp#27;[38;5;0m[HTTP]&amp#27;[0m &amp#27;[90m&amp#27;[39m
&amp#27;[38;5;0m[HTTP]&amp#27;[0m &amp#27;[37m-->&amp#27;[39m &amp#27;[37mPOST&amp#27;[39m &amp#27;[37m/session/470eccf4-049a-4295-a7b2-704317e044ee/element/00000000-0000-0009-ffff-ffff0000002b/click&amp#27;[39m
&amp#27;[38;5;0m[HTTP]&amp#27;[0m &amp#27;[90m{"id":"00000000-0000-0009-ffff-ffff0000002b"}&amp#27;[39m
[debug] &amp#27;[38;5;32m[AndroidUiautomator2Driver@9227 (470eccf4)]&amp#27;[0m Calling AppiumDriver.click() with args: ["00000000-0000-0009-ffff-ffff0000002b","470eccf4-049a-4295-a7b2-704317e044ee"]
[debug] &amp#27;[38;5;32m[AndroidUiautomator2Driver@9227 (470eccf4)]&amp#27;[0m Matched '/element/00000000-0000-0009-ffff-ffff0000002b/click' to command name 'click'
[debug] &amp#27;[38;5;32m[AndroidUiautomator2Driver@9227 (470eccf4)]&amp#27;[0m Proxying [POST /element/00000000-0000-0009-ffff-ffff0000002b/click] to [POST http://127.0.0.1:8200/session/c147b82b-bb95-4cfb-a51f-d7658c279492/element/00000000-0000-0009-ffff-ffff0000002b/click] with body: {"element":"00000000-0000-0009-ffff-ffff0000002b"}
[debug] &amp#27;[38;5;32m[AndroidUiautomator2Driver@9227 (470eccf4)]&amp#27;[0m Got response with status 200: {"sessionId":"c147b82b-bb95-4cfb-a51f-d7658c279492","value":null}
[debug] &amp#27;[38;5;32m[AndroidUiautomator2Driver@9227 (470eccf4)]&amp#27;[0m Responding to client with driver.click() result: null
&amp#27;[38;5;0m[HTTP]&amp#27;[0m &amp#27;[37m<-- POST /session/470eccf4-049a-4295-a7b2-704317e044ee/element/00000000-0000-0009-ffff-ffff0000002b/click &amp#27;[39m&amp#27;[32m200&amp#27;[39m &amp#27;[90m90 ms - 14&amp#27;[39m
&amp#27;[38;5;0m[HTTP]&amp#27;[0m &amp#27;[90m&amp#27;[39m
&amp#27;[38;5;0m[HTTP]&amp#27;[0m &amp#27;[37m-->&amp#27;[39m &amp#27;[37mGET&amp#27;[39m &amp#27;[37m/session/470eccf4-049a-4295-a7b2-704317e044ee/context&amp#27;[39m
&amp#27;[38;5;0m[HTTP]&amp#27;[0m &amp#27;[90m{}&amp#27;[39m
[debug] &amp#27;[38;5;32m[AndroidUiautomator2Driver@9227 (470eccf4)]&amp#27;[0m Calling AppiumDriver.getCurrentContext() with args: ["470eccf4-049a-4295-a7b2-704317e044ee"]
[debug] &amp#27;[38;5;32m[AndroidUiautomator2Driver@9227 (470eccf4)]&amp#27;[0m Responding to client with driver.getCurrentContext() result: "NATIVE_APP"
&amp#27;[38;5;0m[HTTP]&amp#27;[0m &amp#27;[37m<-- GET /session/470eccf4-049a-4295-a7b2-704317e044ee/context &amp#27;[39m&amp#27;[32m200&amp#27;[39m &amp#27;[90m1 ms - 22&amp#27;[39m
&amp#27;[38;5;0m[HTTP]&amp#27;[0m &amp#27;[90m&amp#27;[39m
&amp#27;[38;5;0m[HTTP]&amp#27;[0m &amp#27;[37m-->&amp#27;[39m &amp#27;[37mPOST&amp#27;[39m &amp#27;[37m/session/470eccf4-049a-4295-a7b2-704317e044ee/element&amp#27;[39m
&amp#27;[38;5;0m[HTTP]&amp#27;[0m &amp#27;[90m{"using":"xpath","value":"(//android.widget.TextView[@content-desc=\"test-Item title\"])[1]"}&amp#27;[39m
[debug] &amp#27;[38;5;32m[AndroidUiautomator2Driver@9227 (470eccf4)]&amp#27;[0m Calling AppiumDriver.findElement() with args: ["xpath","(//android.widget.TextView[@content-desc=\"test-Item title\"])[1]","470eccf4-049a-4295-a7b2-704317e044ee"]
[debug] &amp#27;[38;5;32m[AndroidUiautomator2Driver@9227 (470eccf4)]&amp#27;[0m Valid locator strategies for this request: xpath, id, class name, accessibility id, css selector, -android uiautomator
[debug] &amp#27;[38;5;32m[AndroidUiautomator2Driver@9227 (470eccf4)]&amp#27;[0m Waiting up to 0 ms for condition
[debug] &amp#27;[38;5;32m[AndroidUiautomator2Driver@9227 (470eccf4)]&amp#27;[0m Matched '/element' to command name 'findElement'
[debug] &amp#27;[38;5;32m[AndroidUiautomator2Driver@9227 (470eccf4)]&amp#27;[0m Proxying [POST /element] to [POST http://127.0.0.1:8200/session/c147b82b-bb95-4cfb-a51f-d7658c279492/element] with body: {"strategy":"xpath","selector":"(//android.widget.TextView[@content-desc=\"test-Item title\"])[1]","context":"","multiple":false}
[debug] &amp#27;[38;5;32m[AndroidUiautomator2Driver@9227 (470eccf4)]&amp#27;[0m Got response with status 200: {"sessionId":"c147b82b-bb95-4cfb-a51f-d7658c279492","value":{"ELEMENT":"00000000-0000-0009-ffff-ffff00000072","element-6066-11e4-a52e-4f735466cecf":"00000000-0000-0009-ffff-ffff00000072"}}
[debug] &amp#27;[38;5;32m[AndroidUiautomator2Driver@9227 (470eccf4)]&amp#27;[0m Responding to client with driver.findElement() result: {"element-6066-11e4-a52e-4f735466cecf":"00000000-0000-0009-ffff-ffff00000072","ELEMENT":"00000000-0000-0009-ffff-ffff00000072"}
&amp#27;[38;5;0m[HTTP]&amp#27;[0m &amp#27;[37m<-- POST /session/470eccf4-049a-4295-a7b2-704317e044ee/element &amp#27;[39m&amp#27;[32m200&amp#27;[39m &amp#27;[90m2545 ms - 137&amp#27;[39m
&amp#27;[38;5;0m[HTTP]&amp#27;[0m &amp#27;[90m&amp#27;[39m
&amp#27;[38;5;0m[HTTP]&amp#27;[0m &amp#27;[37m-->&amp#27;[39m &amp#27;[37mGET&amp#27;[39m &amp#27;[37m/session/470eccf4-049a-4295-a7b2-704317e044ee/element/00000000-0000-0009-ffff-ffff00000072/displayed&amp#27;[39m
&amp#27;[38;5;0m[HTTP]&amp#27;[0m &amp#27;[90m{}&amp#27;[39m
[debug] &amp#27;[38;5;32m[AndroidUiautomator2Driver@9227 (470eccf4)]&amp#27;[0m Calling AppiumDriver.elementDisplayed() with args: ["00000000-0000-0009-ffff-ffff00000072","470eccf4-049a-4295-a7b2-704317e044ee"]
[debug] &amp#27;[38;5;32m[AndroidUiautomator2Driver@9227 (470eccf4)]&amp#27;[0m Matched '/element/00000000-0000-0009-ffff-ffff00000072/attribute/displayed' to command name 'getAttribute'
[debug] &amp#27;[38;5;32m[AndroidUiautomator2Driver@9227 (470eccf4)]&amp#27;[0m Proxying [GET /element/00000000-0000-0009-ffff-ffff00000072/attribute/displayed] to [GET http://127.0.0.1:8200/session/c147b82b-bb95-4cfb-a51f-d7658c279492/element/00000000-0000-0009-ffff-ffff00000072/attribute/displayed] with no body
[debug] &amp#27;[38;5;32m[AndroidUiautomator2Driver@9227 (470eccf4)]&amp#27;[0m Got response with status 200: {"sessionId":"c147b82b-bb95-4cfb-a51f-d7658c279492","value":"true"}
[debug] &amp#27;[38;5;32m[AndroidUiautomator2Driver@9227 (470eccf4)]&amp#27;[0m Responding to client with driver.elementDisplayed() result: true
&amp#27;[38;5;0m[HTTP]&amp#27;[0m &amp#27;[37m<-- GET /session/470eccf4-049a-4295-a7b2-704317e044ee/element/00000000-0000-0009-ffff-ffff00000072/displayed &amp#27;[39m&amp#27;[32m200&amp#27;[39m &amp#27;[90m29 ms - 14&amp#27;[39m
&amp#27;[38;5;0m[HTTP]&amp#27;[0m &amp#27;[90m&amp#27;[39m
&amp#27;[38;5;0m[HTTP]&amp#27;[0m &amp#27;[37m-->&amp#27;[39m &amp#27;[37mGET&amp#27;[39m &amp#27;[37m/session/470eccf4-049a-4295-a7b2-704317e044ee/context&amp#27;[39m
&amp#27;[38;5;0m[HTTP]&amp#27;[0m &amp#27;[90m{}&amp#27;[39m
[debug] &amp#27;[38;5;32m[AndroidUiautomator2Driver@9227 (470eccf4)]&amp#27;[0m Calling AppiumDriver.getCurrentContext() with args: ["470eccf4-049a-4295-a7b2-704317e044ee"]
[debug] &amp#27;[38;5;32m[AndroidUiautomator2Driver@9227 (470eccf4)]&amp#27;[0m Responding to client with driver.getCurrentContext() result: "NATIVE_APP"
&amp#27;[38;5;0m[HTTP]&amp#27;[0m &amp#27;[37m<-- GET /session/470eccf4-049a-4295-a7b2-704317e044ee/context &amp#27;[39m&amp#27;[32m200&amp#27;[39m &amp#27;[90m1 ms - 22&amp#27;[39m
&amp#27;[38;5;0m[HTTP]&amp#27;[0m &amp#27;[90m&amp#27;[39m
&amp#27;[38;5;0m[HTTP]&amp#27;[0m &amp#27;[37m-->&amp#27;[39m &amp#27;[37mPOST&amp#27;[39m &amp#27;[37m/session/470eccf4-049a-4295-a7b2-704317e044ee/element&amp#27;[39m
&amp#27;[38;5;0m[HTTP]&amp#27;[0m &amp#27;[90m{"using":"xpath","value":"(//android.widget.TextView[@content-desc=\"test-Item title\"])[1]"}&amp#27;[39m
[debug] &amp#27;[38;5;32m[AndroidUiautomator2Driver@9227 (470eccf4)]&amp#27;[0m Calling AppiumDriver.findElement() with args: ["xpath","(//android.widget.TextView[@content-desc=\"test-Item title\"])[1]","470eccf4-049a-4295-a7b2-704317e044ee"]
[debug] &amp#27;[38;5;32m[AndroidUiautomator2Driver@9227 (470eccf4)]&amp#27;[0m Valid locator strategies for this request: xpath, id, class name, accessibility id, css selector, -android uiautomator
[debug] &amp#27;[38;5;32m[AndroidUiautomator2Driver@9227 (470eccf4)]&amp#27;[0m Waiting up to 0 ms for condition
[debug] &amp#27;[38;5;32m[AndroidUiautomator2Driver@9227 (470eccf4)]&amp#27;[0m Matched '/element' to command name 'findElement'
[debug] &amp#27;[38;5;32m[AndroidUiautomator2Driver@9227 (470eccf4)]&amp#27;[0m Proxying [POST /element] to [POST http://127.0.0.1:8200/session/c147b82b-bb95-4cfb-a51f-d7658c279492/element] with body: {"strategy":"xpath","selector":"(//android.widget.TextView[@content-desc=\"test-Item title\"])[1]","context":"","multiple":false}
[debug] &amp#27;[38;5;32m[AndroidUiautomator2Driver@9227 (470eccf4)]&amp#27;[0m Got response with status 200: {"sessionId":"c147b82b-bb95-4cfb-a51f-d7658c279492","value":{"ELEMENT":"00000000-0000-0009-ffff-ffff00000072","element-6066-11e4-a52e-4f735466cecf":"00000000-0000-0009-ffff-ffff00000072"}}
[debug] &amp#27;[38;5;32m[AndroidUiautomator2Driver@9227 (470eccf4)]&amp#27;[0m Responding to client with driver.findElement() result: {"element-6066-11e4-a52e-4f735466cecf":"00000000-0000-0009-ffff-ffff00000072","ELEMENT":"00000000-0000-0009-ffff-ffff00000072"}
&amp#27;[38;5;0m[HTTP]&amp#27;[0m &amp#27;[37m<-- POST /session/470eccf4-049a-4295-a7b2-704317e044ee/element &amp#27;[39m&amp#27;[32m200&amp#27;[39m &amp#27;[90m605 ms - 137&amp#27;[39m
&amp#27;[38;5;0m[HTTP]&amp#27;[0m &amp#27;[90m&amp#27;[39m
&amp#27;[38;5;0m[HTTP]&amp#27;[0m &amp#27;[37m-->&amp#27;[39m &amp#27;[37mPOST&amp#27;[39m &amp#27;[37m/session/470eccf4-049a-4295-a7b2-704317e044ee/element/00000000-0000-0009-ffff-ffff00000072/click&amp#27;[39m
&amp#27;[38;5;0m[HTTP]&amp#27;[0m &amp#27;[90m{"id":"00000000-0000-0009-ffff-ffff00000072"}&amp#27;[39m
[debug] &amp#27;[38;5;32m[AndroidUiautomator2Driver@9227 (470eccf4)]&amp#27;[0m Calling AppiumDriver.click() with args: ["00000000-0000-0009-ffff-ffff00000072","470eccf4-049a-4295-a7b2-704317e044ee"]
[debug] &amp#27;[38;5;32m[AndroidUiautomator2Driver@9227 (470eccf4)]&amp#27;[0m Matched '/element/00000000-0000-0009-ffff-ffff00000072/click' to command name 'click'
[debug] &amp#27;[38;5;32m[AndroidUiautomator2Driver@9227 (470eccf4)]&amp#27;[0m Proxying [POST /element/00000000-0000-0009-ffff-ffff00000072/click] to [POST http://127.0.0.1:8200/session/c147b82b-bb95-4cfb-a51f-d7658c279492/element/00000000-0000-0009-ffff-ffff00000072/click] with body: {"element":"00000000-0000-0009-ffff-ffff00000072"}
[debug] &amp#27;[38;5;32m[AndroidUiautomator2Driver@9227 (470eccf4)]&amp#27;[0m Got response with status 200: {"sessionId":"c147b82b-bb95-4cfb-a51f-d7658c279492","value":null}
[debug] &amp#27;[38;5;32m[AndroidUiautomator2Driver@9227 (470eccf4)]&amp#27;[0m Responding to client with driver.click() result: null
&amp#27;[38;5;0m[HTTP]&amp#27;[0m &amp#27;[37m<-- POST /session/470eccf4-049a-4295-a7b2-704317e044ee/element/00000000-0000-0009-ffff-ffff00000072/click &amp#27;[39m&amp#27;[32m200&amp#27;[39m &amp#27;[90m62 ms - 14&amp#27;[39m
&amp#27;[38;5;0m[HTTP]&amp#27;[0m &amp#27;[90m&amp#27;[39m
&amp#27;[38;5;0m[HTTP]&amp#27;[0m &amp#27;[37m-->&amp#27;[39m &amp#27;[37mGET&amp#27;[39m &amp#27;[37m/session/470eccf4-049a-4295-a7b2-704317e044ee/context&amp#27;[39m
&amp#27;[38;5;0m[HTTP]&amp#27;[0m &amp#27;[90m{}&amp#27;[39m
[debug] &amp#27;[38;5;32m[AndroidUiautomator2Driver@9227 (470eccf4)]&amp#27;[0m Calling AppiumDriver.getCurrentContext() with args: ["470eccf4-049a-4295-a7b2-704317e044ee"]
[debug] &amp#27;[38;5;32m[AndroidUiautomator2Driver@9227 (470eccf4)]&amp#27;[0m Responding to client with driver.getCurrentContext() result: "NATIVE_APP"
&amp#27;[38;5;0m[HTTP]&amp#27;[0m &amp#27;[37m<-- GET /session/470eccf4-049a-4295-a7b2-704317e044ee/context &amp#27;[39m&amp#27;[32m200&amp#27;[39m &amp#27;[90m1 ms - 22&amp#27;[39m
&amp#27;[38;5;0m[HTTP]&amp#27;[0m &amp#27;[90m&amp#27;[39m
&amp#27;[38;5;0m[HTTP]&amp#27;[0m &amp#27;[37m-->&amp#27;[39m &amp#27;[37mPOST&amp#27;[39m &amp#27;[37m/session/470eccf4-049a-4295-a7b2-704317e044ee/element&amp#27;[39m
&amp#27;[38;5;0m[HTTP]&amp#27;[0m &amp#27;[90m{"using":"xpath","value":"//android.view.ViewGroup[@content-desc=\"test-Description\"]/android.widget.TextView[1]"}&amp#27;[39m
[debug] &amp#27;[38;5;32m[AndroidUiautomator2Driver@9227 (470eccf4)]&amp#27;[0m Calling AppiumDriver.findElement() with args: ["xpath","//android.view.ViewGroup[@content-desc=\"test-Description\"]/android.widget.TextView[1]","470eccf4-049a-4295-a7b2-704317e044ee"]
[debug] &amp#27;[38;5;32m[AndroidUiautomator2Driver@9227 (470eccf4)]&amp#27;[0m Valid locator strategies for this request: xpath, id, class name, accessibility id, css selector, -android uiautomator
[debug] &amp#27;[38;5;32m[AndroidUiautomator2Driver@9227 (470eccf4)]&amp#27;[0m Waiting up to 0 ms for condition
[debug] &amp#27;[38;5;32m[AndroidUiautomator2Driver@9227 (470eccf4)]&amp#27;[0m Matched '/element' to command name 'findElement'
[debug] &amp#27;[38;5;32m[AndroidUiautomator2Driver@9227 (470eccf4)]&amp#27;[0m Proxying [POST /element] to [POST http://127.0.0.1:8200/session/c147b82b-bb95-4cfb-a51f-d7658c279492/element] with body: {"strategy":"xpath","selector":"//android.view.ViewGroup[@content-desc=\"test-Description\"]/android.widget.TextView[1]","context":"","multiple":false}
&amp#27;[38;5;32m[AndroidUiautomator2Driver@9227 (470eccf4)]&amp#27;[0m Got response with status 404: {"sessionId":"c147b82b-bb95-4cfb-a51f-d7658c279492","value":{"error":"no such element","message":"An element could not be located on the page using the given search parameters","stacktrace":"io.appium.uiautomator2.common.exceptions.ElementNotFoundException: An element could not be located on the page using the given search parameters\n\tat io.appium.uiautomator2.handler.FindElement.findElement(FindElement.java:90)\n\tat io.appium.uiautomator2.handler.FindElement.safeHandle(FindElement.java:67)\n\tat io.appium.uiautomator2.handler.request.SafeRequestHandler.handle(SafeRequestHandler.java:59)\n\tat io.appium.uiautomator2.server.AppiumServlet.handleRequest(AppiumServlet.java:270)\n\tat io.appium.uiautomator2.server.AppiumServlet.handleHttpRequest(AppiumServlet.java:264)\n\tat io.appium.uiautomator2.http.ServerHandler.channelRead(ServerHandler.java:68)\n\tat io.netty.channel.AbstractChannelHandlerContext.invokeChannelRead(AbstractChannelHandlerContext.java:366)\n\tat io.netty.channel.AbstractChannelHandlerCont...
[debug] &amp#27;[38;5;128m[W3C]&amp#27;[0m Matched W3C error code 'no such element' to NoSuchElementError
[debug] &amp#27;[38;5;32m[AndroidUiautomator2Driver@9227 (470eccf4)]&amp#27;[0m Encountered internal error running command: NoSuchElementError: An element could not be located on the page using the given search parameters.
[debug] &amp#27;[38;5;32m[AndroidUiautomator2Driver@9227 (470eccf4)]&amp#27;[0m     at AndroidUiautomator2Driver.findElOrEls (C:\Users\Rafael\.appium\node_modules\appium-uiautomator2-driver\node_modules\appium-android-driver\lib\commands\find.js:75:11)
[debug] &amp#27;[38;5;32m[AndroidUiautomator2Driver@9227 (470eccf4)]&amp#27;[0m     at processTicksAndRejections (node:internal/process/task_queues:95:5)
[debug] &amp#27;[38;5;32m[AndroidUiautomator2Driver@9227 (470eccf4)]&amp#27;[0m     at AndroidUiautomator2Driver.findElOrElsWithProcessing (C:\Users\Rafael\AppData\Roaming\npm\node_modules\appium\node_modules\@appium\base-driver\lib\basedriver\commands\find.ts:66:14)
[debug] &amp#27;[38;5;32m[AndroidUiautomator2Driver@9227 (470eccf4)]&amp#27;[0m     at AndroidUiautomator2Driver.findElement (C:\Users\Rafael\AppData\Roaming\npm\node_modules\appium\node_modules\@appium\base-driver\lib\basedriver\commands\find.ts:13:12)
&amp#27;[38;5;0m[HTTP]&amp#27;[0m &amp#27;[37m<-- POST /session/470eccf4-049a-4295-a7b2-704317e044ee/element &amp#27;[39m&amp#27;[33m404&amp#27;[39m &amp#27;[90m690 ms - 893&amp#27;[39m
&amp#27;[38;5;0m[HTTP]&amp#27;[0m &amp#27;[90m&amp#27;[39m
&amp#27;[38;5;0m[HTTP]&amp#27;[0m &amp#27;[37m-->&amp#27;[39m &amp#27;[37mPOST&amp#27;[39m &amp#27;[37m/session/470eccf4-049a-4295-a7b2-704317e044ee/element&amp#27;[39m
&amp#27;[38;5;0m[HTTP]&amp#27;[0m &amp#27;[90m{"using":"xpath","value":"//android.view.ViewGroup[@content-desc=\"test-Description\"]/android.widget.TextView[1]"}&amp#27;[39m
[debug] &amp#27;[38;5;32m[AndroidUiautomator2Driver@9227 (470eccf4)]&amp#27;[0m Calling AppiumDriver.findElement() with args: ["xpath","//android.view.ViewGroup[@content-desc=\"test-Description\"]/android.widget.TextView[1]","470eccf4-049a-4295-a7b2-704317e044ee"]
[debug] &amp#27;[38;5;32m[AndroidUiautomator2Driver@9227 (470eccf4)]&amp#27;[0m Valid locator strategies for this request: xpath, id, class name, accessibility id, css selector, -android uiautomator
[debug] &amp#27;[38;5;32m[AndroidUiautomator2Driver@9227 (470eccf4)]&amp#27;[0m Waiting up to 0 ms for condition
[debug] &amp#27;[38;5;32m[AndroidUiautomator2Driver@9227 (470eccf4)]&amp#27;[0m Matched '/element' to command name 'findElement'
[debug] &amp#27;[38;5;32m[AndroidUiautomator2Driver@9227 (470eccf4)]&amp#27;[0m Proxying [POST /element] to [POST http://127.0.0.1:8200/session/c147b82b-bb95-4cfb-a51f-d7658c279492/element] with body: {"strategy":"xpath","selector":"//android.view.ViewGroup[@content-desc=\"test-Description\"]/android.widget.TextView[1]","context":"","multiple":false}
[debug] &amp#27;[38;5;32m[AndroidUiautomator2Driver@9227 (470eccf4)]&amp#27;[0m Got response with status 200: {"sessionId":"c147b82b-bb95-4cfb-a51f-d7658c279492","value":{"ELEMENT":"00000000-0000-0009-ffff-ffff000000a6","element-6066-11e4-a52e-4f735466cecf":"00000000-0000-0009-ffff-ffff000000a6"}}
[debug] &amp#27;[38;5;32m[AndroidUiautomator2Driver@9227 (470eccf4)]&amp#27;[0m Responding to client with driver.findElement() result: {"element-6066-11e4-a52e-4f735466cecf":"00000000-0000-0009-ffff-ffff000000a6","ELEMENT":"00000000-0000-0009-ffff-ffff000000a6"}
&amp#27;[38;5;0m[HTTP]&amp#27;[0m &amp#27;[37m<-- POST /session/470eccf4-049a-4295-a7b2-704317e044ee/element &amp#27;[39m&amp#27;[32m200&amp#27;[39m &amp#27;[90m486 ms - 137&amp#27;[39m
&amp#27;[38;5;0m[HTTP]&amp#27;[0m &amp#27;[90m&amp#27;[39m
&amp#27;[38;5;0m[HTTP]&amp#27;[0m &amp#27;[37m-->&amp#27;[39m &amp#27;[37mGET&amp#27;[39m &amp#27;[37m/session/470eccf4-049a-4295-a7b2-704317e044ee/element/00000000-0000-0009-ffff-ffff000000a6/displayed&amp#27;[39m
&amp#27;[38;5;0m[HTTP]&amp#27;[0m &amp#27;[90m{}&amp#27;[39m
[debug] &amp#27;[38;5;32m[AndroidUiautomator2Driver@9227 (470eccf4)]&amp#27;[0m Calling AppiumDriver.elementDisplayed() with args: ["00000000-0000-0009-ffff-ffff000000a6","470eccf4-049a-4295-a7b2-704317e044ee"]
[debug] &amp#27;[38;5;32m[AndroidUiautomator2Driver@9227 (470eccf4)]&amp#27;[0m Matched '/element/00000000-0000-0009-ffff-ffff000000a6/attribute/displayed' to command name 'getAttribute'
[debug] &amp#27;[38;5;32m[AndroidUiautomator2Driver@9227 (470eccf4)]&amp#27;[0m Proxying [GET /element/00000000-0000-0009-ffff-ffff000000a6/attribute/displayed] to [GET http://127.0.0.1:8200/session/c147b82b-bb95-4cfb-a51f-d7658c279492/element/00000000-0000-0009-ffff-ffff000000a6/attribute/displayed] with no body
[debug] &amp#27;[38;5;32m[AndroidUiautomator2Driver@9227 (470eccf4)]&amp#27;[0m Got response with status 200: {"sessionId":"c147b82b-bb95-4cfb-a51f-d7658c279492","value":"true"}
[debug] &amp#27;[38;5;32m[AndroidUiautomator2Driver@9227 (470eccf4)]&amp#27;[0m Responding to client with driver.elementDisplayed() result: true
&amp#27;[38;5;0m[HTTP]&amp#27;[0m &amp#27;[37m<-- GET /session/470eccf4-049a-4295-a7b2-704317e044ee/element/00000000-0000-0009-ffff-ffff000000a6/displayed &amp#27;[39m&amp#27;[32m200&amp#27;[39m &amp#27;[90m28 ms - 14&amp#27;[39m
&amp#27;[38;5;0m[HTTP]&amp#27;[0m &amp#27;[90m&amp#27;[39m
&amp#27;[38;5;0m[HTTP]&amp#27;[0m &amp#27;[37m-->&amp#27;[39m &amp#27;[37mGET&amp#27;[39m &amp#27;[37m/session/470eccf4-049a-4295-a7b2-704317e044ee/context&amp#27;[39m
&amp#27;[38;5;0m[HTTP]&amp#27;[0m &amp#27;[90m{}&amp#27;[39m
[debug] &amp#27;[38;5;32m[AndroidUiautomator2Driver@9227 (470eccf4)]&amp#27;[0m Calling AppiumDriver.getCurrentContext() with args: ["470eccf4-049a-4295-a7b2-704317e044ee"]
[debug] &amp#27;[38;5;32m[AndroidUiautomator2Driver@9227 (470eccf4)]&amp#27;[0m Responding to client with driver.getCurrentContext() result: "NATIVE_APP"
&amp#27;[38;5;0m[HTTP]&amp#27;[0m &amp#27;[37m<-- GET /session/470eccf4-049a-4295-a7b2-704317e044ee/context &amp#27;[39m&amp#27;[32m200&amp#27;[39m &amp#27;[90m1 ms - 22&amp#27;[39m
&amp#27;[38;5;0m[HTTP]&amp#27;[0m &amp#27;[90m&amp#27;[39m
&amp#27;[38;5;0m[HTTP]&amp#27;[0m &amp#27;[37m-->&amp#27;[39m &amp#27;[37mPOST&amp#27;[39m &amp#27;[37m/session/470eccf4-049a-4295-a7b2-704317e044ee/element&amp#27;[39m
&amp#27;[38;5;0m[HTTP]&amp#27;[0m &amp#27;[90m{"using":"xpath","value":"//android.view.ViewGroup[@content-desc=\"test-Description\"]/android.widget.TextView[1]"}&amp#27;[39m
[debug] &amp#27;[38;5;32m[AndroidUiautomator2Driver@9227 (470eccf4)]&amp#27;[0m Calling AppiumDriver.findElement() with args: ["xpath","//android.view.ViewGroup[@content-desc=\"test-Description\"]/android.widget.TextView[1]","470eccf4-049a-4295-a7b2-704317e044ee"]
[debug] &amp#27;[38;5;32m[AndroidUiautomator2Driver@9227 (470eccf4)]&amp#27;[0m Valid locator strategies for this request: xpath, id, class name, accessibility id, css selector, -android uiautomator
[debug] &amp#27;[38;5;32m[AndroidUiautomator2Driver@9227 (470eccf4)]&amp#27;[0m Waiting up to 0 ms for condition
[debug] &amp#27;[38;5;32m[AndroidUiautomator2Driver@9227 (470eccf4)]&amp#27;[0m Matched '/element' to command name 'findElement'
[debug] &amp#27;[38;5;32m[AndroidUiautomator2Driver@9227 (470eccf4)]&amp#27;[0m Proxying [POST /element] to [POST http://127.0.0.1:8200/session/c147b82b-bb95-4cfb-a51f-d7658c279492/element] with body: {"strategy":"xpath","selector":"//android.view.ViewGroup[@content-desc=\"test-Description\"]/android.widget.TextView[1]","context":"","multiple":false}
[debug] &amp#27;[38;5;32m[AndroidUiautomator2Driver@9227 (470eccf4)]&amp#27;[0m Got response with status 200: {"sessionId":"c147b82b-bb95-4cfb-a51f-d7658c279492","value":{"ELEMENT":"00000000-0000-0009-ffff-ffff000000a6","element-6066-11e4-a52e-4f735466cecf":"00000000-0000-0009-ffff-ffff000000a6"}}
[debug] &amp#27;[38;5;32m[AndroidUiautomator2Driver@9227 (470eccf4)]&amp#27;[0m Responding to client with driver.findElement() result: {"element-6066-11e4-a52e-4f735466cecf":"00000000-0000-0009-ffff-ffff000000a6","ELEMENT":"00000000-0000-0009-ffff-ffff000000a6"}
&amp#27;[38;5;0m[HTTP]&amp#27;[0m &amp#27;[37m<-- POST /session/470eccf4-049a-4295-a7b2-704317e044ee/element &amp#27;[39m&amp#27;[32m200&amp#27;[39m &amp#27;[90m424 ms - 137&amp#27;[39m
&amp#27;[38;5;0m[HTTP]&amp#27;[0m &amp#27;[90m&amp#27;[39m
&amp#27;[38;5;0m[HTTP]&amp#27;[0m &amp#27;[37m-->&amp#27;[39m &amp#27;[37mGET&amp#27;[39m &amp#27;[37m/session/470eccf4-049a-4295-a7b2-704317e044ee/element/00000000-0000-0009-ffff-ffff000000a6/text&amp#27;[39m
&amp#27;[38;5;0m[HTTP]&amp#27;[0m &amp#27;[90m{}&amp#27;[39m
&amp#27;[38;5;32m[AndroidUiautomator2Driver@9227 (470eccf4)]&amp#27;[0m Driver proxy active, passing request on via HTTP proxy
[debug] &amp#27;[38;5;32m[AndroidUiautomator2Driver@9227 (470eccf4)]&amp#27;[0m Matched '/session/470eccf4-049a-4295-a7b2-704317e044ee/element/00000000-0000-0009-ffff-ffff000000a6/text' to command name 'getText'
[debug] &amp#27;[38;5;32m[AndroidUiautomator2Driver@9227 (470eccf4)]&amp#27;[0m Proxying [GET /session/470eccf4-049a-4295-a7b2-704317e044ee/element/00000000-0000-0009-ffff-ffff000000a6/text] to [GET http://127.0.0.1:8200/session/c147b82b-bb95-4cfb-a51f-d7658c279492/element/00000000-0000-0009-ffff-ffff000000a6/text] with no body
[debug] &amp#27;[38;5;32m[AndroidUiautomator2Driver@9227 (470eccf4)]&amp#27;[0m Got response with status 200: {"sessionId":"c147b82b-bb95-4cfb-a51f-d7658c279492","value":"Sauce Labs Backpack"}
&amp#27;[38;5;32m[AndroidUiautomator2Driver@9227 (470eccf4)]&amp#27;[0m Replacing sessionId c147b82b-bb95-4cfb-a51f-d7658c279492 with 470eccf4-049a-4295-a7b2-704317e044ee
&amp#27;[38;5;0m[HTTP]&amp#27;[0m &amp#27;[37m<-- GET /session/470eccf4-049a-4295-a7b2-704317e044ee/element/00000000-0000-0009-ffff-ffff000000a6/text &amp#27;[39m&amp#27;[32m200&amp#27;[39m &amp#27;[90m30 ms - 82&amp#27;[39m
&amp#27;[38;5;0m[HTTP]&amp#27;[0m &amp#27;[90m&amp#27;[39m
&amp#27;[38;5;0m[HTTP]&amp#27;[0m &amp#27;[37m-->&amp#27;[39m &amp#27;[37mGET&amp#27;[39m &amp#27;[37m/session/470eccf4-049a-4295-a7b2-704317e044ee/context&amp#27;[39m
&amp#27;[38;5;0m[HTTP]&amp#27;[0m &amp#27;[90m{}&amp#27;[39m
[debug] &amp#27;[38;5;32m[AndroidUiautomator2Driver@9227 (470eccf4)]&amp#27;[0m Calling AppiumDriver.getCurrentContext() with args: ["470eccf4-049a-4295-a7b2-704317e044ee"]
[debug] &amp#27;[38;5;32m[AndroidUiautomator2Driver@9227 (470eccf4)]&amp#27;[0m Responding to client with driver.getCurrentContext() result: "NATIVE_APP"
&amp#27;[38;5;0m[HTTP]&amp#27;[0m &amp#27;[37m<-- GET /session/470eccf4-049a-4295-a7b2-704317e044ee/context &amp#27;[39m&amp#27;[32m200&amp#27;[39m &amp#27;[90m1 ms - 22&amp#27;[39m
&amp#27;[38;5;0m[HTTP]&amp#27;[0m &amp#27;[90m&amp#27;[39m
&amp#27;[38;5;0m[HTTP]&amp#27;[0m &amp#27;[37m-->&amp#27;[39m &amp#27;[37mPOST&amp#27;[39m &amp#27;[37m/session/470eccf4-049a-4295-a7b2-704317e044ee/element&amp#27;[39m
&amp#27;[38;5;0m[HTTP]&amp#27;[0m &amp#27;[90m{"using":"xpath","value":"//android.view.ViewGroup[@content-desc=\"test-Description\"]/android.widget.TextView[2]"}&amp#27;[39m
[debug] &amp#27;[38;5;32m[AndroidUiautomator2Driver@9227 (470eccf4)]&amp#27;[0m Calling AppiumDriver.findElement() with args: ["xpath","//android.view.ViewGroup[@content-desc=\"test-Description\"]/android.widget.TextView[2]","470eccf4-049a-4295-a7b2-704317e044ee"]
[debug] &amp#27;[38;5;32m[AndroidUiautomator2Driver@9227 (470eccf4)]&amp#27;[0m Valid locator strategies for this request: xpath, id, class name, accessibility id, css selector, -android uiautomator
[debug] &amp#27;[38;5;32m[AndroidUiautomator2Driver@9227 (470eccf4)]&amp#27;[0m Waiting up to 0 ms for condition
[debug] &amp#27;[38;5;32m[AndroidUiautomator2Driver@9227 (470eccf4)]&amp#27;[0m Matched '/element' to command name 'findElement'
[debug] &amp#27;[38;5;32m[AndroidUiautomator2Driver@9227 (470eccf4)]&amp#27;[0m Proxying [POST /element] to [POST http://127.0.0.1:8200/session/c147b82b-bb95-4cfb-a51f-d7658c279492/element] with body: {"strategy":"xpath","selector":"//android.view.ViewGroup[@content-desc=\"test-Description\"]/android.widget.TextView[2]","context":"","multiple":false}
[debug] &amp#27;[38;5;32m[AndroidUiautomator2Driver@9227 (470eccf4)]&amp#27;[0m Got response with status 200: {"sessionId":"c147b82b-bb95-4cfb-a51f-d7658c279492","value":{"ELEMENT":"00000000-0000-0009-ffff-ffff000000a7","element-6066-11e4-a52e-4f735466cecf":"00000000-0000-0009-ffff-ffff000000a7"}}
[debug] &amp#27;[38;5;32m[AndroidUiautomator2Driver@9227 (470eccf4)]&amp#27;[0m Responding to client with driver.findElement() result: {"element-6066-11e4-a52e-4f735466cecf":"00000000-0000-0009-ffff-ffff000000a7","ELEMENT":"00000000-0000-0009-ffff-ffff000000a7"}
&amp#27;[38;5;0m[HTTP]&amp#27;[0m &amp#27;[37m<-- POST /session/470eccf4-049a-4295-a7b2-704317e044ee/element &amp#27;[39m&amp#27;[32m200&amp#27;[39m &amp#27;[90m365 ms - 137&amp#27;[39m
&amp#27;[38;5;0m[HTTP]&amp#27;[0m &amp#27;[90m&amp#27;[39m
&amp#27;[38;5;0m[HTTP]&amp#27;[0m &amp#27;[37m-->&amp#27;[39m &amp#27;[37mGET&amp#27;[39m &amp#27;[37m/session/470eccf4-049a-4295-a7b2-704317e044ee/element/00000000-0000-0009-ffff-ffff000000a7/displayed&amp#27;[39m
&amp#27;[38;5;0m[HTTP]&amp#27;[0m &amp#27;[90m{}&amp#27;[39m
[debug] &amp#27;[38;5;32m[AndroidUiautomator2Driver@9227 (470eccf4)]&amp#27;[0m Calling AppiumDriver.elementDisplayed() with args: ["00000000-0000-0009-ffff-ffff000000a7","470eccf4-049a-4295-a7b2-704317e044ee"]
[debug] &amp#27;[38;5;32m[AndroidUiautomator2Driver@9227 (470eccf4)]&amp#27;[0m Matched '/element/00000000-0000-0009-ffff-ffff000000a7/attribute/displayed' to command name 'getAttribute'
[debug] &amp#27;[38;5;32m[AndroidUiautomator2Driver@9227 (470eccf4)]&amp#27;[0m Proxying [GET /element/00000000-0000-0009-ffff-ffff000000a7/attribute/displayed] to [GET http://127.0.0.1:8200/session/c147b82b-bb95-4cfb-a51f-d7658c279492/element/00000000-0000-0009-ffff-ffff000000a7/attribute/displayed] with no body
[debug] &amp#27;[38;5;32m[AndroidUiautomator2Driver@9227 (470eccf4)]&amp#27;[0m Got response with status 200: {"sessionId":"c147b82b-bb95-4cfb-a51f-d7658c279492","value":"true"}
[debug] &amp#27;[38;5;32m[AndroidUiautomator2Driver@9227 (470eccf4)]&amp#27;[0m Responding to client with driver.elementDisplayed() result: true
&amp#27;[38;5;0m[HTTP]&amp#27;[0m &amp#27;[37m<-- GET /session/470eccf4-049a-4295-a7b2-704317e044ee/element/00000000-0000-0009-ffff-ffff000000a7/displayed &amp#27;[39m&amp#27;[32m200&amp#27;[39m &amp#27;[90m28 ms - 14&amp#27;[39m
&amp#27;[38;5;0m[HTTP]&amp#27;[0m &amp#27;[90m&amp#27;[39m
&amp#27;[38;5;0m[HTTP]&amp#27;[0m &amp#27;[37m-->&amp#27;[39m &amp#27;[37mGET&amp#27;[39m &amp#27;[37m/session/470eccf4-049a-4295-a7b2-704317e044ee/context&amp#27;[39m
&amp#27;[38;5;0m[HTTP]&amp#27;[0m &amp#27;[90m{}&amp#27;[39m
[debug] &amp#27;[38;5;32m[AndroidUiautomator2Driver@9227 (470eccf4)]&amp#27;[0m Calling AppiumDriver.getCurrentContext() with args: ["470eccf4-049a-4295-a7b2-704317e044ee"]
[debug] &amp#27;[38;5;32m[AndroidUiautomator2Driver@9227 (470eccf4)]&amp#27;[0m Responding to client with driver.getCurrentContext() result: "NATIVE_APP"
&amp#27;[38;5;0m[HTTP]&amp#27;[0m &amp#27;[37m<-- GET /session/470eccf4-049a-4295-a7b2-704317e044ee/context &amp#27;[39m&amp#27;[32m200&amp#27;[39m &amp#27;[90m2 ms - 22&amp#27;[39m
&amp#27;[38;5;0m[HTTP]&amp#27;[0m &amp#27;[90m&amp#27;[39m
&amp#27;[38;5;0m[HTTP]&amp#27;[0m &amp#27;[37m-->&amp#27;[39m &amp#27;[37mPOST&amp#27;[39m &amp#27;[37m/session/470eccf4-049a-4295-a7b2-704317e044ee/element&amp#27;[39m
&amp#27;[38;5;0m[HTTP]&amp#27;[0m &amp#27;[90m{"using":"xpath","value":"//android.view.ViewGroup[@content-desc=\"test-Description\"]/android.widget.TextView[2]"}&amp#27;[39m
[debug] &amp#27;[38;5;32m[AndroidUiautomator2Driver@9227 (470eccf4)]&amp#27;[0m Calling AppiumDriver.findElement() with args: ["xpath","//android.view.ViewGroup[@content-desc=\"test-Description\"]/android.widget.TextView[2]","470eccf4-049a-4295-a7b2-704317e044ee"]
[debug] &amp#27;[38;5;32m[AndroidUiautomator2Driver@9227 (470eccf4)]&amp#27;[0m Valid locator strategies for this request: xpath, id, class name, accessibility id, css selector, -android uiautomator
[debug] &amp#27;[38;5;32m[AndroidUiautomator2Driver@9227 (470eccf4)]&amp#27;[0m Waiting up to 0 ms for condition
[debug] &amp#27;[38;5;32m[AndroidUiautomator2Driver@9227 (470eccf4)]&amp#27;[0m Matched '/element' to command name 'findElement'
[debug] &amp#27;[38;5;32m[AndroidUiautomator2Driver@9227 (470eccf4)]&amp#27;[0m Proxying [POST /element] to [POST http://127.0.0.1:8200/session/c147b82b-bb95-4cfb-a51f-d7658c279492/element] with body: {"strategy":"xpath","selector":"//android.view.ViewGroup[@content-desc=\"test-Description\"]/android.widget.TextView[2]","context":"","multiple":false}
[debug] &amp#27;[38;5;32m[AndroidUiautomator2Driver@9227 (470eccf4)]&amp#27;[0m Got response with status 200: {"sessionId":"c147b82b-bb95-4cfb-a51f-d7658c279492","value":{"ELEMENT":"00000000-0000-0009-ffff-ffff000000a7","element-6066-11e4-a52e-4f735466cecf":"00000000-0000-0009-ffff-ffff000000a7"}}
[debug] &amp#27;[38;5;32m[AndroidUiautomator2Driver@9227 (470eccf4)]&amp#27;[0m Responding to client with driver.findElement() result: {"element-6066-11e4-a52e-4f735466cecf":"00000000-0000-0009-ffff-ffff000000a7","ELEMENT":"00000000-0000-0009-ffff-ffff000000a7"}
&amp#27;[38;5;0m[HTTP]&amp#27;[0m &amp#27;[37m<-- POST /session/470eccf4-049a-4295-a7b2-704317e044ee/element &amp#27;[39m&amp#27;[32m200&amp#27;[39m &amp#27;[90m375 ms - 137&amp#27;[39m
&amp#27;[38;5;0m[HTTP]&amp#27;[0m &amp#27;[90m&amp#27;[39m
&amp#27;[38;5;0m[HTTP]&amp#27;[0m &amp#27;[37m-->&amp#27;[39m &amp#27;[37mGET&amp#27;[39m &amp#27;[37m/session/470eccf4-049a-4295-a7b2-704317e044ee/element/00000000-0000-0009-ffff-ffff000000a7/text&amp#27;[39m
&amp#27;[38;5;0m[HTTP]&amp#27;[0m &amp#27;[90m{}&amp#27;[39m
&amp#27;[38;5;32m[AndroidUiautomator2Driver@9227 (470eccf4)]&amp#27;[0m Driver proxy active, passing request on via HTTP proxy
[debug] &amp#27;[38;5;32m[AndroidUiautomator2Driver@9227 (470eccf4)]&amp#27;[0m Matched '/session/470eccf4-049a-4295-a7b2-704317e044ee/element/00000000-0000-0009-ffff-ffff000000a7/text' to command name 'getText'
[debug] &amp#27;[38;5;32m[AndroidUiautomator2Driver@9227 (470eccf4)]&amp#27;[0m Proxying [GET /session/470eccf4-049a-4295-a7b2-704317e044ee/element/00000000-0000-0009-ffff-ffff000000a7/text] to [GET http://127.0.0.1:8200/session/c147b82b-bb95-4cfb-a51f-d7658c279492/element/00000000-0000-0009-ffff-ffff000000a7/text] with no body
[debug] &amp#27;[38;5;32m[AndroidUiautomator2Driver@9227 (470eccf4)]&amp#27;[0m Got response with status 200: {"sessionId":"c147b82b-bb95-4cfb-a51f-d7658c279492","value":"carry.allTheThings() with the sleek, streamlined Sly Pack that melds uncompromising style with unequaled laptop and tablet protection."}
&amp#27;[38;5;32m[AndroidUiautomator2Driver@9227 (470eccf4)]&amp#27;[0m Replacing sessionId c147b82b-bb95-4cfb-a51f-d7658c279492 with 470eccf4-049a-4295-a7b2-704317e044ee
&amp#27;[38;5;0m[HTTP]&amp#27;[0m &amp#27;[37m<-- GET /session/470eccf4-049a-4295-a7b2-704317e044ee/element/00000000-0000-0009-ffff-ffff000000a7/text &amp#27;[39m&amp#27;[32m200&amp#27;[39m &amp#27;[90m32 ms - 197&amp#27;[39m
&amp#27;[38;5;0m[HTTP]&amp#27;[0m &amp#27;[90m&amp#27;[39m
&amp#27;[38;5;0m[HTTP]&amp#27;[0m &amp#27;[37m-->&amp#27;[39m &amp#27;[37mPOST&amp#27;[39m &amp#27;[37m/session/470eccf4-049a-4295-a7b2-704317e044ee/element&amp#27;[39m
&amp#27;[38;5;0m[HTTP]&amp#27;[0m &amp#27;[90m{"using":"-android uiautomator","value":"new UiScrollable(new UiSelector().description(\"test-Inventory item page\")).scrollIntoView(new UiSelector().description(\"test-Price\"));"}&amp#27;[39m
[debug] &amp#27;[38;5;32m[AndroidUiautomator2Driver@9227 (470eccf4)]&amp#27;[0m Calling AppiumDriver.findElement() with args: ["-android uiautomator","new UiScrollable(new UiSelector().description(\"test-Inventory item page\")).scrollIntoView(new UiSelector().description(\"test-Price\"));","470eccf4-049a-4295-a7b2-704317e044ee"]
[debug] &amp#27;[38;5;32m[AndroidUiautomator2Driver@9227 (470eccf4)]&amp#27;[0m Valid locator strategies for this request: xpath, id, class name, accessibility id, css selector, -android uiautomator
[debug] &amp#27;[38;5;32m[AndroidUiautomator2Driver@9227 (470eccf4)]&amp#27;[0m Waiting up to 0 ms for condition
[debug] &amp#27;[38;5;32m[AndroidUiautomator2Driver@9227 (470eccf4)]&amp#27;[0m Matched '/element' to command name 'findElement'
[debug] &amp#27;[38;5;32m[AndroidUiautomator2Driver@9227 (470eccf4)]&amp#27;[0m Proxying [POST /element] to [POST http://127.0.0.1:8200/session/c147b82b-bb95-4cfb-a51f-d7658c279492/element] with body: {"strategy":"-android uiautomator","selector":"new UiScrollable(new UiSelector().description(\"test-Inventory item page\")).scrollIntoView(new UiSelector().description(\"test-Price\"));","context":"","multiple":false}
[debug] &amp#27;[38;5;32m[AndroidUiautomator2Driver@9227 (470eccf4)]&amp#27;[0m Got response with status 200: {"sessionId":"c147b82b-bb95-4cfb-a51f-d7658c279492","value":{"ELEMENT":"00000000-0000-0009-ffff-ffff0000009a","element-6066-11e4-a52e-4f735466cecf":"00000000-0000-0009-ffff-ffff0000009a"}}
[debug] &amp#27;[38;5;32m[AndroidUiautomator2Driver@9227 (470eccf4)]&amp#27;[0m Responding to client with driver.findElement() result: {"element-6066-11e4-a52e-4f735466cecf":"00000000-0000-0009-ffff-ffff0000009a","ELEMENT":"00000000-0000-0009-ffff-ffff0000009a"}
&amp#27;[38;5;0m[HTTP]&amp#27;[0m &amp#27;[37m<-- POST /session/470eccf4-049a-4295-a7b2-704317e044ee/element &amp#27;[39m&amp#27;[32m200&amp#27;[39m &amp#27;[90m3294 ms - 137&amp#27;[39m
&amp#27;[38;5;0m[HTTP]&amp#27;[0m &amp#27;[90m&amp#27;[39m
&amp#27;[38;5;0m[HTTP]&amp#27;[0m &amp#27;[37m-->&amp#27;[39m &amp#27;[37mGET&amp#27;[39m &amp#27;[37m/session/470eccf4-049a-4295-a7b2-704317e044ee/context&amp#27;[39m
&amp#27;[38;5;0m[HTTP]&amp#27;[0m &amp#27;[90m{}&amp#27;[39m
[debug] &amp#27;[38;5;32m[AndroidUiautomator2Driver@9227 (470eccf4)]&amp#27;[0m Calling AppiumDriver.getCurrentContext() with args: ["470eccf4-049a-4295-a7b2-704317e044ee"]
[debug] &amp#27;[38;5;32m[AndroidUiautomator2Driver@9227 (470eccf4)]&amp#27;[0m Responding to client with driver.getCurrentContext() result: "NATIVE_APP"
&amp#27;[38;5;0m[HTTP]&amp#27;[0m &amp#27;[37m<-- GET /session/470eccf4-049a-4295-a7b2-704317e044ee/context &amp#27;[39m&amp#27;[32m200&amp#27;[39m &amp#27;[90m1 ms - 22&amp#27;[39m
&amp#27;[38;5;0m[HTTP]&amp#27;[0m &amp#27;[90m&amp#27;[39m
&amp#27;[38;5;0m[HTTP]&amp#27;[0m &amp#27;[37m-->&amp#27;[39m &amp#27;[37mPOST&amp#27;[39m &amp#27;[37m/session/470eccf4-049a-4295-a7b2-704317e044ee/element&amp#27;[39m
&amp#27;[38;5;0m[HTTP]&amp#27;[0m &amp#27;[90m{"using":"accessibility id","value":"test-Price"}&amp#27;[39m
[debug] &amp#27;[38;5;32m[AndroidUiautomator2Driver@9227 (470eccf4)]&amp#27;[0m Calling AppiumDriver.findElement() with args: ["accessibility id","test-Price","470eccf4-049a-4295-a7b2-704317e044ee"]
[debug] &amp#27;[38;5;32m[AndroidUiautomator2Driver@9227 (470eccf4)]&amp#27;[0m Valid locator strategies for this request: xpath, id, class name, accessibility id, css selector, -android uiautomator
[debug] &amp#27;[38;5;32m[AndroidUiautomator2Driver@9227 (470eccf4)]&amp#27;[0m Waiting up to 0 ms for condition
[debug] &amp#27;[38;5;32m[AndroidUiautomator2Driver@9227 (470eccf4)]&amp#27;[0m Matched '/element' to command name 'findElement'
[debug] &amp#27;[38;5;32m[AndroidUiautomator2Driver@9227 (470eccf4)]&amp#27;[0m Proxying [POST /element] to [POST http://127.0.0.1:8200/session/c147b82b-bb95-4cfb-a51f-d7658c279492/element] with body: {"strategy":"accessibility id","selector":"test-Price","context":"","multiple":false}
[debug] &amp#27;[38;5;32m[AndroidUiautomator2Driver@9227 (470eccf4)]&amp#27;[0m Got response with status 200: {"sessionId":"c147b82b-bb95-4cfb-a51f-d7658c279492","value":{"ELEMENT":"00000000-0000-0009-ffff-ffff0000009a","element-6066-11e4-a52e-4f735466cecf":"00000000-0000-0009-ffff-ffff0000009a"}}
[debug] &amp#27;[38;5;32m[AndroidUiautomator2Driver@9227 (470eccf4)]&amp#27;[0m Responding to client with driver.findElement() result: {"element-6066-11e4-a52e-4f735466cecf":"00000000-0000-0009-ffff-ffff0000009a","ELEMENT":"00000000-0000-0009-ffff-ffff0000009a"}
&amp#27;[38;5;0m[HTTP]&amp#27;[0m &amp#27;[37m<-- POST /session/470eccf4-049a-4295-a7b2-704317e044ee/element &amp#27;[39m&amp#27;[32m200&amp#27;[39m &amp#27;[90m131 ms - 137&amp#27;[39m
&amp#27;[38;5;0m[HTTP]&amp#27;[0m &amp#27;[90m&amp#27;[39m
&amp#27;[38;5;0m[HTTP]&amp#27;[0m &amp#27;[37m-->&amp#27;[39m &amp#27;[37mGET&amp#27;[39m &amp#27;[37m/session/470eccf4-049a-4295-a7b2-704317e044ee/element/00000000-0000-0009-ffff-ffff0000009a/displayed&amp#27;[39m
&amp#27;[38;5;0m[HTTP]&amp#27;[0m &amp#27;[90m{}&amp#27;[39m
[debug] &amp#27;[38;5;32m[AndroidUiautomator2Driver@9227 (470eccf4)]&amp#27;[0m Calling AppiumDriver.elementDisplayed() with args: ["00000000-0000-0009-ffff-ffff0000009a","470eccf4-049a-4295-a7b2-704317e044ee"]
[debug] &amp#27;[38;5;32m[AndroidUiautomator2Driver@9227 (470eccf4)]&amp#27;[0m Matched '/element/00000000-0000-0009-ffff-ffff0000009a/attribute/displayed' to command name 'getAttribute'
[debug] &amp#27;[38;5;32m[AndroidUiautomator2Driver@9227 (470eccf4)]&amp#27;[0m Proxying [GET /element/00000000-0000-0009-ffff-ffff0000009a/attribute/displayed] to [GET http://127.0.0.1:8200/session/c147b82b-bb95-4cfb-a51f-d7658c279492/element/00000000-0000-0009-ffff-ffff0000009a/attribute/displayed] with no body
[debug] &amp#27;[38;5;32m[AndroidUiautomator2Driver@9227 (470eccf4)]&amp#27;[0m Got response with status 200: {"sessionId":"c147b82b-bb95-4cfb-a51f-d7658c279492","value":"true"}
[debug] &amp#27;[38;5;32m[AndroidUiautomator2Driver@9227 (470eccf4)]&amp#27;[0m Responding to client with driver.elementDisplayed() result: true
&amp#27;[38;5;0m[HTTP]&amp#27;[0m &amp#27;[37m<-- GET /session/470eccf4-049a-4295-a7b2-704317e044ee/element/00000000-0000-0009-ffff-ffff0000009a/displayed &amp#27;[39m&amp#27;[32m200&amp#27;[39m &amp#27;[90m43 ms - 14&amp#27;[39m
&amp#27;[38;5;0m[HTTP]&amp#27;[0m &amp#27;[90m&amp#27;[39m
&amp#27;[38;5;0m[HTTP]&amp#27;[0m &amp#27;[37m-->&amp#27;[39m &amp#27;[37mGET&amp#27;[39m &amp#27;[37m/session/470eccf4-049a-4295-a7b2-704317e044ee/context&amp#27;[39m
&amp#27;[38;5;0m[HTTP]&amp#27;[0m &amp#27;[90m{}&amp#27;[39m
[debug] &amp#27;[38;5;32m[AndroidUiautomator2Driver@9227 (470eccf4)]&amp#27;[0m Calling AppiumDriver.getCurrentContext() with args: ["470eccf4-049a-4295-a7b2-704317e044ee"]
[debug] &amp#27;[38;5;32m[AndroidUiautomator2Driver@9227 (470eccf4)]&amp#27;[0m Responding to client with driver.getCurrentContext() result: "NATIVE_APP"
&amp#27;[38;5;0m[HTTP]&amp#27;[0m &amp#27;[37m<-- GET /session/470eccf4-049a-4295-a7b2-704317e044ee/context &amp#27;[39m&amp#27;[32m200&amp#27;[39m &amp#27;[90m1 ms - 22&amp#27;[39m
&amp#27;[38;5;0m[HTTP]&amp#27;[0m &amp#27;[90m&amp#27;[39m
&amp#27;[38;5;0m[HTTP]&amp#27;[0m &amp#27;[37m-->&amp#27;[39m &amp#27;[37mPOST&amp#27;[39m &amp#27;[37m/session/470eccf4-049a-4295-a7b2-704317e044ee/element&amp#27;[39m
&amp#27;[38;5;0m[HTTP]&amp#27;[0m &amp#27;[90m{"using":"accessibility id","value":"test-Price"}&amp#27;[39m
[debug] &amp#27;[38;5;32m[AndroidUiautomator2Driver@9227 (470eccf4)]&amp#27;[0m Calling AppiumDriver.findElement() with args: ["accessibility id","test-Price","470eccf4-049a-4295-a7b2-704317e044ee"]
[debug] &amp#27;[38;5;32m[AndroidUiautomator2Driver@9227 (470eccf4)]&amp#27;[0m Valid locator strategies for this request: xpath, id, class name, accessibility id, css selector, -android uiautomator
[debug] &amp#27;[38;5;32m[AndroidUiautomator2Driver@9227 (470eccf4)]&amp#27;[0m Waiting up to 0 ms for condition
[debug] &amp#27;[38;5;32m[AndroidUiautomator2Driver@9227 (470eccf4)]&amp#27;[0m Matched '/element' to command name 'findElement'
[debug] &amp#27;[38;5;32m[AndroidUiautomator2Driver@9227 (470eccf4)]&amp#27;[0m Proxying [POST /element] to [POST http://127.0.0.1:8200/session/c147b82b-bb95-4cfb-a51f-d7658c279492/element] with body: {"strategy":"accessibility id","selector":"test-Price","context":"","multiple":false}
[debug] &amp#27;[38;5;32m[AndroidUiautomator2Driver@9227 (470eccf4)]&amp#27;[0m Got response with status 200: {"sessionId":"c147b82b-bb95-4cfb-a51f-d7658c279492","value":{"ELEMENT":"00000000-0000-0009-ffff-ffff0000009a","element-6066-11e4-a52e-4f735466cecf":"00000000-0000-0009-ffff-ffff0000009a"}}
[debug] &amp#27;[38;5;32m[AndroidUiautomator2Driver@9227 (470eccf4)]&amp#27;[0m Responding to client with driver.findElement() result: {"element-6066-11e4-a52e-4f735466cecf":"00000000-0000-0009-ffff-ffff0000009a","ELEMENT":"00000000-0000-0009-ffff-ffff0000009a"}
&amp#27;[38;5;0m[HTTP]&amp#27;[0m &amp#27;[37m<-- POST /session/470eccf4-049a-4295-a7b2-704317e044ee/element &amp#27;[39m&amp#27;[32m200&amp#27;[39m &amp#27;[90m83 ms - 137&amp#27;[39m
&amp#27;[38;5;0m[HTTP]&amp#27;[0m &amp#27;[90m&amp#27;[39m
&amp#27;[38;5;0m[HTTP]&amp#27;[0m &amp#27;[37m-->&amp#27;[39m &amp#27;[37mGET&amp#27;[39m &amp#27;[37m/session/470eccf4-049a-4295-a7b2-704317e044ee/element/00000000-0000-0009-ffff-ffff0000009a/text&amp#27;[39m
&amp#27;[38;5;0m[HTTP]&amp#27;[0m &amp#27;[90m{}&amp#27;[39m
&amp#27;[38;5;32m[AndroidUiautomator2Driver@9227 (470eccf4)]&amp#27;[0m Driver proxy active, passing request on via HTTP proxy
[debug] &amp#27;[38;5;32m[AndroidUiautomator2Driver@9227 (470eccf4)]&amp#27;[0m Matched '/session/470eccf4-049a-4295-a7b2-704317e044ee/element/00000000-0000-0009-ffff-ffff0000009a/text' to command name 'getText'
[debug] &amp#27;[38;5;32m[AndroidUiautomator2Driver@9227 (470eccf4)]&amp#27;[0m Proxying [GET /session/470eccf4-049a-4295-a7b2-704317e044ee/element/00000000-0000-0009-ffff-ffff0000009a/text] to [GET http://127.0.0.1:8200/session/c147b82b-bb95-4cfb-a51f-d7658c279492/element/00000000-0000-0009-ffff-ffff0000009a/text] with no body
[debug] &amp#27;[38;5;32m[AndroidUiautomator2Driver@9227 (470eccf4)]&amp#27;[0m Got response with status 200: {"sessionId":"c147b82b-bb95-4cfb-a51f-d7658c279492","value":"$29.99"}
&amp#27;[38;5;32m[AndroidUiautomator2Driver@9227 (470eccf4)]&amp#27;[0m Replacing sessionId c147b82b-bb95-4cfb-a51f-d7658c279492 with 470eccf4-049a-4295-a7b2-704317e044ee
&amp#27;[38;5;0m[HTTP]&amp#27;[0m &amp#27;[37m<-- GET /session/470eccf4-049a-4295-a7b2-704317e044ee/element/00000000-0000-0009-ffff-ffff0000009a/text &amp#27;[39m&amp#27;[32m200&amp#27;[39m &amp#27;[90m33 ms - 69&amp#27;[39m
&amp#27;[38;5;0m[HTTP]&amp#27;[0m &amp#27;[90m&amp#27;[39m
]]></system-out>
    <system-err><![CDATA[SLF4J: No SLF4J providers were found.
SLF4J: Defaulting to no-operation (NOP) logger implementation
SLF4J: See https://www.slf4j.org/codes.html#noProviders for further details.
ERROR StatusConsoleListener Unable to locate appender "ROLLINGFILE" for logger config "base"
]]></system-err>
  </testcase>
  <testcase name="validateProductOnProductsPage" classname="tests.ProductTests" time="9.786">
    <system-out><![CDATA[&amp#27;[38;5;0m[HTTP]&amp#27;[0m &amp#27;[37m-->&amp#27;[39m &amp#27;[37mPOST&amp#27;[39m &amp#27;[37m/session/470eccf4-049a-4295-a7b2-704317e044ee/execute/sync&amp#27;[39m
&amp#27;[38;5;0m[HTTP]&amp#27;[0m &amp#27;[90m{"script":"mobile: terminateApp","args":[{"bundleId":"com.swaglabsmobileapp","appId":"com.swaglabsmobileapp"}]}&amp#27;[39m
[debug] &amp#27;[38;5;32m[AndroidUiautomator2Driver@9227 (470eccf4)]&amp#27;[0m Calling AppiumDriver.execute() with args: ["mobile: terminateApp",[{"bundleId":"com.swaglabsmobileapp","appId":"com.swaglabsmobileapp"}],"470eccf4-049a-4295-a7b2-704317e044ee"]
&amp#27;[38;5;32m[AndroidUiautomator2Driver@9227 (470eccf4)]&amp#27;[0m Executing native command 'mobile: terminateApp'
&amp#27;[38;5;32m[AndroidUiautomator2Driver@9227 (470eccf4)]&amp#27;[0m Terminating 'com.swaglabsmobileapp'
[debug] &amp#27;[38;5;64m[ADB]&amp#27;[0m Getting IDs of all 'com.swaglabsmobileapp' processes
[debug] &amp#27;[38;5;64m[ADB]&amp#27;[0m Running 'D:\Android\Sdk\platform-tools\adb.exe -P 5037 -s 291d97f2 shell pgrep -f \(\[\[:blank:\]\]\|\^\)com\.swaglabsmobileapp\(\[\[:blank:\]\]\|\$\)'
[debug] &amp#27;[38;5;64m[ADB]&amp#27;[0m Running 'D:\Android\Sdk\platform-tools\adb.exe -P 5037 -s 291d97f2 shell am force-stop com.swaglabsmobileapp'
&amp#27;[38;5;32m[AndroidUiautomator2Driver@9227 (470eccf4)]&amp#27;[0m Querying the state of 'com.swaglabsmobileapp'
[debug] &amp#27;[38;5;64m[ADB]&amp#27;[0m Getting install status for com.swaglabsmobileapp
[debug] &amp#27;[38;5;64m[ADB]&amp#27;[0m Running 'D:\Android\Sdk\platform-tools\adb.exe -P 5037 -s 291d97f2 shell dumpsys package com.swaglabsmobileapp'
[debug] &amp#27;[38;5;64m[ADB]&amp#27;[0m 'com.swaglabsmobileapp' is installed
[debug] &amp#27;[38;5;64m[ADB]&amp#27;[0m Getting IDs of all 'com.swaglabsmobileapp' processes
[debug] &amp#27;[38;5;64m[ADB]&amp#27;[0m Running 'D:\Android\Sdk\platform-tools\adb.exe -P 5037 -s 291d97f2 shell pgrep -f \(\[\[:blank:\]\]\|\^\)com\.swaglabsmobileapp\(\[\[:blank:\]\]\|\$\)'
&amp#27;[38;5;32m[AndroidUiautomator2Driver@9227 (470eccf4)]&amp#27;[0m 'com.swaglabsmobileapp' has been successfully terminated
[debug] &amp#27;[38;5;32m[AndroidUiautomator2Driver@9227 (470eccf4)]&amp#27;[0m Responding to client with driver.execute() result: true
&amp#27;[38;5;0m[HTTP]&amp#27;[0m &amp#27;[37m<-- POST /session/470eccf4-049a-4295-a7b2-704317e044ee/execute/sync &amp#27;[39m&amp#27;[32m200&amp#27;[39m &amp#27;[90m750 ms - 14&amp#27;[39m
&amp#27;[38;5;0m[HTTP]&amp#27;[0m &amp#27;[90m&amp#27;[39m
&amp#27;[38;5;0m[HTTP]&amp#27;[0m &amp#27;[37m-->&amp#27;[39m &amp#27;[37mDELETE&amp#27;[39m &amp#27;[37m/session/470eccf4-049a-4295-a7b2-704317e044ee&amp#27;[39m
&amp#27;[38;5;0m[HTTP]&amp#27;[0m &amp#27;[90m{}&amp#27;[39m
[debug] &amp#27;[38;5;32m[AndroidUiautomator2Driver@9227 (470eccf4)]&amp#27;[0m Calling AppiumDriver.deleteSession() with args: ["470eccf4-049a-4295-a7b2-704317e044ee"]
[debug] &amp#27;[38;5;16m[AppiumDriver@207b]&amp#27;[0m Event 'quitSessionRequested' logged at 1690896367119 (10:26:07 GMT-0300 (Hora padrÃ£o de BrasÃ­lia))
&amp#27;[38;5;16m[AppiumDriver@207b]&amp#27;[0m Removing session 470eccf4-049a-4295-a7b2-704317e044ee from our master session list
[debug] &amp#27;[38;5;32m[AndroidUiautomator2Driver@9227 (470eccf4)]&amp#27;[0m Deleting UiAutomator2 session
[debug] &amp#27;[38;5;32m[AndroidUiautomator2Driver@9227 (470eccf4)]&amp#27;[0m Deleting UiAutomator2 server session
[debug] &amp#27;[38;5;32m[AndroidUiautomator2Driver@9227 (470eccf4)]&amp#27;[0m Matched '/' to command name 'deleteSession'
[debug] &amp#27;[38;5;32m[AndroidUiautomator2Driver@9227 (470eccf4)]&amp#27;[0m Proxying [DELETE /] to [DELETE http://127.0.0.1:8200/session/c147b82b-bb95-4cfb-a51f-d7658c279492] with no body
[debug] &amp#27;[38;5;32m[AndroidUiautomator2Driver@9227 (470eccf4)]&amp#27;[0m Got response with status 200: {"sessionId":"c147b82b-bb95-4cfb-a51f-d7658c279492","value":null}
[debug] &amp#27;[38;5;64m[ADB]&amp#27;[0m Running 'D:\Android\Sdk\platform-tools\adb.exe -P 5037 -s 291d97f2 shell am force-stop com.swaglabsmobileapp'
[debug] &amp#27;[38;5;96m[Logcat]&amp#27;[0m Stopping logcat capture
[debug] &amp#27;[38;5;64m[ADB]&amp#27;[0m Removing forwarded port socket connection: 8200 
[debug] &amp#27;[38;5;64m[ADB]&amp#27;[0m Running 'D:\Android\Sdk\platform-tools\adb.exe -P 5037 -s 291d97f2 forward --remove tcp:8200'
[debug] &amp#27;[38;5;16m[AppiumDriver@207b]&amp#27;[0m Event 'quitSessionFinished' logged at 1690896367345 (10:26:07 GMT-0300 (Hora padrÃ£o de BrasÃ­lia))
[debug] &amp#27;[38;5;16m[AppiumDriver@207b]&amp#27;[0m Received response: null
[debug] &amp#27;[38;5;16m[AppiumDriver@207b]&amp#27;[0m But deleting session, so not returning
[debug] &amp#27;[38;5;16m[AppiumDriver@207b]&amp#27;[0m Responding to client with driver.deleteSession() result: null
&amp#27;[38;5;0m[HTTP]&amp#27;[0m &amp#27;[37m<-- DELETE /session/470eccf4-049a-4295-a7b2-704317e044ee &amp#27;[39m&amp#27;[32m200&amp#27;[39m &amp#27;[90m227 ms - 14&amp#27;[39m
&amp#27;[38;5;0m[HTTP]&amp#27;[0m &amp#27;[90m&amp#27;[39m
2023-08-01-10-26-07
[INFO ] 2023-08-01 10:26:07.351 BasePage:114 - This is a info message
[ERROR] 2023-08-01 10:26:07.351 BasePage:115 - This is a error message
[WARN ] 2023-08-01 10:26:07.351 BasePage:116 - This is a warn message
[debug] &amp#27;[38;5;0m[HTTP]&amp#27;[0m Request idempotency key: 473d8f6f-bafa-4af4-8d1a-58c6c97d9ca9
&amp#27;[38;5;0m[HTTP]&amp#27;[0m &amp#27;[37m-->&amp#27;[39m &amp#27;[37mPOST&amp#27;[39m &amp#27;[37m/session&amp#27;[39m
&amp#27;[38;5;0m[HTTP]&amp#27;[0m &amp#27;[90m{"capabilities":{"firstMatch":[{}],"alwaysMatch":{"appium:adbExecTimeout":"6000000","appium:appActivity":"com.swaglabsmobileapp.SplashActivity","appium:appPackage":"com.swaglabsmobileapp","appium:automationName":"UIAutomator2","appium:udid":"291d97f2","platformName":"ANDROID"}}}&amp#27;[39m
[debug] &amp#27;[38;5;16m[AppiumDriver@207b]&amp#27;[0m Calling AppiumDriver.createSession() with args: [null,null,{"firstMatch":[{}],"alwaysMatch":{"appium:adbExecTimeout":"6000000","appium:appActivity":"com.swaglabsmobileapp.SplashActivity","appium:appPackage":"com.swaglabsmobileapp","appium:automationName":"UIAutomator2","appium:udid":"291d97f2","platformName":"ANDROID"}}]
[debug] &amp#27;[38;5;16m[AppiumDriver@207b]&amp#27;[0m Event 'newSessionRequested' logged at 1690896367359 (10:26:07 GMT-0300 (Hora padrÃ£o de BrasÃ­lia))
&amp#27;[35m[Appium]&amp#27;[39m Attempting to find matching driver for automationName 'UIAutomator2' and platformName 'ANDROID'
&amp#27;[35m[Appium]&amp#27;[39m The 'uiautomator2' driver was installed and matched caps.
&amp#27;[35m[Appium]&amp#27;[39m Will require it at C:\Users\Rafael\.appium\node_modules\appium-uiautomator2-driver
[debug] &amp#27;[35m[Appium]&amp#27;[39m Requiring driver at C:\Users\Rafael\.appium\node_modules\appium-uiautomator2-driver
&amp#27;[38;5;16m[AppiumDriver@207b]&amp#27;[0m Appium v2.0.0-beta.71 creating new AndroidUiautomator2Driver (v2.24.1) session
&amp#27;[38;5;16m[AppiumDriver@207b]&amp#27;[0m Checking BaseDriver versions for Appium and AndroidUiautomator2Driver
&amp#27;[38;5;16m[AppiumDriver@207b]&amp#27;[0m Appium's BaseDriver version is 9.3.10
&amp#27;[38;5;16m[AppiumDriver@207b]&amp#27;[0m AndroidUiautomator2Driver's BaseDriver version is 9.3.10
[debug] &amp#27;[38;5;16m[AppiumDriver@207b]&amp#27;[0m There are no active sessions for cleanup
[debug] &amp#27;[38;5;32m[AndroidUiautomator2Driver@65e3]&amp#27;[0m Creating session with W3C capabilities: {
[debug] &amp#27;[38;5;32m[AndroidUiautomator2Driver@65e3]&amp#27;[0m   "alwaysMatch": {
[debug] &amp#27;[38;5;32m[AndroidUiautomator2Driver@65e3]&amp#27;[0m     "platformName": "ANDROID",
[debug] &amp#27;[38;5;32m[AndroidUiautomator2Driver@65e3]&amp#27;[0m     "appium:adbExecTimeout": "6000000",
[debug] &amp#27;[38;5;32m[AndroidUiautomator2Driver@65e3]&amp#27;[0m     "appium:appActivity": "com.swaglabsmobileapp.SplashActivity",
[debug] &amp#27;[38;5;32m[AndroidUiautomator2Driver@65e3]&amp#27;[0m     "appium:appPackage": "com.swaglabsmobileapp",
[debug] &amp#27;[38;5;32m[AndroidUiautomator2Driver@65e3]&amp#27;[0m     "appium:automationName": "UIAutomator2",
[debug] &amp#27;[38;5;32m[AndroidUiautomator2Driver@65e3]&amp#27;[0m     "appium:udid": "291d97f2"
[debug] &amp#27;[38;5;32m[AndroidUiautomator2Driver@65e3]&amp#27;[0m   },
[debug] &amp#27;[38;5;32m[AndroidUiautomator2Driver@65e3]&amp#27;[0m   "firstMatch": [
[debug] &amp#27;[38;5;32m[AndroidUiautomator2Driver@65e3]&amp#27;[0m     {}
[debug] &amp#27;[38;5;32m[AndroidUiautomator2Driver@65e3]&amp#27;[0m   ]
[debug] &amp#27;[38;5;32m[AndroidUiautomator2Driver@65e3]&amp#27;[0m }
&amp#27;[38;5;48m[BaseDriver]&amp#27;[0m Number capability passed in as string. Functionality may be compromised.
&amp#27;[38;5;32m[AndroidUiautomator2Driver@65e3]&amp#27;[0m Capability 'adbExecTimeout' changed from string ('6000000') to integer (6000000). This may cause unexpected behavior
&amp#27;[38;5;32m[AndroidUiautomator2Driver@65e3 (adbda647)]&amp#27;[0m Session created with session id: adbda647-3ea9-4582-9843-05e58d783ca2
&amp#27;[38;5;32m[AndroidUiautomator2Driver@65e3 (adbda647)]&amp#27;[0m Starting 'com.swaglabsmobileapp' directly on the device
&amp#27;[38;5;64m[ADB]&amp#27;[0m Using 'adb.exe' from 'D:\Android\Sdk\platform-tools\adb.exe'
[debug] &amp#27;[38;5;64m[ADB]&amp#27;[0m Running 'D:\Android\Sdk\platform-tools\adb.exe -P 5037 start-server'
[debug] &amp#27;[38;5;112m[Instrumentation]&amp#27;[0m .
&amp#27;[38;5;80m[AndroidDriver]&amp#27;[0m Retrieving device list
[debug] &amp#27;[38;5;64m[ADB]&amp#27;[0m Trying to find a connected android device
[debug] &amp#27;[38;5;64m[ADB]&amp#27;[0m Getting connected devices
[debug] &amp#27;[38;5;112m[Instrumentation]&amp#27;[0m Time: 22,117
[debug] &amp#27;[38;5;112m[Instrumentation]&amp#27;[0m 
[debug] &amp#27;[38;5;112m[Instrumentation]&amp#27;[0m OK (1 test)
[debug] &amp#27;[38;5;64m[ADB]&amp#27;[0m Connected devices: [{"udid":"291d97f2","state":"device"}]
&amp#27;[38;5;80m[AndroidDriver]&amp#27;[0m Using device: 291d97f2
&amp#27;[38;5;64m[ADB]&amp#27;[0m Using 'adb.exe' from 'D:\Android\Sdk\platform-tools\adb.exe'
[debug] &amp#27;[38;5;64m[ADB]&amp#27;[0m Running 'D:\Android\Sdk\platform-tools\adb.exe -P 5037 start-server'
[debug] &amp#27;[38;5;64m[ADB]&amp#27;[0m Setting device id to 291d97f2
[debug] &amp#27;[38;5;64m[ADB]&amp#27;[0m Running 'D:\Android\Sdk\platform-tools\adb.exe -P 5037 -s 291d97f2 shell getprop ro.build.version.sdk'
[debug] &amp#27;[38;5;112m[Instrumentation]&amp#27;[0m The process has exited with code 0
[debug] &amp#27;[38;5;64m[ADB]&amp#27;[0m Current device property 'ro.build.version.sdk': 27
[debug] &amp#27;[38;5;64m[ADB]&amp#27;[0m Device API level: 27
&amp#27;[38;5;80m[AndroidDriver]&amp#27;[0m No app sent in, not parsing package/activity
[debug] &amp#27;[38;5;80m[AndroidDriver]&amp#27;[0m Pushing settings apk to device...
[debug] &amp#27;[38;5;64m[ADB]&amp#27;[0m Getting install status for io.appium.settings
[debug] &amp#27;[38;5;64m[ADB]&amp#27;[0m Running 'D:\Android\Sdk\platform-tools\adb.exe -P 5037 -s 291d97f2 shell dumpsys package io.appium.settings'
[debug] &amp#27;[38;5;64m[ADB]&amp#27;[0m 'io.appium.settings' is installed
[debug] &amp#27;[38;5;64m[ADB]&amp#27;[0m Getting package info for 'io.appium.settings'
[debug] &amp#27;[38;5;64m[ADB]&amp#27;[0m Running 'D:\Android\Sdk\platform-tools\adb.exe -P 5037 -s 291d97f2 shell dumpsys package io.appium.settings'
[debug] &amp#27;[38;5;64m[ADB]&amp#27;[0m The version name of the installed 'io.appium.settings' is greater or equal to the application version name ('5.0.3' >= '5.0.3')
[debug] &amp#27;[38;5;64m[ADB]&amp#27;[0m There is no need to install/upgrade 'C:\Users\Rafael\.appium\node_modules\appium-uiautomator2-driver\node_modules\io.appium.settings\apks\settings_apk-debug.apk'
[debug] &amp#27;[38;5;64m[ADB]&amp#27;[0m Getting IDs of all 'io.appium.settings' processes
[debug] &amp#27;[38;5;64m[ADB]&amp#27;[0m Running 'D:\Android\Sdk\platform-tools\adb.exe -P 5037 -s 291d97f2 shell 'pgrep --help; echo $?''
[debug] &amp#27;[38;5;64m[ADB]&amp#27;[0m Running 'D:\Android\Sdk\platform-tools\adb.exe -P 5037 -s 291d97f2 shell pgrep -f \(\[\[:blank:\]\]\|\^\)io\.appium\.settings\(\[\[:blank:\]\]\|\$\)'
[debug] &amp#27;[38;5;64m[ADB]&amp#27;[0m Getting IDs of all 'io.appium.settings' processes
[debug] &amp#27;[38;5;64m[ADB]&amp#27;[0m Running 'D:\Android\Sdk\platform-tools\adb.exe -P 5037 -s 291d97f2 shell pgrep -f \(\[\[:blank:\]\]\|\^\)io\.appium\.settings\(\[\[:blank:\]\]\|\$\)'
[debug] &amp#27;[38;5;64m[ADB]&amp#27;[0m Starting Appium Settings app
[debug] &amp#27;[38;5;64m[ADB]&amp#27;[0m Running 'D:\Android\Sdk\platform-tools\adb.exe -P 5037 -s 291d97f2 shell am start -n io.appium.settings/.Settings -a android.intent.action.MAIN -c android.intent.category.LAUNCHER'
[debug] &amp#27;[38;5;64m[ADB]&amp#27;[0m Getting IDs of all 'io.appium.settings' processes
[debug] &amp#27;[38;5;64m[ADB]&amp#27;[0m Running 'D:\Android\Sdk\platform-tools\adb.exe -P 5037 -s 291d97f2 shell pgrep -f \(\[\[:blank:\]\]\|\^\)io\.appium\.settings\(\[\[:blank:\]\]\|\$\)'
[debug] &amp#27;[38;5;64m[ADB]&amp#27;[0m Running 'D:\Android\Sdk\platform-tools\adb.exe -P 5037 -s 291d97f2 shell appops set io.appium.settings android:mock_location allow'
[debug] &amp#27;[38;5;64m[ADB]&amp#27;[0m Running 'D:\Android\Sdk\platform-tools\adb.exe -P 5037 -s 291d97f2 shell "[ -e '/data/local/tmp/mock_apps.json' ] && echo __PASS__"'
[debug] &amp#27;[38;5;64m[ADB]&amp#27;[0m Running 'D:\Android\Sdk\platform-tools\adb.exe -P 5037 -s 291d97f2 shell cat /data/local/tmp/mock_apps.json'
[debug] &amp#27;[38;5;96m[Logcat]&amp#27;[0m Starting logs capture with command: D:\\Android\\Sdk\\platform-tools\\adb.exe -P 5037 -s 291d97f2 logcat -v threadtime
[debug] &amp#27;[38;5;32m[AndroidUiautomator2Driver@65e3 (adbda647)]&amp#27;[0m Forwarding UiAutomator2 Server port 6790 to local port 8200
[debug] &amp#27;[38;5;64m[ADB]&amp#27;[0m Forwarding system: 8200 to device: 6790
[debug] &amp#27;[38;5;64m[ADB]&amp#27;[0m Running 'D:\Android\Sdk\platform-tools\adb.exe -P 5037 -s 291d97f2 forward tcp:8200 tcp:6790'
[debug] &amp#27;[38;5;64m[ADB]&amp#27;[0m Getting install status for io.appium.uiautomator2.server
[debug] &amp#27;[38;5;64m[ADB]&amp#27;[0m Running 'D:\Android\Sdk\platform-tools\adb.exe -P 5037 -s 291d97f2 shell dumpsys package io.appium.uiautomator2.server'
[debug] &amp#27;[38;5;64m[ADB]&amp#27;[0m 'io.appium.uiautomator2.server' is installed
[debug] &amp#27;[38;5;64m[ADB]&amp#27;[0m Getting package info for 'io.appium.uiautomator2.server'
[debug] &amp#27;[38;5;64m[ADB]&amp#27;[0m Running 'D:\Android\Sdk\platform-tools\adb.exe -P 5037 -s 291d97f2 shell dumpsys package io.appium.uiautomator2.server'
[debug] &amp#27;[38;5;64m[ADB]&amp#27;[0m The version name of the installed 'io.appium.uiautomator2.server' is greater or equal to the application version name ('5.8.2' >= '5.8.2')
[debug] &amp#27;[38;5;32m[AndroidUiautomator2Driver@65e3 (adbda647)]&amp#27;[0m io.appium.uiautomator2.server installation state: sameVersionInstalled
[debug] &amp#27;[38;5;64m[ADB]&amp#27;[0m Checking app cert for C:\Users\Rafael\.appium\node_modules\appium-uiautomator2-driver\node_modules\appium-uiautomator2-server\apks\appium-uiautomator2-server-v5.8.2.apk
[debug] &amp#27;[38;5;64m[ADB]&amp#27;[0m Using the previously cached signature entry for 'appium-uiautomator2-server-v5.8.2.apk'
[debug] &amp#27;[38;5;64m[ADB]&amp#27;[0m sha256 hash did match for 'appium-uiautomator2-server-v5.8.2.apk'
[debug] &amp#27;[38;5;64m[ADB]&amp#27;[0m Getting install status for io.appium.uiautomator2.server.test
[debug] &amp#27;[38;5;64m[ADB]&amp#27;[0m Running 'D:\Android\Sdk\platform-tools\adb.exe -P 5037 -s 291d97f2 shell dumpsys package io.appium.uiautomator2.server.test'
[debug] &amp#27;[38;5;64m[ADB]&amp#27;[0m 'io.appium.uiautomator2.server.test' is installed
[debug] &amp#27;[38;5;64m[ADB]&amp#27;[0m Checking app cert for C:\Users\Rafael\.appium\node_modules\appium-uiautomator2-driver\node_modules\appium-uiautomator2-server\apks\appium-uiautomator2-server-debug-androidTest.apk
[debug] &amp#27;[38;5;64m[ADB]&amp#27;[0m Using the previously cached signature entry for 'appium-uiautomator2-server-debug-androidTest.apk'
[debug] &amp#27;[38;5;64m[ADB]&amp#27;[0m sha256 hash did match for 'appium-uiautomator2-server-debug-androidTest.apk'
&amp#27;[38;5;32m[AndroidUiautomator2Driver@65e3 (adbda647)]&amp#27;[0m Server packages are not going to be (re)installed
[debug] &amp#27;[38;5;32m[AndroidUiautomator2Driver@65e3 (adbda647)]&amp#27;[0m Waiting up to 30000ms for services to be available
[debug] &amp#27;[38;5;64m[ADB]&amp#27;[0m Running 'D:\Android\Sdk\platform-tools\adb.exe -P 5037 -s 291d97f2 shell pm list instrumentation'
[debug] &amp#27;[38;5;32m[AndroidUiautomator2Driver@65e3 (adbda647)]&amp#27;[0m Instrumentation target 'io.appium.uiautomator2.server.test/androidx.test.runner.AndroidJUnitRunner' is available
&amp#27;[38;5;64m[ADB]&amp#27;[0m Adding packages ["io.appium.settings","io.appium.uiautomator2.server","io.appium.uiautomator2.server.test"] to Doze whitelist
[debug] &amp#27;[38;5;64m[ADB]&amp#27;[0m Got the following command chunks to execute: [["dumpsys","deviceidle","whitelist","+io.appium.settings",";","dumpsys","deviceidle","whitelist","+io.appium.uiautomator2.server",";","dumpsys","deviceidle","whitelist","+io.appium.uiautomator2.server.test",";"]]
[debug] &amp#27;[38;5;64m[ADB]&amp#27;[0m Running 'D:\Android\Sdk\platform-tools\adb.exe -P 5037 -s 291d97f2 shell dumpsys deviceidle whitelist +io.appium.settings ; dumpsys deviceidle whitelist +io.appium.uiautomator2.server ; dumpsys deviceidle whitelist +io.appium.uiautomator2.server.test ;'
[debug] &amp#27;[38;5;32m[AndroidUiautomator2Driver@65e3 (adbda647)]&amp#27;[0m No app capability. Assuming it is already on the device
[debug] &amp#27;[38;5;64m[ADB]&amp#27;[0m Getting install status for com.swaglabsmobileapp
[debug] &amp#27;[38;5;64m[ADB]&amp#27;[0m Running 'D:\Android\Sdk\platform-tools\adb.exe -P 5037 -s 291d97f2 shell dumpsys package com.swaglabsmobileapp'
[debug] &amp#27;[38;5;64m[ADB]&amp#27;[0m 'com.swaglabsmobileapp' is installed
[debug] &amp#27;[38;5;64m[ADB]&amp#27;[0m Running 'D:\Android\Sdk\platform-tools\adb.exe -P 5037 -s 291d97f2 shell am force-stop com.swaglabsmobileapp'
[debug] &amp#27;[38;5;64m[ADB]&amp#27;[0m Running 'D:\Android\Sdk\platform-tools\adb.exe -P 5037 -s 291d97f2 shell pm clear com.swaglabsmobileapp'
[debug] &amp#27;[38;5;80m[AndroidDriver]&amp#27;[0m Performed fast reset on the installed 'com.swaglabsmobileapp' application (stop and clear)
[debug] &amp#27;[38;5;32m[AndroidUiautomator2Driver@65e3 (adbda647)]&amp#27;[0m Performing shallow cleanup of automation leftovers
[debug] &amp#27;[38;5;32m[AndroidUiautomator2Driver@65e3 (adbda647)]&amp#27;[0m No obsolete sessions have been detected (socket hang up)
[debug] &amp#27;[38;5;64m[ADB]&amp#27;[0m Running 'D:\Android\Sdk\platform-tools\adb.exe -P 5037 -s 291d97f2 shell am force-stop io.appium.uiautomator2.server.test'
&amp#27;[38;5;32m[AndroidUiautomator2Driver@65e3 (adbda647)]&amp#27;[0m Starting UIAutomator2 server 5.8.2
&amp#27;[38;5;32m[AndroidUiautomator2Driver@65e3 (adbda647)]&amp#27;[0m Using UIAutomator2 server from 'C:\Users\Rafael\.appium\node_modules\appium-uiautomator2-driver\node_modules\appium-uiautomator2-server\apks\appium-uiautomator2-server-v5.8.2.apk' and test from 'C:\Users\Rafael\.appium\node_modules\appium-uiautomator2-driver\node_modules\appium-uiautomator2-server\apks\appium-uiautomator2-server-debug-androidTest.apk'
&amp#27;[38;5;32m[AndroidUiautomator2Driver@65e3 (adbda647)]&amp#27;[0m Waiting up to 30000ms for UiAutomator2 to be online...
[debug] &amp#27;[38;5;64m[ADB]&amp#27;[0m Creating ADB subprocess with args: ["-P",5037,"-s","291d97f2","shell","am","instrument","-w","-e","disableAnalytics",true,"io.appium.uiautomator2.server.test/androidx.test.runner.AndroidJUnitRunner"]
[debug] &amp#27;[38;5;32m[AndroidUiautomator2Driver@65e3 (adbda647)]&amp#27;[0m Matched '/status' to command name 'getStatus'
[debug] &amp#27;[38;5;32m[AndroidUiautomator2Driver@65e3 (adbda647)]&amp#27;[0m Proxying [GET /status] to [GET http://127.0.0.1:8200/status] with no body
&amp#27;[38;5;32m[AndroidUiautomator2Driver@65e3 (adbda647)]&amp#27;[0m socket hang up
[debug] &amp#27;[38;5;32m[AndroidUiautomator2Driver@65e3 (adbda647)]&amp#27;[0m Matched '/status' to command name 'getStatus'
[debug] &amp#27;[38;5;32m[AndroidUiautomator2Driver@65e3 (adbda647)]&amp#27;[0m Proxying [GET /status] to [GET http://127.0.0.1:8200/status] with no body
&amp#27;[38;5;32m[AndroidUiautomator2Driver@65e3 (adbda647)]&amp#27;[0m socket hang up
[debug] &amp#27;[38;5;32m[AndroidUiautomator2Driver@65e3 (adbda647)]&amp#27;[0m Matched '/status' to command name 'getStatus'
[debug] &amp#27;[38;5;32m[AndroidUiautomator2Driver@65e3 (adbda647)]&amp#27;[0m Proxying [GET /status] to [GET http://127.0.0.1:8200/status] with no body
&amp#27;[38;5;32m[AndroidUiautomator2Driver@65e3 (adbda647)]&amp#27;[0m socket hang up
[debug] &amp#27;[38;5;32m[AndroidUiautomator2Driver@65e3 (adbda647)]&amp#27;[0m Matched '/status' to command name 'getStatus'
[debug] &amp#27;[38;5;32m[AndroidUiautomator2Driver@65e3 (adbda647)]&amp#27;[0m Proxying [GET /status] to [GET http://127.0.0.1:8200/status] with no body
&amp#27;[38;5;32m[AndroidUiautomator2Driver@65e3 (adbda647)]&amp#27;[0m socket hang up
[debug] &amp#27;[38;5;112m[Instrumentation]&amp#27;[0m io.appium.uiautomator2.server.test.AppiumUiAutomator2Server:
[debug] &amp#27;[38;5;32m[AndroidUiautomator2Driver@65e3 (adbda647)]&amp#27;[0m Matched '/status' to command name 'getStatus'
[debug] &amp#27;[38;5;32m[AndroidUiautomator2Driver@65e3 (adbda647)]&amp#27;[0m Proxying [GET /status] to [GET http://127.0.0.1:8200/status] with no body
&amp#27;[38;5;32m[AndroidUiautomator2Driver@65e3 (adbda647)]&amp#27;[0m socket hang up
[debug] &amp#27;[38;5;32m[AndroidUiautomator2Driver@65e3 (adbda647)]&amp#27;[0m Matched '/status' to command name 'getStatus'
[debug] &amp#27;[38;5;32m[AndroidUiautomator2Driver@65e3 (adbda647)]&amp#27;[0m Proxying [GET /status] to [GET http://127.0.0.1:8200/status] with no body
&amp#27;[38;5;32m[AndroidUiautomator2Driver@65e3 (adbda647)]&amp#27;[0m socket hang up
[debug] &amp#27;[38;5;32m[AndroidUiautomator2Driver@65e3 (adbda647)]&amp#27;[0m Matched '/status' to command name 'getStatus'
[debug] &amp#27;[38;5;32m[AndroidUiautomator2Driver@65e3 (adbda647)]&amp#27;[0m Proxying [GET /status] to [GET http://127.0.0.1:8200/status] with no body
[debug] &amp#27;[38;5;32m[AndroidUiautomator2Driver@65e3 (adbda647)]&amp#27;[0m Got response with status 200: {"sessionId":"None","value":{"message":"UiAutomator2 Server is ready to accept commands","ready":true}}
[debug] &amp#27;[38;5;32m[AndroidUiautomator2Driver@65e3 (adbda647)]&amp#27;[0m The initialization of the instrumentation process took 6290ms
[debug] &amp#27;[38;5;32m[AndroidUiautomator2Driver@65e3 (adbda647)]&amp#27;[0m Matched '/session' to command name 'createSession'
[debug] &amp#27;[38;5;32m[AndroidUiautomator2Driver@65e3 (adbda647)]&amp#27;[0m Proxying [POST /session] to [POST http://127.0.0.1:8200/session] with body: {"capabilities":{"firstMatch":[{"platform":"LINUX","webStorageEnabled":false,"takesScreenshot":true,"javascriptEnabled":true,"databaseEnabled":false,"networkConnectionEnabled":true,"locationContextEnabled":false,"warnings":{},"desired":{"platformName":"ANDROID","adbExecTimeout":6000000,"appActivity":"com.swaglabsmobileapp.SplashActivity","appPackage":"com.swaglabsmobileapp","automationName":"UIAutomator2","udid":"291d97f2"},"platformName":"ANDROID","adbExecTimeout":6000000,"appActivity":"com.swaglabsmobileapp.SplashActivity","appPackage":"com.swaglabsmobileapp","automationName":"UIAutomator2","udid":"291d97f2","deviceName":"291d97f2","deviceUDID":"291d97f2"}],"alwaysMatch":{}}}
[debug] &amp#27;[38;5;32m[AndroidUiautomator2Driver@65e3 (adbda647)]&amp#27;[0m Got response with status 200: {"sessionId":"f72f72fc-85cf-4a41-afa1-ac7920deb75c","value":{"capabilities":{"firstMatch":[{"platform":"LINUX","webStorageEnabled":false,"takesScreenshot":true,"javascriptEnabled":true,"databaseEnabled":false,"networkConnectionEnabled":true,"locationContextEnabled":false,"warnings":{},"desired":{"platformName":"ANDROID","adbExecTimeout":6000000,"appActivity":"com.swaglabsmobileapp.SplashActivity","appPackage":"com.swaglabsmobileapp","automationName":"UIAutomator2","udid":"291d97f2"},"platformName":"ANDROID","adbExecTimeout":6000000,"appActivity":"com.swaglabsmobileapp.SplashActivity","appPackage":"com.swaglabsmobileapp","automationName":"UIAutomator2","udid":"291d97f2","deviceName":"291d97f2","deviceUDID":"291d97f2"}],"alwaysMatch":{}},"sessionId":"f72f72fc-85cf-4a41-afa1-ac7920deb75c"}}
&amp#27;[38;5;32m[AndroidUiautomator2Driver@65e3 (adbda647)]&amp#27;[0m Determined the downstream protocol as 'W3C'
[debug] &amp#27;[38;5;32m[AndroidUiautomator2Driver@65e3 (adbda647)]&amp#27;[0m Proxying [GET /appium/device/info] to [GET http://127.0.0.1:8200/session/f72f72fc-85cf-4a41-afa1-ac7920deb75c/appium/device/info] with no body
[debug] &amp#27;[38;5;32m[AndroidUiautomator2Driver@65e3 (adbda647)]&amp#27;[0m Got response with status 200: {"sessionId":"f72f72fc-85cf-4a41-afa1-ac7920deb75c","value":{"androidId":"31f103392d758e53","apiVersion":"27","bluetooth":{"state":"OFF"},"brand":"samsung","carrierName":"TIMBRASIL | TIM","displayDensity":278,"locale":"pt_BR","manufacturer":"samsung","model":"SM-J410G","networks":[{"capabilities":{"SSID":null,"linkDownBandwidthKbps":102400,"linkUpstreamBandwidthKbps":51200,"networkCapabilities":"NET_CAPABILITY_IMS,NET_CAPABILITY_NOT_METERED,NET_CAPABILITY_TRUSTED,NET_CAPABILITY_NOT_VPN,NET_CAPABILITY_VALIDATED,NET_CAPABILITY_NOT_ROAMING","signalStrength":-2147483648,"transportTypes":"TRANSPORT_CELLULAR"},"detailedState":"CONNECTED","extraInfo":"ims","isAvailable":true,"isConnected":true,"isFailover":false,"isRoaming":false,"state":"CONNECTED","subtype":13,"subtypeName":"LTE","type":0,"typeName":"MOBILE"},{"capabilities":{"SSID":null,"linkDownBandwidthKbps":1048576,"linkUpstreamBandwidthKbps":1048576,"networkCapabilities":"NET_CAPABILITY_NOT_METERED,NET_CAPABILITY_INTERNET,NET_CAPABILITY_NOT_RESTRICTED,NET_...
[debug] &amp#27;[38;5;64m[ADB]&amp#27;[0m Running 'D:\Android\Sdk\platform-tools\adb.exe -P 5037 -s 291d97f2 shell dumpsys window'
&amp#27;[38;5;80m[AndroidDriver]&amp#27;[0m Screen already unlocked, doing nothing
&amp#27;[38;5;32m[AndroidUiautomator2Driver@65e3 (adbda647)]&amp#27;[0m Starting 'com.swaglabsmobileapp/com.swaglabsmobileapp.SplashActivity and waiting for 'com.swaglabsmobileapp/com.swaglabsmobileapp.SplashActivity'
[debug] &amp#27;[38;5;64m[ADB]&amp#27;[0m Running 'D:\Android\Sdk\platform-tools\adb.exe -P 5037 -s 291d97f2 shell am start -W -n com.swaglabsmobileapp/com.swaglabsmobileapp.SplashActivity -S -a android.intent.action.MAIN -c android.intent.category.LAUNCHER -f 0x10200000'
[debug] &amp#27;[38;5;32m[AndroidUiautomator2Driver@65e3 (adbda647)]&amp#27;[0m Proxying [GET /appium/device/pixel_ratio] to [GET http://127.0.0.1:8200/session/f72f72fc-85cf-4a41-afa1-ac7920deb75c/appium/device/pixel_ratio] with no body
[debug] &amp#27;[38;5;32m[AndroidUiautomator2Driver@65e3 (adbda647)]&amp#27;[0m Got response with status 200: {"sessionId":"f72f72fc-85cf-4a41-afa1-ac7920deb75c","value":1.7375001}
[debug] &amp#27;[38;5;32m[AndroidUiautomator2Driver@65e3 (adbda647)]&amp#27;[0m Matched '/appium/device/system_bars' to command name 'getSystemBars'
[debug] &amp#27;[38;5;32m[AndroidUiautomator2Driver@65e3 (adbda647)]&amp#27;[0m Proxying [GET /appium/device/system_bars] to [GET http://127.0.0.1:8200/session/f72f72fc-85cf-4a41-afa1-ac7920deb75c/appium/device/system_bars] with no body
[debug] &amp#27;[38;5;32m[AndroidUiautomator2Driver@65e3 (adbda647)]&amp#27;[0m Got response with status 200: {"sessionId":"f72f72fc-85cf-4a41-afa1-ac7920deb75c","value":{"statusBar":42}}
[debug] &amp#27;[38;5;32m[AndroidUiautomator2Driver@65e3 (adbda647)]&amp#27;[0m Matched '/window/current/size' to command name 'getWindowSize'
[debug] &amp#27;[38;5;32m[AndroidUiautomator2Driver@65e3 (adbda647)]&amp#27;[0m Proxying [GET /window/current/size] to [GET http://127.0.0.1:8200/session/f72f72fc-85cf-4a41-afa1-ac7920deb75c/window/current/size] with no body
[debug] &amp#27;[38;5;32m[AndroidUiautomator2Driver@65e3 (adbda647)]&amp#27;[0m Got response with status 200: {"sessionId":"f72f72fc-85cf-4a41-afa1-ac7920deb75c","value":{"height":1397,"width":720}}
&amp#27;[38;5;16m[AppiumDriver@207b]&amp#27;[0m New AndroidUiautomator2Driver session created successfully, session adbda647-3ea9-4582-9843-05e58d783ca2 added to master session list
[debug] &amp#27;[38;5;16m[AppiumDriver@207b]&amp#27;[0m Event 'newSessionStarted' logged at 1690896381637 (10:26:21 GMT-0300 (Hora padrÃ£o de BrasÃ­lia))
[debug] &amp#27;[38;5;32m[AndroidUiautomator2Driver@65e3 (adbda647)]&amp#27;[0m Cached the protocol value 'W3C' for the new session adbda647-3ea9-4582-9843-05e58d783ca2
[debug] &amp#27;[38;5;32m[AndroidUiautomator2Driver@65e3 (adbda647)]&amp#27;[0m Responding to client with driver.createSession() result: {"capabilities":{"platform":"LINUX","webStorageEnabled":false,"takesScreenshot":true,"javascriptEnabled":true,"databaseEnabled":false,"networkConnectionEnabled":true,"locationContextEnabled":false,"warnings":{},"desired":{"platformName":"ANDROID","adbExecTimeout":6000000,"appActivity":"com.swaglabsmobileapp.SplashActivity","appPackage":"com.swaglabsmobileapp","automationName":"UIAutomator2","udid":"291d97f2"},"platformName":"ANDROID","adbExecTimeout":6000000,"appActivity":"com.swaglabsmobileapp.SplashActivity","appPackage":"com.swaglabsmobileapp","automationName":"UIAutomator2","udid":"291d97f2","deviceName":"291d97f2","deviceUDID":"291d97f2","deviceApiLevel":27,"platformVersion":"8.1.0","deviceScreenSize":"720x1480","deviceScreenDensity":278,"deviceModel":"SM-J410G","deviceManufacturer":"samsung","pixelRatio":1.7375001,"statBarHeight":42,"viewportRect":{"left":0,"top":42,"width":720,"height":1355}}}
&amp#27;[38;5;0m[HTTP]&amp#27;[0m &amp#27;[37m<-- POST /session &amp#27;[39m&amp#27;[32m200&amp#27;[39m &amp#27;[90m14279 ms - 974&amp#27;[39m
&amp#27;[38;5;0m[HTTP]&amp#27;[0m &amp#27;[90m&amp#27;[39m
&amp#27;[38;5;0m[HTTP]&amp#27;[0m &amp#27;[37m-->&amp#27;[39m &amp#27;[37mGET&amp#27;[39m &amp#27;[37m/session/adbda647-3ea9-4582-9843-05e58d783ca2/context&amp#27;[39m
&amp#27;[38;5;0m[HTTP]&amp#27;[0m &amp#27;[90m{}&amp#27;[39m
[debug] &amp#27;[38;5;32m[AndroidUiautomator2Driver@65e3 (adbda647)]&amp#27;[0m Calling AppiumDriver.getCurrentContext() with args: ["adbda647-3ea9-4582-9843-05e58d783ca2"]
[debug] &amp#27;[38;5;32m[AndroidUiautomator2Driver@65e3 (adbda647)]&amp#27;[0m Responding to client with driver.getCurrentContext() result: "NATIVE_APP"
&amp#27;[38;5;0m[HTTP]&amp#27;[0m &amp#27;[37m<-- GET /session/adbda647-3ea9-4582-9843-05e58d783ca2/context &amp#27;[39m&amp#27;[32m200&amp#27;[39m &amp#27;[90m2 ms - 22&amp#27;[39m
&amp#27;[38;5;0m[HTTP]&amp#27;[0m &amp#27;[90m&amp#27;[39m
&amp#27;[38;5;0m[HTTP]&amp#27;[0m &amp#27;[37m-->&amp#27;[39m &amp#27;[37mPOST&amp#27;[39m &amp#27;[37m/session/adbda647-3ea9-4582-9843-05e58d783ca2/element&amp#27;[39m
&amp#27;[38;5;0m[HTTP]&amp#27;[0m &amp#27;[90m{"using":"accessibility id","value":"test-Username"}&amp#27;[39m
[debug] &amp#27;[38;5;32m[AndroidUiautomator2Driver@65e3 (adbda647)]&amp#27;[0m Calling AppiumDriver.findElement() with args: ["accessibility id","test-Username","adbda647-3ea9-4582-9843-05e58d783ca2"]
[debug] &amp#27;[38;5;32m[AndroidUiautomator2Driver@65e3 (adbda647)]&amp#27;[0m Valid locator strategies for this request: xpath, id, class name, accessibility id, css selector, -android uiautomator
[debug] &amp#27;[38;5;32m[AndroidUiautomator2Driver@65e3 (adbda647)]&amp#27;[0m Waiting up to 0 ms for condition
[debug] &amp#27;[38;5;32m[AndroidUiautomator2Driver@65e3 (adbda647)]&amp#27;[0m Matched '/element' to command name 'findElement'
[debug] &amp#27;[38;5;32m[AndroidUiautomator2Driver@65e3 (adbda647)]&amp#27;[0m Proxying [POST /element] to [POST http://127.0.0.1:8200/session/f72f72fc-85cf-4a41-afa1-ac7920deb75c/element] with body: {"strategy":"accessibility id","selector":"test-Username","context":"","multiple":false}
&amp#27;[38;5;32m[AndroidUiautomator2Driver@65e3 (adbda647)]&amp#27;[0m Got response with status 404: {"sessionId":"f72f72fc-85cf-4a41-afa1-ac7920deb75c","value":{"error":"no such element","message":"An element could not be located on the page using the given search parameters","stacktrace":"io.appium.uiautomator2.common.exceptions.ElementNotFoundException: An element could not be located on the page using the given search parameters\n\tat io.appium.uiautomator2.handler.FindElement.safeHandle(FindElement.java:70)\n\tat io.appium.uiautomator2.handler.request.SafeRequestHandler.handle(SafeRequestHandler.java:59)\n\tat io.appium.uiautomator2.server.AppiumServlet.handleRequest(AppiumServlet.java:270)\n\tat io.appium.uiautomator2.server.AppiumServlet.handleHttpRequest(AppiumServlet.java:264)\n\tat io.appium.uiautomator2.http.ServerHandler.channelRead(ServerHandler.java:68)\n\tat io.netty.channel.AbstractChannelHandlerContext.invokeChannelRead(AbstractChannelHandlerContext.java:366)\n\tat io.netty.channel.AbstractChannelHandlerContext.invokeChannelRead(AbstractChannelHandlerContext.java:352)\n\tat io.netty.chann...
[debug] &amp#27;[38;5;128m[W3C]&amp#27;[0m Matched W3C error code 'no such element' to NoSuchElementError
[debug] &amp#27;[38;5;32m[AndroidUiautomator2Driver@65e3 (adbda647)]&amp#27;[0m Encountered internal error running command: NoSuchElementError: An element could not be located on the page using the given search parameters.
[debug] &amp#27;[38;5;32m[AndroidUiautomator2Driver@65e3 (adbda647)]&amp#27;[0m     at AndroidUiautomator2Driver.findElOrEls (C:\Users\Rafael\.appium\node_modules\appium-uiautomator2-driver\node_modules\appium-android-driver\lib\commands\find.js:75:11)
[debug] &amp#27;[38;5;32m[AndroidUiautomator2Driver@65e3 (adbda647)]&amp#27;[0m     at processTicksAndRejections (node:internal/process/task_queues:95:5)
[debug] &amp#27;[38;5;32m[AndroidUiautomator2Driver@65e3 (adbda647)]&amp#27;[0m     at AndroidUiautomator2Driver.findElOrElsWithProcessing (C:\Users\Rafael\AppData\Roaming\npm\node_modules\appium\node_modules\@appium\base-driver\lib\basedriver\commands\find.ts:66:14)
[debug] &amp#27;[38;5;32m[AndroidUiautomator2Driver@65e3 (adbda647)]&amp#27;[0m     at AndroidUiautomator2Driver.findElement (C:\Users\Rafael\AppData\Roaming\npm\node_modules\appium\node_modules\@appium\base-driver\lib\basedriver\commands\find.ts:13:12)
&amp#27;[38;5;0m[HTTP]&amp#27;[0m &amp#27;[37m<-- POST /session/adbda647-3ea9-4582-9843-05e58d783ca2/element &amp#27;[39m&amp#27;[33m404&amp#27;[39m &amp#27;[90m294 ms - 893&amp#27;[39m
&amp#27;[38;5;0m[HTTP]&amp#27;[0m &amp#27;[90m&amp#27;[39m
&amp#27;[38;5;0m[HTTP]&amp#27;[0m &amp#27;[37m-->&amp#27;[39m &amp#27;[37mPOST&amp#27;[39m &amp#27;[37m/session/adbda647-3ea9-4582-9843-05e58d783ca2/element&amp#27;[39m
&amp#27;[38;5;0m[HTTP]&amp#27;[0m &amp#27;[90m{"using":"accessibility id","value":"test-Username"}&amp#27;[39m
[debug] &amp#27;[38;5;32m[AndroidUiautomator2Driver@65e3 (adbda647)]&amp#27;[0m Calling AppiumDriver.findElement() with args: ["accessibility id","test-Username","adbda647-3ea9-4582-9843-05e58d783ca2"]
[debug] &amp#27;[38;5;32m[AndroidUiautomator2Driver@65e3 (adbda647)]&amp#27;[0m Valid locator strategies for this request: xpath, id, class name, accessibility id, css selector, -android uiautomator
[debug] &amp#27;[38;5;32m[AndroidUiautomator2Driver@65e3 (adbda647)]&amp#27;[0m Waiting up to 0 ms for condition
[debug] &amp#27;[38;5;32m[AndroidUiautomator2Driver@65e3 (adbda647)]&amp#27;[0m Matched '/element' to command name 'findElement'
[debug] &amp#27;[38;5;32m[AndroidUiautomator2Driver@65e3 (adbda647)]&amp#27;[0m Proxying [POST /element] to [POST http://127.0.0.1:8200/session/f72f72fc-85cf-4a41-afa1-ac7920deb75c/element] with body: {"strategy":"accessibility id","selector":"test-Username","context":"","multiple":false}
&amp#27;[38;5;32m[AndroidUiautomator2Driver@65e3 (adbda647)]&amp#27;[0m Got response with status 404: {"sessionId":"f72f72fc-85cf-4a41-afa1-ac7920deb75c","value":{"error":"no such element","message":"An element could not be located on the page using the given search parameters","stacktrace":"io.appium.uiautomator2.common.exceptions.ElementNotFoundException: An element could not be located on the page using the given search parameters\n\tat io.appium.uiautomator2.handler.FindElement.safeHandle(FindElement.java:70)\n\tat io.appium.uiautomator2.handler.request.SafeRequestHandler.handle(SafeRequestHandler.java:59)\n\tat io.appium.uiautomator2.server.AppiumServlet.handleRequest(AppiumServlet.java:270)\n\tat io.appium.uiautomator2.server.AppiumServlet.handleHttpRequest(AppiumServlet.java:264)\n\tat io.appium.uiautomator2.http.ServerHandler.channelRead(ServerHandler.java:68)\n\tat io.netty.channel.AbstractChannelHandlerContext.invokeChannelRead(AbstractChannelHandlerContext.java:366)\n\tat io.netty.channel.AbstractChannelHandlerContext.invokeChannelRead(AbstractChannelHandlerContext.java:352)\n\tat io.netty.chann...
[debug] &amp#27;[38;5;128m[W3C]&amp#27;[0m Matched W3C error code 'no such element' to NoSuchElementError
[debug] &amp#27;[38;5;32m[AndroidUiautomator2Driver@65e3 (adbda647)]&amp#27;[0m Encountered internal error running command: NoSuchElementError: An element could not be located on the page using the given search parameters.
[debug] &amp#27;[38;5;32m[AndroidUiautomator2Driver@65e3 (adbda647)]&amp#27;[0m     at AndroidUiautomator2Driver.findElOrEls (C:\Users\Rafael\.appium\node_modules\appium-uiautomator2-driver\node_modules\appium-android-driver\lib\commands\find.js:75:11)
[debug] &amp#27;[38;5;32m[AndroidUiautomator2Driver@65e3 (adbda647)]&amp#27;[0m     at processTicksAndRejections (node:internal/process/task_queues:95:5)
[debug] &amp#27;[38;5;32m[AndroidUiautomator2Driver@65e3 (adbda647)]&amp#27;[0m     at AndroidUiautomator2Driver.findElOrElsWithProcessing (C:\Users\Rafael\AppData\Roaming\npm\node_modules\appium\node_modules\@appium\base-driver\lib\basedriver\commands\find.ts:66:14)
[debug] &amp#27;[38;5;32m[AndroidUiautomator2Driver@65e3 (adbda647)]&amp#27;[0m     at AndroidUiautomator2Driver.findElement (C:\Users\Rafael\AppData\Roaming\npm\node_modules\appium\node_modules\@appium\base-driver\lib\basedriver\commands\find.ts:13:12)
&amp#27;[38;5;0m[HTTP]&amp#27;[0m &amp#27;[37m<-- POST /session/adbda647-3ea9-4582-9843-05e58d783ca2/element &amp#27;[39m&amp#27;[33m404&amp#27;[39m &amp#27;[90m72 ms - 893&amp#27;[39m
&amp#27;[38;5;0m[HTTP]&amp#27;[0m &amp#27;[90m&amp#27;[39m
&amp#27;[38;5;0m[HTTP]&amp#27;[0m &amp#27;[37m-->&amp#27;[39m &amp#27;[37mPOST&amp#27;[39m &amp#27;[37m/session/adbda647-3ea9-4582-9843-05e58d783ca2/element&amp#27;[39m
&amp#27;[38;5;0m[HTTP]&amp#27;[0m &amp#27;[90m{"using":"accessibility id","value":"test-Username"}&amp#27;[39m
[debug] &amp#27;[38;5;32m[AndroidUiautomator2Driver@65e3 (adbda647)]&amp#27;[0m Calling AppiumDriver.findElement() with args: ["accessibility id","test-Username","adbda647-3ea9-4582-9843-05e58d783ca2"]
[debug] &amp#27;[38;5;32m[AndroidUiautomator2Driver@65e3 (adbda647)]&amp#27;[0m Valid locator strategies for this request: xpath, id, class name, accessibility id, css selector, -android uiautomator
[debug] &amp#27;[38;5;32m[AndroidUiautomator2Driver@65e3 (adbda647)]&amp#27;[0m Waiting up to 0 ms for condition
[debug] &amp#27;[38;5;32m[AndroidUiautomator2Driver@65e3 (adbda647)]&amp#27;[0m Matched '/element' to command name 'findElement'
[debug] &amp#27;[38;5;32m[AndroidUiautomator2Driver@65e3 (adbda647)]&amp#27;[0m Proxying [POST /element] to [POST http://127.0.0.1:8200/session/f72f72fc-85cf-4a41-afa1-ac7920deb75c/element] with body: {"strategy":"accessibility id","selector":"test-Username","context":"","multiple":false}
&amp#27;[38;5;32m[AndroidUiautomator2Driver@65e3 (adbda647)]&amp#27;[0m Got response with status 404: {"sessionId":"f72f72fc-85cf-4a41-afa1-ac7920deb75c","value":{"error":"no such element","message":"An element could not be located on the page using the given search parameters","stacktrace":"io.appium.uiautomator2.common.exceptions.ElementNotFoundException: An element could not be located on the page using the given search parameters\n\tat io.appium.uiautomator2.handler.FindElement.safeHandle(FindElement.java:70)\n\tat io.appium.uiautomator2.handler.request.SafeRequestHandler.handle(SafeRequestHandler.java:59)\n\tat io.appium.uiautomator2.server.AppiumServlet.handleRequest(AppiumServlet.java:270)\n\tat io.appium.uiautomator2.server.AppiumServlet.handleHttpRequest(AppiumServlet.java:264)\n\tat io.appium.uiautomator2.http.ServerHandler.channelRead(ServerHandler.java:68)\n\tat io.netty.channel.AbstractChannelHandlerContext.invokeChannelRead(AbstractChannelHandlerContext.java:366)\n\tat io.netty.channel.AbstractChannelHandlerContext.invokeChannelRead(AbstractChannelHandlerContext.java:352)\n\tat io.netty.chann...
[debug] &amp#27;[38;5;128m[W3C]&amp#27;[0m Matched W3C error code 'no such element' to NoSuchElementError
[debug] &amp#27;[38;5;32m[AndroidUiautomator2Driver@65e3 (adbda647)]&amp#27;[0m Encountered internal error running command: NoSuchElementError: An element could not be located on the page using the given search parameters.
[debug] &amp#27;[38;5;32m[AndroidUiautomator2Driver@65e3 (adbda647)]&amp#27;[0m     at AndroidUiautomator2Driver.findElOrEls (C:\Users\Rafael\.appium\node_modules\appium-uiautomator2-driver\node_modules\appium-android-driver\lib\commands\find.js:75:11)
[debug] &amp#27;[38;5;32m[AndroidUiautomator2Driver@65e3 (adbda647)]&amp#27;[0m     at processTicksAndRejections (node:internal/process/task_queues:95:5)
[debug] &amp#27;[38;5;32m[AndroidUiautomator2Driver@65e3 (adbda647)]&amp#27;[0m     at AndroidUiautomator2Driver.findElOrElsWithProcessing (C:\Users\Rafael\AppData\Roaming\npm\node_modules\appium\node_modules\@appium\base-driver\lib\basedriver\commands\find.ts:66:14)
[debug] &amp#27;[38;5;32m[AndroidUiautomator2Driver@65e3 (adbda647)]&amp#27;[0m     at AndroidUiautomator2Driver.findElement (C:\Users\Rafael\AppData\Roaming\npm\node_modules\appium\node_modules\@appium\base-driver\lib\basedriver\commands\find.ts:13:12)
&amp#27;[38;5;0m[HTTP]&amp#27;[0m &amp#27;[37m<-- POST /session/adbda647-3ea9-4582-9843-05e58d783ca2/element &amp#27;[39m&amp#27;[33m404&amp#27;[39m &amp#27;[90m73 ms - 893&amp#27;[39m
&amp#27;[38;5;0m[HTTP]&amp#27;[0m &amp#27;[90m&amp#27;[39m
&amp#27;[38;5;0m[HTTP]&amp#27;[0m &amp#27;[37m-->&amp#27;[39m &amp#27;[37mPOST&amp#27;[39m &amp#27;[37m/session/adbda647-3ea9-4582-9843-05e58d783ca2/element&amp#27;[39m
&amp#27;[38;5;0m[HTTP]&amp#27;[0m &amp#27;[90m{"using":"accessibility id","value":"test-Username"}&amp#27;[39m
[debug] &amp#27;[38;5;32m[AndroidUiautomator2Driver@65e3 (adbda647)]&amp#27;[0m Calling AppiumDriver.findElement() with args: ["accessibility id","test-Username","adbda647-3ea9-4582-9843-05e58d783ca2"]
[debug] &amp#27;[38;5;32m[AndroidUiautomator2Driver@65e3 (adbda647)]&amp#27;[0m Valid locator strategies for this request: xpath, id, class name, accessibility id, css selector, -android uiautomator
[debug] &amp#27;[38;5;32m[AndroidUiautomator2Driver@65e3 (adbda647)]&amp#27;[0m Waiting up to 0 ms for condition
[debug] &amp#27;[38;5;32m[AndroidUiautomator2Driver@65e3 (adbda647)]&amp#27;[0m Matched '/element' to command name 'findElement'
[debug] &amp#27;[38;5;32m[AndroidUiautomator2Driver@65e3 (adbda647)]&amp#27;[0m Proxying [POST /element] to [POST http://127.0.0.1:8200/session/f72f72fc-85cf-4a41-afa1-ac7920deb75c/element] with body: {"strategy":"accessibility id","selector":"test-Username","context":"","multiple":false}
&amp#27;[38;5;32m[AndroidUiautomator2Driver@65e3 (adbda647)]&amp#27;[0m Got response with status 404: {"sessionId":"f72f72fc-85cf-4a41-afa1-ac7920deb75c","value":{"error":"no such element","message":"An element could not be located on the page using the given search parameters","stacktrace":"io.appium.uiautomator2.common.exceptions.ElementNotFoundException: An element could not be located on the page using the given search parameters\n\tat io.appium.uiautomator2.handler.FindElement.safeHandle(FindElement.java:70)\n\tat io.appium.uiautomator2.handler.request.SafeRequestHandler.handle(SafeRequestHandler.java:59)\n\tat io.appium.uiautomator2.server.AppiumServlet.handleRequest(AppiumServlet.java:270)\n\tat io.appium.uiautomator2.server.AppiumServlet.handleHttpRequest(AppiumServlet.java:264)\n\tat io.appium.uiautomator2.http.ServerHandler.channelRead(ServerHandler.java:68)\n\tat io.netty.channel.AbstractChannelHandlerContext.invokeChannelRead(AbstractChannelHandlerContext.java:366)\n\tat io.netty.channel.AbstractChannelHandlerContext.invokeChannelRead(AbstractChannelHandlerContext.java:352)\n\tat io.netty.chann...
[debug] &amp#27;[38;5;128m[W3C]&amp#27;[0m Matched W3C error code 'no such element' to NoSuchElementError
[debug] &amp#27;[38;5;32m[AndroidUiautomator2Driver@65e3 (adbda647)]&amp#27;[0m Encountered internal error running command: NoSuchElementError: An element could not be located on the page using the given search parameters.
[debug] &amp#27;[38;5;32m[AndroidUiautomator2Driver@65e3 (adbda647)]&amp#27;[0m     at AndroidUiautomator2Driver.findElOrEls (C:\Users\Rafael\.appium\node_modules\appium-uiautomator2-driver\node_modules\appium-android-driver\lib\commands\find.js:75:11)
[debug] &amp#27;[38;5;32m[AndroidUiautomator2Driver@65e3 (adbda647)]&amp#27;[0m     at processTicksAndRejections (node:internal/process/task_queues:95:5)
[debug] &amp#27;[38;5;32m[AndroidUiautomator2Driver@65e3 (adbda647)]&amp#27;[0m     at AndroidUiautomator2Driver.findElOrElsWithProcessing (C:\Users\Rafael\AppData\Roaming\npm\node_modules\appium\node_modules\@appium\base-driver\lib\basedriver\commands\find.ts:66:14)
[debug] &amp#27;[38;5;32m[AndroidUiautomator2Driver@65e3 (adbda647)]&amp#27;[0m     at AndroidUiautomator2Driver.findElement (C:\Users\Rafael\AppData\Roaming\npm\node_modules\appium\node_modules\@appium\base-driver\lib\basedriver\commands\find.ts:13:12)
&amp#27;[38;5;0m[HTTP]&amp#27;[0m &amp#27;[37m<-- POST /session/adbda647-3ea9-4582-9843-05e58d783ca2/element &amp#27;[39m&amp#27;[33m404&amp#27;[39m &amp#27;[90m73 ms - 893&amp#27;[39m
&amp#27;[38;5;0m[HTTP]&amp#27;[0m &amp#27;[90m&amp#27;[39m
&amp#27;[38;5;0m[HTTP]&amp#27;[0m &amp#27;[37m-->&amp#27;[39m &amp#27;[37mGET&amp#27;[39m &amp#27;[37m/session/adbda647-3ea9-4582-9843-05e58d783ca2/context&amp#27;[39m
&amp#27;[38;5;0m[HTTP]&amp#27;[0m &amp#27;[90m{}&amp#27;[39m
[debug] &amp#27;[38;5;32m[AndroidUiautomator2Driver@65e3 (adbda647)]&amp#27;[0m Calling AppiumDriver.getCurrentContext() with args: ["adbda647-3ea9-4582-9843-05e58d783ca2"]
[debug] &amp#27;[38;5;32m[AndroidUiautomator2Driver@65e3 (adbda647)]&amp#27;[0m Responding to client with driver.getCurrentContext() result: "NATIVE_APP"
&amp#27;[38;5;0m[HTTP]&amp#27;[0m &amp#27;[37m<-- GET /session/adbda647-3ea9-4582-9843-05e58d783ca2/context &amp#27;[39m&amp#27;[32m200&amp#27;[39m &amp#27;[90m1 ms - 22&amp#27;[39m
&amp#27;[38;5;0m[HTTP]&amp#27;[0m &amp#27;[90m&amp#27;[39m
&amp#27;[38;5;0m[HTTP]&amp#27;[0m &amp#27;[37m-->&amp#27;[39m &amp#27;[37mPOST&amp#27;[39m &amp#27;[37m/session/adbda647-3ea9-4582-9843-05e58d783ca2/element&amp#27;[39m
&amp#27;[38;5;0m[HTTP]&amp#27;[0m &amp#27;[90m{"using":"accessibility id","value":"test-Username"}&amp#27;[39m
[debug] &amp#27;[38;5;32m[AndroidUiautomator2Driver@65e3 (adbda647)]&amp#27;[0m Calling AppiumDriver.findElement() with args: ["accessibility id","test-Username","adbda647-3ea9-4582-9843-05e58d783ca2"]
[debug] &amp#27;[38;5;32m[AndroidUiautomator2Driver@65e3 (adbda647)]&amp#27;[0m Valid locator strategies for this request: xpath, id, class name, accessibility id, css selector, -android uiautomator
[debug] &amp#27;[38;5;32m[AndroidUiautomator2Driver@65e3 (adbda647)]&amp#27;[0m Waiting up to 0 ms for condition
[debug] &amp#27;[38;5;32m[AndroidUiautomator2Driver@65e3 (adbda647)]&amp#27;[0m Matched '/element' to command name 'findElement'
[debug] &amp#27;[38;5;32m[AndroidUiautomator2Driver@65e3 (adbda647)]&amp#27;[0m Proxying [POST /element] to [POST http://127.0.0.1:8200/session/f72f72fc-85cf-4a41-afa1-ac7920deb75c/element] with body: {"strategy":"accessibility id","selector":"test-Username","context":"","multiple":false}
[debug] &amp#27;[38;5;32m[AndroidUiautomator2Driver@65e3 (adbda647)]&amp#27;[0m Got response with status 200: {"sessionId":"f72f72fc-85cf-4a41-afa1-ac7920deb75c","value":{"ELEMENT":"00000000-0000-0013-ffff-ffff0000002e","element-6066-11e4-a52e-4f735466cecf":"00000000-0000-0013-ffff-ffff0000002e"}}
[debug] &amp#27;[38;5;32m[AndroidUiautomator2Driver@65e3 (adbda647)]&amp#27;[0m Responding to client with driver.findElement() result: {"element-6066-11e4-a52e-4f735466cecf":"00000000-0000-0013-ffff-ffff0000002e","ELEMENT":"00000000-0000-0013-ffff-ffff0000002e"}
&amp#27;[38;5;0m[HTTP]&amp#27;[0m &amp#27;[37m<-- POST /session/adbda647-3ea9-4582-9843-05e58d783ca2/element &amp#27;[39m&amp#27;[32m200&amp#27;[39m &amp#27;[90m449 ms - 137&amp#27;[39m
&amp#27;[38;5;0m[HTTP]&amp#27;[0m &amp#27;[90m&amp#27;[39m
&amp#27;[38;5;0m[HTTP]&amp#27;[0m &amp#27;[37m-->&amp#27;[39m &amp#27;[37mGET&amp#27;[39m &amp#27;[37m/session/adbda647-3ea9-4582-9843-05e58d783ca2/element/00000000-0000-0013-ffff-ffff0000002e/displayed&amp#27;[39m
&amp#27;[38;5;0m[HTTP]&amp#27;[0m &amp#27;[90m{}&amp#27;[39m
[debug] &amp#27;[38;5;32m[AndroidUiautomator2Driver@65e3 (adbda647)]&amp#27;[0m Calling AppiumDriver.elementDisplayed() with args: ["00000000-0000-0013-ffff-ffff0000002e","adbda647-3ea9-4582-9843-05e58d783ca2"]
[debug] &amp#27;[38;5;32m[AndroidUiautomator2Driver@65e3 (adbda647)]&amp#27;[0m Matched '/element/00000000-0000-0013-ffff-ffff0000002e/attribute/displayed' to command name 'getAttribute'
[debug] &amp#27;[38;5;32m[AndroidUiautomator2Driver@65e3 (adbda647)]&amp#27;[0m Proxying [GET /element/00000000-0000-0013-ffff-ffff0000002e/attribute/displayed] to [GET http://127.0.0.1:8200/session/f72f72fc-85cf-4a41-afa1-ac7920deb75c/element/00000000-0000-0013-ffff-ffff0000002e/attribute/displayed] with no body
[debug] &amp#27;[38;5;32m[AndroidUiautomator2Driver@65e3 (adbda647)]&amp#27;[0m Got response with status 200: {"sessionId":"f72f72fc-85cf-4a41-afa1-ac7920deb75c","value":"true"}
[debug] &amp#27;[38;5;32m[AndroidUiautomator2Driver@65e3 (adbda647)]&amp#27;[0m Responding to client with driver.elementDisplayed() result: true
&amp#27;[38;5;0m[HTTP]&amp#27;[0m &amp#27;[37m<-- GET /session/adbda647-3ea9-4582-9843-05e58d783ca2/element/00000000-0000-0013-ffff-ffff0000002e/displayed &amp#27;[39m&amp#27;[32m200&amp#27;[39m &amp#27;[90m37 ms - 14&amp#27;[39m
&amp#27;[38;5;0m[HTTP]&amp#27;[0m &amp#27;[90m&amp#27;[39m
&amp#27;[38;5;0m[HTTP]&amp#27;[0m &amp#27;[37m-->&amp#27;[39m &amp#27;[37mGET&amp#27;[39m &amp#27;[37m/session/adbda647-3ea9-4582-9843-05e58d783ca2/context&amp#27;[39m
&amp#27;[38;5;0m[HTTP]&amp#27;[0m &amp#27;[90m{}&amp#27;[39m
[debug] &amp#27;[38;5;32m[AndroidUiautomator2Driver@65e3 (adbda647)]&amp#27;[0m Calling AppiumDriver.getCurrentContext() with args: ["adbda647-3ea9-4582-9843-05e58d783ca2"]
[debug] &amp#27;[38;5;32m[AndroidUiautomator2Driver@65e3 (adbda647)]&amp#27;[0m Responding to client with driver.getCurrentContext() result: "NATIVE_APP"
&amp#27;[38;5;0m[HTTP]&amp#27;[0m &amp#27;[37m<-- GET /session/adbda647-3ea9-4582-9843-05e58d783ca2/context &amp#27;[39m&amp#27;[32m200&amp#27;[39m &amp#27;[90m2 ms - 22&amp#27;[39m
&amp#27;[38;5;0m[HTTP]&amp#27;[0m &amp#27;[90m&amp#27;[39m
&amp#27;[38;5;0m[HTTP]&amp#27;[0m &amp#27;[37m-->&amp#27;[39m &amp#27;[37mPOST&amp#27;[39m &amp#27;[37m/session/adbda647-3ea9-4582-9843-05e58d783ca2/element&amp#27;[39m
&amp#27;[38;5;0m[HTTP]&amp#27;[0m &amp#27;[90m{"using":"accessibility id","value":"test-Username"}&amp#27;[39m
[debug] &amp#27;[38;5;32m[AndroidUiautomator2Driver@65e3 (adbda647)]&amp#27;[0m Calling AppiumDriver.findElement() with args: ["accessibility id","test-Username","adbda647-3ea9-4582-9843-05e58d783ca2"]
[debug] &amp#27;[38;5;32m[AndroidUiautomator2Driver@65e3 (adbda647)]&amp#27;[0m Valid locator strategies for this request: xpath, id, class name, accessibility id, css selector, -android uiautomator
[debug] &amp#27;[38;5;32m[AndroidUiautomator2Driver@65e3 (adbda647)]&amp#27;[0m Waiting up to 0 ms for condition
[debug] &amp#27;[38;5;32m[AndroidUiautomator2Driver@65e3 (adbda647)]&amp#27;[0m Matched '/element' to command name 'findElement'
[debug] &amp#27;[38;5;32m[AndroidUiautomator2Driver@65e3 (adbda647)]&amp#27;[0m Proxying [POST /element] to [POST http://127.0.0.1:8200/session/f72f72fc-85cf-4a41-afa1-ac7920deb75c/element] with body: {"strategy":"accessibility id","selector":"test-Username","context":"","multiple":false}
[debug] &amp#27;[38;5;32m[AndroidUiautomator2Driver@65e3 (adbda647)]&amp#27;[0m Got response with status 200: {"sessionId":"f72f72fc-85cf-4a41-afa1-ac7920deb75c","value":{"ELEMENT":"00000000-0000-0013-ffff-ffff0000002e","element-6066-11e4-a52e-4f735466cecf":"00000000-0000-0013-ffff-ffff0000002e"}}
[debug] &amp#27;[38;5;32m[AndroidUiautomator2Driver@65e3 (adbda647)]&amp#27;[0m Responding to client with driver.findElement() result: {"element-6066-11e4-a52e-4f735466cecf":"00000000-0000-0013-ffff-ffff0000002e","ELEMENT":"00000000-0000-0013-ffff-ffff0000002e"}
&amp#27;[38;5;0m[HTTP]&amp#27;[0m &amp#27;[37m<-- POST /session/adbda647-3ea9-4582-9843-05e58d783ca2/element &amp#27;[39m&amp#27;[32m200&amp#27;[39m &amp#27;[90m106 ms - 137&amp#27;[39m
&amp#27;[38;5;0m[HTTP]&amp#27;[0m &amp#27;[90m&amp#27;[39m
&amp#27;[38;5;0m[HTTP]&amp#27;[0m &amp#27;[37m-->&amp#27;[39m &amp#27;[37mPOST&amp#27;[39m &amp#27;[37m/session/adbda647-3ea9-4582-9843-05e58d783ca2/element/00000000-0000-0013-ffff-ffff0000002e/value&amp#27;[39m
&amp#27;[38;5;0m[HTTP]&amp#27;[0m &amp#27;[90m{"id":"00000000-0000-0013-ffff-ffff0000002e","text":"standard_user","value":["s","t","a","n","d","a","r","d","_","u","s","e","r"]}&amp#27;[39m
[debug] &amp#27;[38;5;32m[AndroidUiautomator2Driver@65e3 (adbda647)]&amp#27;[0m Calling AppiumDriver.setValue() with args: [["s","t","a","n","d","a","r","d","_","u","s","e","r"],"00000000-0000-0013-ffff-ffff0000002e","adbda647-3ea9-4582-9843-05e58d783ca2"]
[debug] &amp#27;[38;5;32m[AndroidUiautomator2Driver@65e3 (adbda647)]&amp#27;[0m Matched '/element/00000000-0000-0013-ffff-ffff0000002e/value' to command name 'setValue'
[debug] &amp#27;[38;5;32m[AndroidUiautomator2Driver@65e3 (adbda647)]&amp#27;[0m Added 'value' property ["s","t","a","n","d","a","r","d","_","u","s","e","r"] to 'setValue' request body
[debug] &amp#27;[38;5;32m[AndroidUiautomator2Driver@65e3 (adbda647)]&amp#27;[0m Proxying [POST /element/00000000-0000-0013-ffff-ffff0000002e/value] to [POST http://127.0.0.1:8200/session/f72f72fc-85cf-4a41-afa1-ac7920deb75c/element/00000000-0000-0013-ffff-ffff0000002e/value] with body: {"elementId":"00000000-0000-0013-ffff-ffff0000002e","text":"standard_user","replace":false,"value":["s","t","a","n","d","a","r","d","_","u","s","e","r"]}
[debug] &amp#27;[38;5;32m[AndroidUiautomator2Driver@65e3 (adbda647)]&amp#27;[0m Got response with status 200: {"sessionId":"f72f72fc-85cf-4a41-afa1-ac7920deb75c","value":null}
[debug] &amp#27;[38;5;32m[AndroidUiautomator2Driver@65e3 (adbda647)]&amp#27;[0m Responding to client with driver.setValue() result: null
&amp#27;[38;5;0m[HTTP]&amp#27;[0m &amp#27;[37m<-- POST /session/adbda647-3ea9-4582-9843-05e58d783ca2/element/00000000-0000-0013-ffff-ffff0000002e/value &amp#27;[39m&amp#27;[32m200&amp#27;[39m &amp#27;[90m106 ms - 14&amp#27;[39m
&amp#27;[38;5;0m[HTTP]&amp#27;[0m &amp#27;[90m&amp#27;[39m
&amp#27;[38;5;0m[HTTP]&amp#27;[0m &amp#27;[37m-->&amp#27;[39m &amp#27;[37mGET&amp#27;[39m &amp#27;[37m/session/adbda647-3ea9-4582-9843-05e58d783ca2/context&amp#27;[39m
&amp#27;[38;5;0m[HTTP]&amp#27;[0m &amp#27;[90m{}&amp#27;[39m
[debug] &amp#27;[38;5;32m[AndroidUiautomator2Driver@65e3 (adbda647)]&amp#27;[0m Calling AppiumDriver.getCurrentContext() with args: ["adbda647-3ea9-4582-9843-05e58d783ca2"]
[debug] &amp#27;[38;5;32m[AndroidUiautomator2Driver@65e3 (adbda647)]&amp#27;[0m Responding to client with driver.getCurrentContext() result: "NATIVE_APP"
&amp#27;[38;5;0m[HTTP]&amp#27;[0m &amp#27;[37m<-- GET /session/adbda647-3ea9-4582-9843-05e58d783ca2/context &amp#27;[39m&amp#27;[32m200&amp#27;[39m &amp#27;[90m1 ms - 22&amp#27;[39m
&amp#27;[38;5;0m[HTTP]&amp#27;[0m &amp#27;[90m&amp#27;[39m
&amp#27;[38;5;0m[HTTP]&amp#27;[0m &amp#27;[37m-->&amp#27;[39m &amp#27;[37mPOST&amp#27;[39m &amp#27;[37m/session/adbda647-3ea9-4582-9843-05e58d783ca2/element&amp#27;[39m
&amp#27;[38;5;0m[HTTP]&amp#27;[0m &amp#27;[90m{"using":"accessibility id","value":"test-Password"}&amp#27;[39m
[debug] &amp#27;[38;5;32m[AndroidUiautomator2Driver@65e3 (adbda647)]&amp#27;[0m Calling AppiumDriver.findElement() with args: ["accessibility id","test-Password","adbda647-3ea9-4582-9843-05e58d783ca2"]
[debug] &amp#27;[38;5;32m[AndroidUiautomator2Driver@65e3 (adbda647)]&amp#27;[0m Valid locator strategies for this request: xpath, id, class name, accessibility id, css selector, -android uiautomator
[debug] &amp#27;[38;5;32m[AndroidUiautomator2Driver@65e3 (adbda647)]&amp#27;[0m Waiting up to 0 ms for condition
[debug] &amp#27;[38;5;32m[AndroidUiautomator2Driver@65e3 (adbda647)]&amp#27;[0m Matched '/element' to command name 'findElement'
[debug] &amp#27;[38;5;32m[AndroidUiautomator2Driver@65e3 (adbda647)]&amp#27;[0m Proxying [POST /element] to [POST http://127.0.0.1:8200/session/f72f72fc-85cf-4a41-afa1-ac7920deb75c/element] with body: {"strategy":"accessibility id","selector":"test-Password","context":"","multiple":false}
[debug] &amp#27;[38;5;32m[AndroidUiautomator2Driver@65e3 (adbda647)]&amp#27;[0m Got response with status 200: {"sessionId":"f72f72fc-85cf-4a41-afa1-ac7920deb75c","value":{"ELEMENT":"00000000-0000-0013-ffff-ffff0000002f","element-6066-11e4-a52e-4f735466cecf":"00000000-0000-0013-ffff-ffff0000002f"}}
[debug] &amp#27;[38;5;32m[AndroidUiautomator2Driver@65e3 (adbda647)]&amp#27;[0m Responding to client with driver.findElement() result: {"element-6066-11e4-a52e-4f735466cecf":"00000000-0000-0013-ffff-ffff0000002f","ELEMENT":"00000000-0000-0013-ffff-ffff0000002f"}
&amp#27;[38;5;0m[HTTP]&amp#27;[0m &amp#27;[37m<-- POST /session/adbda647-3ea9-4582-9843-05e58d783ca2/element &amp#27;[39m&amp#27;[32m200&amp#27;[39m &amp#27;[90m575 ms - 137&amp#27;[39m
&amp#27;[38;5;0m[HTTP]&amp#27;[0m &amp#27;[90m&amp#27;[39m
&amp#27;[38;5;0m[HTTP]&amp#27;[0m &amp#27;[37m-->&amp#27;[39m &amp#27;[37mGET&amp#27;[39m &amp#27;[37m/session/adbda647-3ea9-4582-9843-05e58d783ca2/element/00000000-0000-0013-ffff-ffff0000002f/displayed&amp#27;[39m
&amp#27;[38;5;0m[HTTP]&amp#27;[0m &amp#27;[90m{}&amp#27;[39m
[debug] &amp#27;[38;5;32m[AndroidUiautomator2Driver@65e3 (adbda647)]&amp#27;[0m Calling AppiumDriver.elementDisplayed() with args: ["00000000-0000-0013-ffff-ffff0000002f","adbda647-3ea9-4582-9843-05e58d783ca2"]
[debug] &amp#27;[38;5;32m[AndroidUiautomator2Driver@65e3 (adbda647)]&amp#27;[0m Matched '/element/00000000-0000-0013-ffff-ffff0000002f/attribute/displayed' to command name 'getAttribute'
[debug] &amp#27;[38;5;32m[AndroidUiautomator2Driver@65e3 (adbda647)]&amp#27;[0m Proxying [GET /element/00000000-0000-0013-ffff-ffff0000002f/attribute/displayed] to [GET http://127.0.0.1:8200/session/f72f72fc-85cf-4a41-afa1-ac7920deb75c/element/00000000-0000-0013-ffff-ffff0000002f/attribute/displayed] with no body
[debug] &amp#27;[38;5;32m[AndroidUiautomator2Driver@65e3 (adbda647)]&amp#27;[0m Got response with status 200: {"sessionId":"f72f72fc-85cf-4a41-afa1-ac7920deb75c","value":"true"}
[debug] &amp#27;[38;5;32m[AndroidUiautomator2Driver@65e3 (adbda647)]&amp#27;[0m Responding to client with driver.elementDisplayed() result: true
&amp#27;[38;5;0m[HTTP]&amp#27;[0m &amp#27;[37m<-- GET /session/adbda647-3ea9-4582-9843-05e58d783ca2/element/00000000-0000-0013-ffff-ffff0000002f/displayed &amp#27;[39m&amp#27;[32m200&amp#27;[39m &amp#27;[90m54 ms - 14&amp#27;[39m
&amp#27;[38;5;0m[HTTP]&amp#27;[0m &amp#27;[90m&amp#27;[39m
&amp#27;[38;5;0m[HTTP]&amp#27;[0m &amp#27;[37m-->&amp#27;[39m &amp#27;[37mGET&amp#27;[39m &amp#27;[37m/session/adbda647-3ea9-4582-9843-05e58d783ca2/context&amp#27;[39m
&amp#27;[38;5;0m[HTTP]&amp#27;[0m &amp#27;[90m{}&amp#27;[39m
[debug] &amp#27;[38;5;32m[AndroidUiautomator2Driver@65e3 (adbda647)]&amp#27;[0m Calling AppiumDriver.getCurrentContext() with args: ["adbda647-3ea9-4582-9843-05e58d783ca2"]
[debug] &amp#27;[38;5;32m[AndroidUiautomator2Driver@65e3 (adbda647)]&amp#27;[0m Responding to client with driver.getCurrentContext() result: "NATIVE_APP"
&amp#27;[38;5;0m[HTTP]&amp#27;[0m &amp#27;[37m<-- GET /session/adbda647-3ea9-4582-9843-05e58d783ca2/context &amp#27;[39m&amp#27;[32m200&amp#27;[39m &amp#27;[90m1 ms - 22&amp#27;[39m
&amp#27;[38;5;0m[HTTP]&amp#27;[0m &amp#27;[90m&amp#27;[39m
&amp#27;[38;5;0m[HTTP]&amp#27;[0m &amp#27;[37m-->&amp#27;[39m &amp#27;[37mPOST&amp#27;[39m &amp#27;[37m/session/adbda647-3ea9-4582-9843-05e58d783ca2/element&amp#27;[39m
&amp#27;[38;5;0m[HTTP]&amp#27;[0m &amp#27;[90m{"using":"accessibility id","value":"test-Password"}&amp#27;[39m
[debug] &amp#27;[38;5;32m[AndroidUiautomator2Driver@65e3 (adbda647)]&amp#27;[0m Calling AppiumDriver.findElement() with args: ["accessibility id","test-Password","adbda647-3ea9-4582-9843-05e58d783ca2"]
[debug] &amp#27;[38;5;32m[AndroidUiautomator2Driver@65e3 (adbda647)]&amp#27;[0m Valid locator strategies for this request: xpath, id, class name, accessibility id, css selector, -android uiautomator
[debug] &amp#27;[38;5;32m[AndroidUiautomator2Driver@65e3 (adbda647)]&amp#27;[0m Waiting up to 0 ms for condition
[debug] &amp#27;[38;5;32m[AndroidUiautomator2Driver@65e3 (adbda647)]&amp#27;[0m Matched '/element' to command name 'findElement'
[debug] &amp#27;[38;5;32m[AndroidUiautomator2Driver@65e3 (adbda647)]&amp#27;[0m Proxying [POST /element] to [POST http://127.0.0.1:8200/session/f72f72fc-85cf-4a41-afa1-ac7920deb75c/element] with body: {"strategy":"accessibility id","selector":"test-Password","context":"","multiple":false}
[debug] &amp#27;[38;5;32m[AndroidUiautomator2Driver@65e3 (adbda647)]&amp#27;[0m Got response with status 200: {"sessionId":"f72f72fc-85cf-4a41-afa1-ac7920deb75c","value":{"ELEMENT":"00000000-0000-0013-ffff-ffff0000002f","element-6066-11e4-a52e-4f735466cecf":"00000000-0000-0013-ffff-ffff0000002f"}}
[debug] &amp#27;[38;5;32m[AndroidUiautomator2Driver@65e3 (adbda647)]&amp#27;[0m Responding to client with driver.findElement() result: {"element-6066-11e4-a52e-4f735466cecf":"00000000-0000-0013-ffff-ffff0000002f","ELEMENT":"00000000-0000-0013-ffff-ffff0000002f"}
&amp#27;[38;5;0m[HTTP]&amp#27;[0m &amp#27;[37m<-- POST /session/adbda647-3ea9-4582-9843-05e58d783ca2/element &amp#27;[39m&amp#27;[32m200&amp#27;[39m &amp#27;[90m106 ms - 137&amp#27;[39m
&amp#27;[38;5;0m[HTTP]&amp#27;[0m &amp#27;[90m&amp#27;[39m
&amp#27;[38;5;0m[HTTP]&amp#27;[0m &amp#27;[37m-->&amp#27;[39m &amp#27;[37mPOST&amp#27;[39m &amp#27;[37m/session/adbda647-3ea9-4582-9843-05e58d783ca2/element/00000000-0000-0013-ffff-ffff0000002f/value&amp#27;[39m
&amp#27;[38;5;0m[HTTP]&amp#27;[0m &amp#27;[90m{"id":"00000000-0000-0013-ffff-ffff0000002f","text":"secret_sauce","value":["s","e","c","r","e","t","_","s","a","u","c","e"]}&amp#27;[39m
[debug] &amp#27;[38;5;32m[AndroidUiautomator2Driver@65e3 (adbda647)]&amp#27;[0m Calling AppiumDriver.setValue() with args: [["s","e","c","r","e","t","_","s","a","u","c","e"],"00000000-0000-0013-ffff-ffff0000002f","adbda647-3ea9-4582-9843-05e58d783ca2"]
[debug] &amp#27;[38;5;32m[AndroidUiautomator2Driver@65e3 (adbda647)]&amp#27;[0m Matched '/element/00000000-0000-0013-ffff-ffff0000002f/value' to command name 'setValue'
[debug] &amp#27;[38;5;32m[AndroidUiautomator2Driver@65e3 (adbda647)]&amp#27;[0m Added 'value' property ["s","e","c","r","e","t","_","s","a","u","c","e"] to 'setValue' request body
[debug] &amp#27;[38;5;32m[AndroidUiautomator2Driver@65e3 (adbda647)]&amp#27;[0m Proxying [POST /element/00000000-0000-0013-ffff-ffff0000002f/value] to [POST http://127.0.0.1:8200/session/f72f72fc-85cf-4a41-afa1-ac7920deb75c/element/00000000-0000-0013-ffff-ffff0000002f/value] with body: {"elementId":"00000000-0000-0013-ffff-ffff0000002f","text":"secret_sauce","replace":false,"value":["s","e","c","r","e","t","_","s","a","u","c","e"]}
[debug] &amp#27;[38;5;32m[AndroidUiautomator2Driver@65e3 (adbda647)]&amp#27;[0m Got response with status 200: {"sessionId":"f72f72fc-85cf-4a41-afa1-ac7920deb75c","value":null}
[debug] &amp#27;[38;5;32m[AndroidUiautomator2Driver@65e3 (adbda647)]&amp#27;[0m Responding to client with driver.setValue() result: null
&amp#27;[38;5;0m[HTTP]&amp#27;[0m &amp#27;[37m<-- POST /session/adbda647-3ea9-4582-9843-05e58d783ca2/element/00000000-0000-0013-ffff-ffff0000002f/value &amp#27;[39m&amp#27;[32m200&amp#27;[39m &amp#27;[90m87 ms - 14&amp#27;[39m
&amp#27;[38;5;0m[HTTP]&amp#27;[0m &amp#27;[90m&amp#27;[39m
&amp#27;[38;5;0m[HTTP]&amp#27;[0m &amp#27;[37m-->&amp#27;[39m &amp#27;[37mGET&amp#27;[39m &amp#27;[37m/session/adbda647-3ea9-4582-9843-05e58d783ca2/context&amp#27;[39m
&amp#27;[38;5;0m[HTTP]&amp#27;[0m &amp#27;[90m{}&amp#27;[39m
[debug] &amp#27;[38;5;32m[AndroidUiautomator2Driver@65e3 (adbda647)]&amp#27;[0m Calling AppiumDriver.getCurrentContext() with args: ["adbda647-3ea9-4582-9843-05e58d783ca2"]
[debug] &amp#27;[38;5;32m[AndroidUiautomator2Driver@65e3 (adbda647)]&amp#27;[0m Responding to client with driver.getCurrentContext() result: "NATIVE_APP"
&amp#27;[38;5;0m[HTTP]&amp#27;[0m &amp#27;[37m<-- GET /session/adbda647-3ea9-4582-9843-05e58d783ca2/context &amp#27;[39m&amp#27;[32m200&amp#27;[39m &amp#27;[90m2 ms - 22&amp#27;[39m
&amp#27;[38;5;0m[HTTP]&amp#27;[0m &amp#27;[90m&amp#27;[39m
&amp#27;[38;5;0m[HTTP]&amp#27;[0m &amp#27;[37m-->&amp#27;[39m &amp#27;[37mPOST&amp#27;[39m &amp#27;[37m/session/adbda647-3ea9-4582-9843-05e58d783ca2/element&amp#27;[39m
&amp#27;[38;5;0m[HTTP]&amp#27;[0m &amp#27;[90m{"using":"accessibility id","value":"test-LOGIN"}&amp#27;[39m
[debug] &amp#27;[38;5;32m[AndroidUiautomator2Driver@65e3 (adbda647)]&amp#27;[0m Calling AppiumDriver.findElement() with args: ["accessibility id","test-LOGIN","adbda647-3ea9-4582-9843-05e58d783ca2"]
[debug] &amp#27;[38;5;32m[AndroidUiautomator2Driver@65e3 (adbda647)]&amp#27;[0m Valid locator strategies for this request: xpath, id, class name, accessibility id, css selector, -android uiautomator
[debug] &amp#27;[38;5;32m[AndroidUiautomator2Driver@65e3 (adbda647)]&amp#27;[0m Waiting up to 0 ms for condition
[debug] &amp#27;[38;5;32m[AndroidUiautomator2Driver@65e3 (adbda647)]&amp#27;[0m Matched '/element' to command name 'findElement'
[debug] &amp#27;[38;5;32m[AndroidUiautomator2Driver@65e3 (adbda647)]&amp#27;[0m Proxying [POST /element] to [POST http://127.0.0.1:8200/session/f72f72fc-85cf-4a41-afa1-ac7920deb75c/element] with body: {"strategy":"accessibility id","selector":"test-LOGIN","context":"","multiple":false}
[debug] &amp#27;[38;5;32m[AndroidUiautomator2Driver@65e3 (adbda647)]&amp#27;[0m Got response with status 200: {"sessionId":"f72f72fc-85cf-4a41-afa1-ac7920deb75c","value":{"ELEMENT":"00000000-0000-0013-ffff-ffff0000002b","element-6066-11e4-a52e-4f735466cecf":"00000000-0000-0013-ffff-ffff0000002b"}}
[debug] &amp#27;[38;5;32m[AndroidUiautomator2Driver@65e3 (adbda647)]&amp#27;[0m Responding to client with driver.findElement() result: {"element-6066-11e4-a52e-4f735466cecf":"00000000-0000-0013-ffff-ffff0000002b","ELEMENT":"00000000-0000-0013-ffff-ffff0000002b"}
&amp#27;[38;5;0m[HTTP]&amp#27;[0m &amp#27;[37m<-- POST /session/adbda647-3ea9-4582-9843-05e58d783ca2/element &amp#27;[39m&amp#27;[32m200&amp#27;[39m &amp#27;[90m829 ms - 137&amp#27;[39m
&amp#27;[38;5;0m[HTTP]&amp#27;[0m &amp#27;[90m&amp#27;[39m
&amp#27;[38;5;0m[HTTP]&amp#27;[0m &amp#27;[37m-->&amp#27;[39m &amp#27;[37mGET&amp#27;[39m &amp#27;[37m/session/adbda647-3ea9-4582-9843-05e58d783ca2/element/00000000-0000-0013-ffff-ffff0000002b/displayed&amp#27;[39m
&amp#27;[38;5;0m[HTTP]&amp#27;[0m &amp#27;[90m{}&amp#27;[39m
[debug] &amp#27;[38;5;32m[AndroidUiautomator2Driver@65e3 (adbda647)]&amp#27;[0m Calling AppiumDriver.elementDisplayed() with args: ["00000000-0000-0013-ffff-ffff0000002b","adbda647-3ea9-4582-9843-05e58d783ca2"]
[debug] &amp#27;[38;5;32m[AndroidUiautomator2Driver@65e3 (adbda647)]&amp#27;[0m Matched '/element/00000000-0000-0013-ffff-ffff0000002b/attribute/displayed' to command name 'getAttribute'
[debug] &amp#27;[38;5;32m[AndroidUiautomator2Driver@65e3 (adbda647)]&amp#27;[0m Proxying [GET /element/00000000-0000-0013-ffff-ffff0000002b/attribute/displayed] to [GET http://127.0.0.1:8200/session/f72f72fc-85cf-4a41-afa1-ac7920deb75c/element/00000000-0000-0013-ffff-ffff0000002b/attribute/displayed] with no body
[debug] &amp#27;[38;5;32m[AndroidUiautomator2Driver@65e3 (adbda647)]&amp#27;[0m Got response with status 200: {"sessionId":"f72f72fc-85cf-4a41-afa1-ac7920deb75c","value":"true"}
[debug] &amp#27;[38;5;32m[AndroidUiautomator2Driver@65e3 (adbda647)]&amp#27;[0m Responding to client with driver.elementDisplayed() result: true
&amp#27;[38;5;0m[HTTP]&amp#27;[0m &amp#27;[37m<-- GET /session/adbda647-3ea9-4582-9843-05e58d783ca2/element/00000000-0000-0013-ffff-ffff0000002b/displayed &amp#27;[39m&amp#27;[32m200&amp#27;[39m &amp#27;[90m38 ms - 14&amp#27;[39m
&amp#27;[38;5;0m[HTTP]&amp#27;[0m &amp#27;[90m&amp#27;[39m
&amp#27;[38;5;0m[HTTP]&amp#27;[0m &amp#27;[37m-->&amp#27;[39m &amp#27;[37mGET&amp#27;[39m &amp#27;[37m/session/adbda647-3ea9-4582-9843-05e58d783ca2/context&amp#27;[39m
&amp#27;[38;5;0m[HTTP]&amp#27;[0m &amp#27;[90m{}&amp#27;[39m
[debug] &amp#27;[38;5;32m[AndroidUiautomator2Driver@65e3 (adbda647)]&amp#27;[0m Calling AppiumDriver.getCurrentContext() with args: ["adbda647-3ea9-4582-9843-05e58d783ca2"]
[debug] &amp#27;[38;5;32m[AndroidUiautomator2Driver@65e3 (adbda647)]&amp#27;[0m Responding to client with driver.getCurrentContext() result: "NATIVE_APP"
&amp#27;[38;5;0m[HTTP]&amp#27;[0m &amp#27;[37m<-- GET /session/adbda647-3ea9-4582-9843-05e58d783ca2/context &amp#27;[39m&amp#27;[32m200&amp#27;[39m &amp#27;[90m2 ms - 22&amp#27;[39m
&amp#27;[38;5;0m[HTTP]&amp#27;[0m &amp#27;[90m&amp#27;[39m
&amp#27;[38;5;0m[HTTP]&amp#27;[0m &amp#27;[37m-->&amp#27;[39m &amp#27;[37mPOST&amp#27;[39m &amp#27;[37m/session/adbda647-3ea9-4582-9843-05e58d783ca2/element&amp#27;[39m
&amp#27;[38;5;0m[HTTP]&amp#27;[0m &amp#27;[90m{"using":"accessibility id","value":"test-LOGIN"}&amp#27;[39m
[debug] &amp#27;[38;5;32m[AndroidUiautomator2Driver@65e3 (adbda647)]&amp#27;[0m Calling AppiumDriver.findElement() with args: ["accessibility id","test-LOGIN","adbda647-3ea9-4582-9843-05e58d783ca2"]
[debug] &amp#27;[38;5;32m[AndroidUiautomator2Driver@65e3 (adbda647)]&amp#27;[0m Valid locator strategies for this request: xpath, id, class name, accessibility id, css selector, -android uiautomator
[debug] &amp#27;[38;5;32m[AndroidUiautomator2Driver@65e3 (adbda647)]&amp#27;[0m Waiting up to 0 ms for condition
[debug] &amp#27;[38;5;32m[AndroidUiautomator2Driver@65e3 (adbda647)]&amp#27;[0m Matched '/element' to command name 'findElement'
[debug] &amp#27;[38;5;32m[AndroidUiautomator2Driver@65e3 (adbda647)]&amp#27;[0m Proxying [POST /element] to [POST http://127.0.0.1:8200/session/f72f72fc-85cf-4a41-afa1-ac7920deb75c/element] with body: {"strategy":"accessibility id","selector":"test-LOGIN","context":"","multiple":false}
[debug] &amp#27;[38;5;32m[AndroidUiautomator2Driver@65e3 (adbda647)]&amp#27;[0m Got response with status 200: {"sessionId":"f72f72fc-85cf-4a41-afa1-ac7920deb75c","value":{"ELEMENT":"00000000-0000-0013-ffff-ffff0000002b","element-6066-11e4-a52e-4f735466cecf":"00000000-0000-0013-ffff-ffff0000002b"}}
[debug] &amp#27;[38;5;32m[AndroidUiautomator2Driver@65e3 (adbda647)]&amp#27;[0m Responding to client with driver.findElement() result: {"element-6066-11e4-a52e-4f735466cecf":"00000000-0000-0013-ffff-ffff0000002b","ELEMENT":"00000000-0000-0013-ffff-ffff0000002b"}
&amp#27;[38;5;0m[HTTP]&amp#27;[0m &amp#27;[37m<-- POST /session/adbda647-3ea9-4582-9843-05e58d783ca2/element &amp#27;[39m&amp#27;[32m200&amp#27;[39m &amp#27;[90m116 ms - 137&amp#27;[39m
&amp#27;[38;5;0m[HTTP]&amp#27;[0m &amp#27;[90m&amp#27;[39m
&amp#27;[38;5;0m[HTTP]&amp#27;[0m &amp#27;[37m-->&amp#27;[39m &amp#27;[37mPOST&amp#27;[39m &amp#27;[37m/session/adbda647-3ea9-4582-9843-05e58d783ca2/element/00000000-0000-0013-ffff-ffff0000002b/click&amp#27;[39m
&amp#27;[38;5;0m[HTTP]&amp#27;[0m &amp#27;[90m{"id":"00000000-0000-0013-ffff-ffff0000002b"}&amp#27;[39m
[debug] &amp#27;[38;5;32m[AndroidUiautomator2Driver@65e3 (adbda647)]&amp#27;[0m Calling AppiumDriver.click() with args: ["00000000-0000-0013-ffff-ffff0000002b","adbda647-3ea9-4582-9843-05e58d783ca2"]
[debug] &amp#27;[38;5;32m[AndroidUiautomator2Driver@65e3 (adbda647)]&amp#27;[0m Matched '/element/00000000-0000-0013-ffff-ffff0000002b/click' to command name 'click'
[debug] &amp#27;[38;5;32m[AndroidUiautomator2Driver@65e3 (adbda647)]&amp#27;[0m Proxying [POST /element/00000000-0000-0013-ffff-ffff0000002b/click] to [POST http://127.0.0.1:8200/session/f72f72fc-85cf-4a41-afa1-ac7920deb75c/element/00000000-0000-0013-ffff-ffff0000002b/click] with body: {"element":"00000000-0000-0013-ffff-ffff0000002b"}
[debug] &amp#27;[38;5;32m[AndroidUiautomator2Driver@65e3 (adbda647)]&amp#27;[0m Got response with status 200: {"sessionId":"f72f72fc-85cf-4a41-afa1-ac7920deb75c","value":null}
[debug] &amp#27;[38;5;32m[AndroidUiautomator2Driver@65e3 (adbda647)]&amp#27;[0m Responding to client with driver.click() result: null
&amp#27;[38;5;0m[HTTP]&amp#27;[0m &amp#27;[37m<-- POST /session/adbda647-3ea9-4582-9843-05e58d783ca2/element/00000000-0000-0013-ffff-ffff0000002b/click &amp#27;[39m&amp#27;[32m200&amp#27;[39m &amp#27;[90m80 ms - 14&amp#27;[39m
&amp#27;[38;5;0m[HTTP]&amp#27;[0m &amp#27;[90m&amp#27;[39m
&amp#27;[38;5;0m[HTTP]&amp#27;[0m &amp#27;[37m-->&amp#27;[39m &amp#27;[37mGET&amp#27;[39m &amp#27;[37m/session/adbda647-3ea9-4582-9843-05e58d783ca2/context&amp#27;[39m
&amp#27;[38;5;0m[HTTP]&amp#27;[0m &amp#27;[90m{}&amp#27;[39m
[debug] &amp#27;[38;5;32m[AndroidUiautomator2Driver@65e3 (adbda647)]&amp#27;[0m Calling AppiumDriver.getCurrentContext() with args: ["adbda647-3ea9-4582-9843-05e58d783ca2"]
[debug] &amp#27;[38;5;32m[AndroidUiautomator2Driver@65e3 (adbda647)]&amp#27;[0m Responding to client with driver.getCurrentContext() result: "NATIVE_APP"
&amp#27;[38;5;0m[HTTP]&amp#27;[0m &amp#27;[37m<-- GET /session/adbda647-3ea9-4582-9843-05e58d783ca2/context &amp#27;[39m&amp#27;[32m200&amp#27;[39m &amp#27;[90m1 ms - 22&amp#27;[39m
&amp#27;[38;5;0m[HTTP]&amp#27;[0m &amp#27;[90m&amp#27;[39m
&amp#27;[38;5;0m[HTTP]&amp#27;[0m &amp#27;[37m-->&amp#27;[39m &amp#27;[37mPOST&amp#27;[39m &amp#27;[37m/session/adbda647-3ea9-4582-9843-05e58d783ca2/element&amp#27;[39m
&amp#27;[38;5;0m[HTTP]&amp#27;[0m &amp#27;[90m{"using":"xpath","value":"(//android.widget.TextView[@content-desc=\"test-Item title\"])[1]"}&amp#27;[39m
[debug] &amp#27;[38;5;32m[AndroidUiautomator2Driver@65e3 (adbda647)]&amp#27;[0m Calling AppiumDriver.findElement() with args: ["xpath","(//android.widget.TextView[@content-desc=\"test-Item title\"])[1]","adbda647-3ea9-4582-9843-05e58d783ca2"]
[debug] &amp#27;[38;5;32m[AndroidUiautomator2Driver@65e3 (adbda647)]&amp#27;[0m Valid locator strategies for this request: xpath, id, class name, accessibility id, css selector, -android uiautomator
[debug] &amp#27;[38;5;32m[AndroidUiautomator2Driver@65e3 (adbda647)]&amp#27;[0m Waiting up to 0 ms for condition
[debug] &amp#27;[38;5;32m[AndroidUiautomator2Driver@65e3 (adbda647)]&amp#27;[0m Matched '/element' to command name 'findElement'
[debug] &amp#27;[38;5;32m[AndroidUiautomator2Driver@65e3 (adbda647)]&amp#27;[0m Proxying [POST /element] to [POST http://127.0.0.1:8200/session/f72f72fc-85cf-4a41-afa1-ac7920deb75c/element] with body: {"strategy":"xpath","selector":"(//android.widget.TextView[@content-desc=\"test-Item title\"])[1]","context":"","multiple":false}
[debug] &amp#27;[38;5;32m[AndroidUiautomator2Driver@65e3 (adbda647)]&amp#27;[0m Got response with status 200: {"sessionId":"f72f72fc-85cf-4a41-afa1-ac7920deb75c","value":{"ELEMENT":"00000000-0000-0013-ffff-ffff0000005e","element-6066-11e4-a52e-4f735466cecf":"00000000-0000-0013-ffff-ffff0000005e"}}
[debug] &amp#27;[38;5;32m[AndroidUiautomator2Driver@65e3 (adbda647)]&amp#27;[0m Responding to client with driver.findElement() result: {"element-6066-11e4-a52e-4f735466cecf":"00000000-0000-0013-ffff-ffff0000005e","ELEMENT":"00000000-0000-0013-ffff-ffff0000005e"}
&amp#27;[38;5;0m[HTTP]&amp#27;[0m &amp#27;[37m<-- POST /session/adbda647-3ea9-4582-9843-05e58d783ca2/element &amp#27;[39m&amp#27;[32m200&amp#27;[39m &amp#27;[90m2433 ms - 137&amp#27;[39m
&amp#27;[38;5;0m[HTTP]&amp#27;[0m &amp#27;[90m&amp#27;[39m
&amp#27;[38;5;0m[HTTP]&amp#27;[0m &amp#27;[37m-->&amp#27;[39m &amp#27;[37mGET&amp#27;[39m &amp#27;[37m/session/adbda647-3ea9-4582-9843-05e58d783ca2/element/00000000-0000-0013-ffff-ffff0000005e/displayed&amp#27;[39m
&amp#27;[38;5;0m[HTTP]&amp#27;[0m &amp#27;[90m{}&amp#27;[39m
[debug] &amp#27;[38;5;32m[AndroidUiautomator2Driver@65e3 (adbda647)]&amp#27;[0m Calling AppiumDriver.elementDisplayed() with args: ["00000000-0000-0013-ffff-ffff0000005e","adbda647-3ea9-4582-9843-05e58d783ca2"]
[debug] &amp#27;[38;5;32m[AndroidUiautomator2Driver@65e3 (adbda647)]&amp#27;[0m Matched '/element/00000000-0000-0013-ffff-ffff0000005e/attribute/displayed' to command name 'getAttribute'
[debug] &amp#27;[38;5;32m[AndroidUiautomator2Driver@65e3 (adbda647)]&amp#27;[0m Proxying [GET /element/00000000-0000-0013-ffff-ffff0000005e/attribute/displayed] to [GET http://127.0.0.1:8200/session/f72f72fc-85cf-4a41-afa1-ac7920deb75c/element/00000000-0000-0013-ffff-ffff0000005e/attribute/displayed] with no body
[debug] &amp#27;[38;5;32m[AndroidUiautomator2Driver@65e3 (adbda647)]&amp#27;[0m Got response with status 200: {"sessionId":"f72f72fc-85cf-4a41-afa1-ac7920deb75c","value":"true"}
[debug] &amp#27;[38;5;32m[AndroidUiautomator2Driver@65e3 (adbda647)]&amp#27;[0m Responding to client with driver.elementDisplayed() result: true
&amp#27;[38;5;0m[HTTP]&amp#27;[0m &amp#27;[37m<-- GET /session/adbda647-3ea9-4582-9843-05e58d783ca2/element/00000000-0000-0013-ffff-ffff0000005e/displayed &amp#27;[39m&amp#27;[32m200&amp#27;[39m &amp#27;[90m285 ms - 14&amp#27;[39m
&amp#27;[38;5;0m[HTTP]&amp#27;[0m &amp#27;[90m&amp#27;[39m
&amp#27;[38;5;0m[HTTP]&amp#27;[0m &amp#27;[37m-->&amp#27;[39m &amp#27;[37mGET&amp#27;[39m &amp#27;[37m/session/adbda647-3ea9-4582-9843-05e58d783ca2/context&amp#27;[39m
&amp#27;[38;5;0m[HTTP]&amp#27;[0m &amp#27;[90m{}&amp#27;[39m
[debug] &amp#27;[38;5;32m[AndroidUiautomator2Driver@65e3 (adbda647)]&amp#27;[0m Calling AppiumDriver.getCurrentContext() with args: ["adbda647-3ea9-4582-9843-05e58d783ca2"]
[debug] &amp#27;[38;5;32m[AndroidUiautomator2Driver@65e3 (adbda647)]&amp#27;[0m Responding to client with driver.getCurrentContext() result: "NATIVE_APP"
&amp#27;[38;5;0m[HTTP]&amp#27;[0m &amp#27;[37m<-- GET /session/adbda647-3ea9-4582-9843-05e58d783ca2/context &amp#27;[39m&amp#27;[32m200&amp#27;[39m &amp#27;[90m1 ms - 22&amp#27;[39m
&amp#27;[38;5;0m[HTTP]&amp#27;[0m &amp#27;[90m&amp#27;[39m
&amp#27;[38;5;0m[HTTP]&amp#27;[0m &amp#27;[37m-->&amp#27;[39m &amp#27;[37mPOST&amp#27;[39m &amp#27;[37m/session/adbda647-3ea9-4582-9843-05e58d783ca2/element&amp#27;[39m
&amp#27;[38;5;0m[HTTP]&amp#27;[0m &amp#27;[90m{"using":"xpath","value":"(//android.widget.TextView[@content-desc=\"test-Item title\"])[1]"}&amp#27;[39m
[debug] &amp#27;[38;5;32m[AndroidUiautomator2Driver@65e3 (adbda647)]&amp#27;[0m Calling AppiumDriver.findElement() with args: ["xpath","(//android.widget.TextView[@content-desc=\"test-Item title\"])[1]","adbda647-3ea9-4582-9843-05e58d783ca2"]
[debug] &amp#27;[38;5;32m[AndroidUiautomator2Driver@65e3 (adbda647)]&amp#27;[0m Valid locator strategies for this request: xpath, id, class name, accessibility id, css selector, -android uiautomator
[debug] &amp#27;[38;5;32m[AndroidUiautomator2Driver@65e3 (adbda647)]&amp#27;[0m Waiting up to 0 ms for condition
[debug] &amp#27;[38;5;32m[AndroidUiautomator2Driver@65e3 (adbda647)]&amp#27;[0m Matched '/element' to command name 'findElement'
[debug] &amp#27;[38;5;32m[AndroidUiautomator2Driver@65e3 (adbda647)]&amp#27;[0m Proxying [POST /element] to [POST http://127.0.0.1:8200/session/f72f72fc-85cf-4a41-afa1-ac7920deb75c/element] with body: {"strategy":"xpath","selector":"(//android.widget.TextView[@content-desc=\"test-Item title\"])[1]","context":"","multiple":false}
[debug] &amp#27;[38;5;32m[AndroidUiautomator2Driver@65e3 (adbda647)]&amp#27;[0m Got response with status 200: {"sessionId":"f72f72fc-85cf-4a41-afa1-ac7920deb75c","value":{"ELEMENT":"00000000-0000-0013-ffff-ffff0000005e","element-6066-11e4-a52e-4f735466cecf":"00000000-0000-0013-ffff-ffff0000005e"}}
[debug] &amp#27;[38;5;32m[AndroidUiautomator2Driver@65e3 (adbda647)]&amp#27;[0m Responding to client with driver.findElement() result: {"element-6066-11e4-a52e-4f735466cecf":"00000000-0000-0013-ffff-ffff0000005e","ELEMENT":"00000000-0000-0013-ffff-ffff0000005e"}
&amp#27;[38;5;0m[HTTP]&amp#27;[0m &amp#27;[37m<-- POST /session/adbda647-3ea9-4582-9843-05e58d783ca2/element &amp#27;[39m&amp#27;[32m200&amp#27;[39m &amp#27;[90m704 ms - 137&amp#27;[39m
&amp#27;[38;5;0m[HTTP]&amp#27;[0m &amp#27;[90m&amp#27;[39m
&amp#27;[38;5;0m[HTTP]&amp#27;[0m &amp#27;[37m-->&amp#27;[39m &amp#27;[37mGET&amp#27;[39m &amp#27;[37m/session/adbda647-3ea9-4582-9843-05e58d783ca2/element/00000000-0000-0013-ffff-ffff0000005e/text&amp#27;[39m
&amp#27;[38;5;0m[HTTP]&amp#27;[0m &amp#27;[90m{}&amp#27;[39m
&amp#27;[38;5;32m[AndroidUiautomator2Driver@65e3 (adbda647)]&amp#27;[0m Driver proxy active, passing request on via HTTP proxy
[debug] &amp#27;[38;5;32m[AndroidUiautomator2Driver@65e3 (adbda647)]&amp#27;[0m Matched '/session/adbda647-3ea9-4582-9843-05e58d783ca2/element/00000000-0000-0013-ffff-ffff0000005e/text' to command name 'getText'
[debug] &amp#27;[38;5;32m[AndroidUiautomator2Driver@65e3 (adbda647)]&amp#27;[0m Proxying [GET /session/adbda647-3ea9-4582-9843-05e58d783ca2/element/00000000-0000-0013-ffff-ffff0000005e/text] to [GET http://127.0.0.1:8200/session/f72f72fc-85cf-4a41-afa1-ac7920deb75c/element/00000000-0000-0013-ffff-ffff0000005e/text] with no body
[debug] &amp#27;[38;5;32m[AndroidUiautomator2Driver@65e3 (adbda647)]&amp#27;[0m Got response with status 200: {"sessionId":"f72f72fc-85cf-4a41-afa1-ac7920deb75c","value":"Sauce Labs Backpack"}
&amp#27;[38;5;32m[AndroidUiautomator2Driver@65e3 (adbda647)]&amp#27;[0m Replacing sessionId f72f72fc-85cf-4a41-afa1-ac7920deb75c with adbda647-3ea9-4582-9843-05e58d783ca2
&amp#27;[38;5;0m[HTTP]&amp#27;[0m &amp#27;[37m<-- GET /session/adbda647-3ea9-4582-9843-05e58d783ca2/element/00000000-0000-0013-ffff-ffff0000005e/text &amp#27;[39m&amp#27;[32m200&amp#27;[39m &amp#27;[90m65 ms - 82&amp#27;[39m
&amp#27;[38;5;0m[HTTP]&amp#27;[0m &amp#27;[90m&amp#27;[39m
&amp#27;[38;5;0m[HTTP]&amp#27;[0m &amp#27;[37m-->&amp#27;[39m &amp#27;[37mGET&amp#27;[39m &amp#27;[37m/session/adbda647-3ea9-4582-9843-05e58d783ca2/context&amp#27;[39m
&amp#27;[38;5;0m[HTTP]&amp#27;[0m &amp#27;[90m{}&amp#27;[39m
[debug] &amp#27;[38;5;32m[AndroidUiautomator2Driver@65e3 (adbda647)]&amp#27;[0m Calling AppiumDriver.getCurrentContext() with args: ["adbda647-3ea9-4582-9843-05e58d783ca2"]
[debug] &amp#27;[38;5;32m[AndroidUiautomator2Driver@65e3 (adbda647)]&amp#27;[0m Responding to client with driver.getCurrentContext() result: "NATIVE_APP"
&amp#27;[38;5;0m[HTTP]&amp#27;[0m &amp#27;[37m<-- GET /session/adbda647-3ea9-4582-9843-05e58d783ca2/context &amp#27;[39m&amp#27;[32m200&amp#27;[39m &amp#27;[90m2 ms - 22&amp#27;[39m
&amp#27;[38;5;0m[HTTP]&amp#27;[0m &amp#27;[90m&amp#27;[39m
&amp#27;[38;5;0m[HTTP]&amp#27;[0m &amp#27;[37m-->&amp#27;[39m &amp#27;[37mPOST&amp#27;[39m &amp#27;[37m/session/adbda647-3ea9-4582-9843-05e58d783ca2/element&amp#27;[39m
&amp#27;[38;5;0m[HTTP]&amp#27;[0m &amp#27;[90m{"using":"xpath","value":"(//android.widget.TextView[@content-desc=\"test-Price\"])[1]"}&amp#27;[39m
[debug] &amp#27;[38;5;32m[AndroidUiautomator2Driver@65e3 (adbda647)]&amp#27;[0m Calling AppiumDriver.findElement() with args: ["xpath","(//android.widget.TextView[@content-desc=\"test-Price\"])[1]","adbda647-3ea9-4582-9843-05e58d783ca2"]
[debug] &amp#27;[38;5;32m[AndroidUiautomator2Driver@65e3 (adbda647)]&amp#27;[0m Valid locator strategies for this request: xpath, id, class name, accessibility id, css selector, -android uiautomator
[debug] &amp#27;[38;5;32m[AndroidUiautomator2Driver@65e3 (adbda647)]&amp#27;[0m Waiting up to 0 ms for condition
[debug] &amp#27;[38;5;32m[AndroidUiautomator2Driver@65e3 (adbda647)]&amp#27;[0m Matched '/element' to command name 'findElement'
[debug] &amp#27;[38;5;32m[AndroidUiautomator2Driver@65e3 (adbda647)]&amp#27;[0m Proxying [POST /element] to [POST http://127.0.0.1:8200/session/f72f72fc-85cf-4a41-afa1-ac7920deb75c/element] with body: {"strategy":"xpath","selector":"(//android.widget.TextView[@content-desc=\"test-Price\"])[1]","context":"","multiple":false}
[debug] &amp#27;[38;5;32m[AndroidUiautomator2Driver@65e3 (adbda647)]&amp#27;[0m Got response with status 200: {"sessionId":"f72f72fc-85cf-4a41-afa1-ac7920deb75c","value":{"ELEMENT":"00000000-0000-0013-ffff-ffff00000060","element-6066-11e4-a52e-4f735466cecf":"00000000-0000-0013-ffff-ffff00000060"}}
[debug] &amp#27;[38;5;32m[AndroidUiautomator2Driver@65e3 (adbda647)]&amp#27;[0m Responding to client with driver.findElement() result: {"element-6066-11e4-a52e-4f735466cecf":"00000000-0000-0013-ffff-ffff00000060","ELEMENT":"00000000-0000-0013-ffff-ffff00000060"}
&amp#27;[38;5;0m[HTTP]&amp#27;[0m &amp#27;[37m<-- POST /session/adbda647-3ea9-4582-9843-05e58d783ca2/element &amp#27;[39m&amp#27;[32m200&amp#27;[39m &amp#27;[90m532 ms - 137&amp#27;[39m
&amp#27;[38;5;0m[HTTP]&amp#27;[0m &amp#27;[90m&amp#27;[39m
&amp#27;[38;5;0m[HTTP]&amp#27;[0m &amp#27;[37m-->&amp#27;[39m &amp#27;[37mGET&amp#27;[39m &amp#27;[37m/session/adbda647-3ea9-4582-9843-05e58d783ca2/element/00000000-0000-0013-ffff-ffff00000060/displayed&amp#27;[39m
&amp#27;[38;5;0m[HTTP]&amp#27;[0m &amp#27;[90m{}&amp#27;[39m
[debug] &amp#27;[38;5;32m[AndroidUiautomator2Driver@65e3 (adbda647)]&amp#27;[0m Calling AppiumDriver.elementDisplayed() with args: ["00000000-0000-0013-ffff-ffff00000060","adbda647-3ea9-4582-9843-05e58d783ca2"]
[debug] &amp#27;[38;5;32m[AndroidUiautomator2Driver@65e3 (adbda647)]&amp#27;[0m Matched '/element/00000000-0000-0013-ffff-ffff00000060/attribute/displayed' to command name 'getAttribute'
[debug] &amp#27;[38;5;32m[AndroidUiautomator2Driver@65e3 (adbda647)]&amp#27;[0m Proxying [GET /element/00000000-0000-0013-ffff-ffff00000060/attribute/displayed] to [GET http://127.0.0.1:8200/session/f72f72fc-85cf-4a41-afa1-ac7920deb75c/element/00000000-0000-0013-ffff-ffff00000060/attribute/displayed] with no body
[debug] &amp#27;[38;5;32m[AndroidUiautomator2Driver@65e3 (adbda647)]&amp#27;[0m Got response with status 200: {"sessionId":"f72f72fc-85cf-4a41-afa1-ac7920deb75c","value":"true"}
[debug] &amp#27;[38;5;32m[AndroidUiautomator2Driver@65e3 (adbda647)]&amp#27;[0m Responding to client with driver.elementDisplayed() result: true
&amp#27;[38;5;0m[HTTP]&amp#27;[0m &amp#27;[37m<-- GET /session/adbda647-3ea9-4582-9843-05e58d783ca2/element/00000000-0000-0013-ffff-ffff00000060/displayed &amp#27;[39m&amp#27;[32m200&amp#27;[39m &amp#27;[90m27 ms - 14&amp#27;[39m
&amp#27;[38;5;0m[HTTP]&amp#27;[0m &amp#27;[90m&amp#27;[39m
&amp#27;[38;5;0m[HTTP]&amp#27;[0m &amp#27;[37m-->&amp#27;[39m &amp#27;[37mGET&amp#27;[39m &amp#27;[37m/session/adbda647-3ea9-4582-9843-05e58d783ca2/context&amp#27;[39m
&amp#27;[38;5;0m[HTTP]&amp#27;[0m &amp#27;[90m{}&amp#27;[39m
[debug] &amp#27;[38;5;32m[AndroidUiautomator2Driver@65e3 (adbda647)]&amp#27;[0m Calling AppiumDriver.getCurrentContext() with args: ["adbda647-3ea9-4582-9843-05e58d783ca2"]
[debug] &amp#27;[38;5;32m[AndroidUiautomator2Driver@65e3 (adbda647)]&amp#27;[0m Responding to client with driver.getCurrentContext() result: "NATIVE_APP"
&amp#27;[38;5;0m[HTTP]&amp#27;[0m &amp#27;[37m<-- GET /session/adbda647-3ea9-4582-9843-05e58d783ca2/context &amp#27;[39m&amp#27;[32m200&amp#27;[39m &amp#27;[90m2 ms - 22&amp#27;[39m
&amp#27;[38;5;0m[HTTP]&amp#27;[0m &amp#27;[90m&amp#27;[39m
&amp#27;[38;5;0m[HTTP]&amp#27;[0m &amp#27;[37m-->&amp#27;[39m &amp#27;[37mPOST&amp#27;[39m &amp#27;[37m/session/adbda647-3ea9-4582-9843-05e58d783ca2/element&amp#27;[39m
&amp#27;[38;5;0m[HTTP]&amp#27;[0m &amp#27;[90m{"using":"xpath","value":"(//android.widget.TextView[@content-desc=\"test-Price\"])[1]"}&amp#27;[39m
[debug] &amp#27;[38;5;32m[AndroidUiautomator2Driver@65e3 (adbda647)]&amp#27;[0m Calling AppiumDriver.findElement() with args: ["xpath","(//android.widget.TextView[@content-desc=\"test-Price\"])[1]","adbda647-3ea9-4582-9843-05e58d783ca2"]
[debug] &amp#27;[38;5;32m[AndroidUiautomator2Driver@65e3 (adbda647)]&amp#27;[0m Valid locator strategies for this request: xpath, id, class name, accessibility id, css selector, -android uiautomator
[debug] &amp#27;[38;5;32m[AndroidUiautomator2Driver@65e3 (adbda647)]&amp#27;[0m Waiting up to 0 ms for condition
[debug] &amp#27;[38;5;32m[AndroidUiautomator2Driver@65e3 (adbda647)]&amp#27;[0m Matched '/element' to command name 'findElement'
[debug] &amp#27;[38;5;32m[AndroidUiautomator2Driver@65e3 (adbda647)]&amp#27;[0m Proxying [POST /element] to [POST http://127.0.0.1:8200/session/f72f72fc-85cf-4a41-afa1-ac7920deb75c/element] with body: {"strategy":"xpath","selector":"(//android.widget.TextView[@content-desc=\"test-Price\"])[1]","context":"","multiple":false}
[debug] &amp#27;[38;5;32m[AndroidUiautomator2Driver@65e3 (adbda647)]&amp#27;[0m Got response with status 200: {"sessionId":"f72f72fc-85cf-4a41-afa1-ac7920deb75c","value":{"ELEMENT":"00000000-0000-0013-ffff-ffff00000060","element-6066-11e4-a52e-4f735466cecf":"00000000-0000-0013-ffff-ffff00000060"}}
[debug] &amp#27;[38;5;32m[AndroidUiautomator2Driver@65e3 (adbda647)]&amp#27;[0m Responding to client with driver.findElement() result: {"element-6066-11e4-a52e-4f735466cecf":"00000000-0000-0013-ffff-ffff00000060","ELEMENT":"00000000-0000-0013-ffff-ffff00000060"}
&amp#27;[38;5;0m[HTTP]&amp#27;[0m &amp#27;[37m<-- POST /session/adbda647-3ea9-4582-9843-05e58d783ca2/element &amp#27;[39m&amp#27;[32m200&amp#27;[39m &amp#27;[90m497 ms - 137&amp#27;[39m
&amp#27;[38;5;0m[HTTP]&amp#27;[0m &amp#27;[90m&amp#27;[39m
&amp#27;[38;5;0m[HTTP]&amp#27;[0m &amp#27;[37m-->&amp#27;[39m &amp#27;[37mGET&amp#27;[39m &amp#27;[37m/session/adbda647-3ea9-4582-9843-05e58d783ca2/element/00000000-0000-0013-ffff-ffff00000060/text&amp#27;[39m
&amp#27;[38;5;0m[HTTP]&amp#27;[0m &amp#27;[90m{}&amp#27;[39m
&amp#27;[38;5;32m[AndroidUiautomator2Driver@65e3 (adbda647)]&amp#27;[0m Driver proxy active, passing request on via HTTP proxy
[debug] &amp#27;[38;5;32m[AndroidUiautomator2Driver@65e3 (adbda647)]&amp#27;[0m Matched '/session/adbda647-3ea9-4582-9843-05e58d783ca2/element/00000000-0000-0013-ffff-ffff00000060/text' to command name 'getText'
[debug] &amp#27;[38;5;32m[AndroidUiautomator2Driver@65e3 (adbda647)]&amp#27;[0m Proxying [GET /session/adbda647-3ea9-4582-9843-05e58d783ca2/element/00000000-0000-0013-ffff-ffff00000060/text] to [GET http://127.0.0.1:8200/session/f72f72fc-85cf-4a41-afa1-ac7920deb75c/element/00000000-0000-0013-ffff-ffff00000060/text] with no body
[debug] &amp#27;[38;5;32m[AndroidUiautomator2Driver@65e3 (adbda647)]&amp#27;[0m Got response with status 200: {"sessionId":"f72f72fc-85cf-4a41-afa1-ac7920deb75c","value":"$29.99"}
&amp#27;[38;5;32m[AndroidUiautomator2Driver@65e3 (adbda647)]&amp#27;[0m Replacing sessionId f72f72fc-85cf-4a41-afa1-ac7920deb75c with adbda647-3ea9-4582-9843-05e58d783ca2
&amp#27;[38;5;0m[HTTP]&amp#27;[0m &amp#27;[37m<-- GET /session/adbda647-3ea9-4582-9843-05e58d783ca2/element/00000000-0000-0013-ffff-ffff00000060/text &amp#27;[39m&amp#27;[32m200&amp#27;[39m &amp#27;[90m28 ms - 69&amp#27;[39m
&amp#27;[38;5;0m[HTTP]&amp#27;[0m &amp#27;[90m&amp#27;[39m
]]></system-out>
  </testcase>
</testsuite>