<?xml version="1.0" encoding="UTF-8"?>
<!-- Generated by org.testng.reporters.JUnitReportReporter -->
<testsuite hostname="DESKTOP-1ECDSFV" failures="0" tests="2" name="tests.ProductTests" time="63.656" errors="0" timestamp="2023-08-01T10:26:32 GMT-03:00" skipped="0">
  <testcase classname="tests.ProductTests" name="validateProductOnProductsPage" time="25.164"/>
  <testcase classname="tests.ProductTests" name="validateProductOnProductDetailsPage" time="38.492"/>
</testsuite> <!-- tests.ProductTests -->
